4017, 4123, 0, 45, 2189950, 2189950, 2189955, 2189955, 1, 0, 4.57, 856
4017, 4204, 0, 36, 2194047, 2194047, 2194036, 2194036, 1, 0, 4.57, 855
4017, 4262, 0, 54, 2196834, 2196834, 2196867, 2196867, 1, 0, 4.57, 854
4017, 4086, 0, 37, 2198103, 2198103, 2198125, 2198125, 1, 0, 4.57, 853
4017, 4123, 1, 45, 2209950, 2209950, 2209892, 2209892, 1, 0, 4.59, 852
4017, 4204, 1, 37, 2214047, 2214047, 2214041, 2214041, 1, 0, 4.59, 851
4017, 4262, 1, 54, 2216834, 2216834, 2216821, 2216821, 1, 0, 4.59, 850
4017, 4086, 1, 37, 2218103, 2218103, 2218078, 2218078, 1, 0, 4.59, 849
4017, 4123, 2, 45, 2229950, 2229950, 2229965, 2229965, 1, 0, 4.58, 848
4017, 4204, 2, 36, 2234047, 2234047, 2234085, 2234085, 1, 0, 4.58, 847
4017, 4262, 2, 54, 2236834, 2236834, 2236832, 2236832, 1, 0, 4.60, 846
4017, 4086, 2, 37, 2238103, 2238103, 2238052, 2238052, 1, 0, 4.60, 845
4017, 4123, 3, 45, 2249950, 2249950, 2249955, 2249955, 1, 0, 4.59, 844
4017, 4204, 3, 36, 2254047, 2254047, 2254017, 2254017, 1, 0, 4.59, 843
4017, 4262, 3, 54, 2256834, 2256834, 2256815, 2256815, 1, 0, 4.59, 842
4017, 4086, 3, 37, 2258103, 2258103, 2258116, 2258116, 1, 0, 4.59, 841
4017, 4123, 4, 45, 2269950, 2269950, 2269929, 2269929, 1, 0, 4.58, 840
4017, 4204, 4, 37, 2274047, 2274047, 2274024, 2274024, 1, 0, 4.58, 839
4017, 4262, 4, 54, 2276834, 2276834, 2276827, 2276827, 1, 0, 4.58, 838
4017, 4086, 4, 37, 2278103, 2278103, 2278112, 2278112, 1, 0, 4.58, 837
4017, 4123, 5, 45, 2289950, 2289950, 2289943, 2289943, 1, 0, 4.57, 836
4017, 4204, 5, 37, 2294047, 2294047, 2294026, 2294026, 1, 0, 4.57, 835
4017, 4262, 5, 54, 2296834, 2296834, 2296824, 2296824, 1, 0, 4.59, 834
4017, 4086, 5, 37, 2298103, 2298103, 2298051, 2298051, 1, 0, 4.59, 833
4017, 4123, 6, 45, 2309950, 2309950, 2309926, 2309926, 1, 0, 4.61, 832
4017, 4204, 6, 36, 2314047, 2314047, 2314012, 2314012, 1, 0, 4.61, 831
4017, 4262, 6, 54, 2316834, 2316834, 2316830, 2316830, 1, 0, 4.61, 830
4017, 4086, 6, 37, 2318103, 2318103, 2318134, 2318134, 1, 0, 4.61, 829
4017, 4123, 7, 45, 2329950, 2329950, 2329925, 2329925, 1, 0, 4.58, 828
4017, 4204, 7, 36, 2334047, 2334047, 2334000, 2334000, 1, 0, 4.58, 827
4017, 4262, 7, 54, 2336834, 2336834, 2336853, 2336853, 1, 0, 4.58, 826
4017, 4086, 7, 37, 2338103, 2338103, 2338096, 2338096, 1, 0, 4.58, 825
4017, 4123, 8, 45, 2349950, 2349950, 2349918, 2349918, 1, 0, 4.59, 824
4017, 4204, 8, 36, 2354047, 2354047, 2354034, 2354034, 1, 0, 4.59, 823
4017, 4262, 8, 54, 2356834, 2356834, 2356861, 2356861, 1, 0, 4.58, 822
4017, 4086, 8, 37, 2358103, 2358103, 2358070, 2358070, 1, 0, 4.58, 821
4017, 4123, 9, 45, 2369950, 2369950, 2369943, 2369943, 1, 0, 4.60, 820
4017, 4204, 9, 36, 2374047, 2374047, 2374075, 2374075, 1, 0, 4.60, 819
4017, 4262, 9, 54, 2376834, 2376834, 2376825, 2376825, 1, 0, 4.60, 818
4017, 4086, 9, 37, 2378103, 2378103, 2378101, 2378101, 1, 0, 4.60, 817
4017, 4123, 10, 45, 2389950, 2389950, 2389978, 2389978, 1, 0, 4.59, 816
4017, 4204, 10, 36, 2394047, 2394047, 2394082, 2394082, 1, 0, 4.59, 815
4017, 4262, 10, 54, 2396834, 2396834, 2396783, 2396783, 1, 0, 4.59, 814
4017, 4086, 10, 37, 2398103, 2398103, 2398038, 2398038, 1, 0, 4.59, 813
4017, 4123, 11, 45, 2409950, 2409950, 2409966, 2409966, 1, 0, 4.58, 812
4017, 4204, 11, 37, 2414047, 2414047, 2414073, 2414073, 1, 0, 4.58, 811
4017, 4262, 11, 54, 2416834, 2416834, 2416832, 2416832, 1, 0, 4.61, 810
4017, 4086, 11, 37, 2418103, 2418103, 2418098, 2418098, 1, 0, 4.61, 809
4017, 4123, 12, 45, 2429950, 2429950, 2429969, 2429969, 1, 0, 4.61, 808
4017, 4204, 12, 36, 2434047, 2434047, 2434077, 2434077, 1, 0, 4.61, 807
4017, 4262, 12, 54, 2436834, 2436834, 2436807, 2436807, 1, 0, 4.61, 806
4017, 4086, 12, 37, 2438103, 2438103, 2438062, 2438062, 1, 0, 4.61, 805
4017, 4123, 13, 45, 2449950, 2449950, 2449920, 2449920, 1, 0, 4.58, 804
4017, 4204, 13, 36, 2454047, 2454047, 2454079, 2454079, 1, 0, 4.58, 803
4017, 4262, 13, 54, 2456834, 2456834, 2456836, 2456836, 1, 0, 4.58, 802
4017, 4086, 13, 37, 2458103, 2458103, 2458142, 2458142, 1, 0, 4.58, 801
4017, 4123, 14, 45, 2469950, 2469950, 2469989, 2469989, 1, 0, 4.58, 800
4017, 4204, 14, 36, 2474047, 2474047, 2474071, 2474071, 1, 0, 4.58, 799
4017, 4262, 14, 54, 2476834, 2476834, 2476846, 2476846, 1, 0, 4.61, 798
4017, 4086, 14, 37, 2478103, 2478103, 2478092, 2478092, 1, 0, 4.61, 797
4017, 4123, 15, 45, 2489950, 2489950, 2489958, 2489958, 1, 0, 4.59, 796
4017, 4204, 15, 36, 2494047, 2494047, 2494067, 2494067, 1, 0, 4.59, 795
4017, 4262, 15, 54, 2496834, 2496834, 2496813, 2496813, 1, 0, 4.59, 794
4017, 4086, 15, 37, 2498103, 2498103, 2498126, 2498126, 1, 0, 4.59, 793
4017, 4123, 16, 45, 2509950, 2509950, 2509930, 2509930, 1, 0, 4.58, 792
4017, 4204, 16, 37, 2514047, 2514047, 2514090, 2514090, 1, 0, 4.58, 791
4017, 4262, 16, 54, 2516834, 2516834, 2516810, 2516810, 1, 0, 4.58, 790
4017, 4204, 4, 37, 2274047, 2274047, 2274024, 2274024, 1, 0, 4.58, 839
4017, 4262, 4, 54, 2276834, 2276834, 2276827, 2276827, 1, 0, 4.58, 838
4017, 4086, 4, 37, 2278103, 2278103, 2278112, 2278112, 1, 0, 4.58, 837
4017, 4123, 5, 45, 2289950, 2289950, 2289943, 2289943, 1, 0, 4.57, 836
4017, 4204, 5, 37, 2294047, 2294047, 2294026, 2294026, 1, 0, 4.57, 835
4017, 4262, 5, 54, 2296834, 2296834, 2296824, 2296824, 1, 0, 4.59, 834
4017, 4086, 5, 37, 2298103, 2298103, 2298051, 2298051, 1, 0, 4.59, 833
4017, 4123, 6, 45, 2309950, 2309950, 2309926, 2309926, 1, 0, 4.61, 832
4017, 4204, 6, 36, 2314047, 2314047, 2314012, 2314012, 1, 0, 4.61, 831
4017, 4262, 6, 54, 2316834, 2316834, 2316830, 2316830, 1, 0, 4.61, 830
4017, 4086, 6, 37, 2318103, 2318103, 2318134, 2318134, 1, 0, 4.61, 829
4017, 4123, 7, 45, 2329950, 2329950, 2329925, 2329925, 1, 0, 4.58, 828
4017, 4204, 7, 36, 2334047, 2334047, 2334000, 2334000, 1, 0, 4.58, 827
4017, 4262, 7, 54, 2336834, 2336834, 2336853, 2336853, 1, 0, 4.58, 826
4017, 4086, 7, 37, 2338103, 2338103, 2338096, 2338096, 1, 0, 4.58, 825
4017, 4123, 8, 45, 2349950, 2349950, 2349918, 2349918, 1, 0, 4.59, 824
4017, 4204, 8, 36, 2354047, 2354047, 2354034, 2354034, 1, 0, 4.59, 823
4017, 4262, 8, 54, 2356834, 2356834, 2356861, 2356861, 1, 0, 4.58, 822
4017, 4086, 8, 37, 2358103, 2358103, 2358070, 2358070, 1, 0, 4.58, 821
4017, 4123, 9, 45, 2369950, 2369950, 2369943, 2369943, 1, 0, 4.60, 820
4017, 4204, 9, 36, 2374047, 2374047, 2374075, 2374075, 1, 0, 4.60, 819
4017, 4262, 9, 54, 2376834, 2376834, 2376825, 2376825, 1, 0, 4.60, 818
4017, 4086, 9, 37, 2378103, 2378103, 2378101, 2378101, 1, 0, 4.60, 817
4017, 4123, 10, 45, 2389950, 2389950, 2389978, 2389978, 1, 0, 4.59, 816
4017, 4204, 10, 36, 2394047, 2394047, 2394082, 2394082, 1, 0, 4.59, 815
4017, 4262, 10, 54, 2396834, 2396834, 2396783, 2396783, 1, 0, 4.59, 814
4017, 4086, 10, 37, 2398103, 2398103, 2398038, 2398038, 1, 0, 4.59, 813
4017, 4123, 11, 45, 2409950, 2409950, 2409966, 2409966, 1, 0, 4.58, 812
4017, 4204, 11, 37, 2414047, 2414047, 2414073, 2414073, 1, 0, 4.58, 811
4017, 4262, 11, 54, 2416834, 2416834, 2416832, 2416832, 1, 0, 4.61, 810
4017, 4086, 11, 37, 2418103, 2418103, 2418098, 2418098, 1, 0, 4.61, 809
4017, 4123, 12, 45, 2429950, 2429950, 2429969, 2429969, 1, 0, 4.61, 808
4017, 4204, 12, 36, 2434047, 2434047, 2434077, 2434077, 1, 0, 4.61, 807
4017, 4123, 17, 45, 2529950, 2529950, 2529994, 2529994, 1, 0, 4.57, 788
4017, 4204, 17, 37, 2534047, 2534047, 2534050, 2534050, 1, 0, 4.57, 787
4017, 4262, 17, 54, 2536834, 2536834, 2536837, 2536837, 1, 0, 4.58, 786
4017, 4086, 17, 37, 2538103, 2538103, 2538122, 2538122, 1, 0, 4.58, 785
4017, 4123, 18, 45, 2549950, 2549950, 2549955, 2549955, 1, 0, 4.58, 784
4017, 4204, 18, 37, 2554047, 2554047, 2553996, 2553996, 1, 0, 4.58, 783
4017, 4262, 18, 54, 2556834, 2556834, 2556789, 2556789, 1, 0, 4.58, 782
4017, 4086, 18, 37, 2558103, 2558103, 2558106, 2558106, 1, 0, 4.58, 781
4017, 4123, 19, 45, 2569950, 2569950, 2569935, 2569935, 1, 0, 4.61, 780
4017, 4204, 19, 36, 2574047, 2574047, 2574066, 2574066, 1, 0, 4.61, 779
4017, 4262, 19, 54, 2576834, 2576834, 2576845, 2576845, 1, 0, 4.61, 778
4017, 4086, 19, 37, 2578103, 2578103, 2578088, 2578088, 1, 0, 4.61, 777
4017, 4123, 20, 45, 2589950, 2589950, 2589932, 2589932, 1, 0, 4.59, 776
4017, 4204, 20, 36, 2594047, 2594047, 2594010, 2594010, 1, 0, 4.59, 775
4017, 4262, 20, 54, 2596834, 2596834, 2596845, 2596845, 1, 0, 4.59, 774
4017, 4086, 20, 37, 2598103, 2598103, 2598044, 2598044, 1, 0, 4.59, 773
4017, 4123, 21, 45, 2609950, 2609950, 2609922, 2609922, 1, 0, 4.61, 772
4017, 4204, 21, 37, 2614047, 2614047, 2614046, 2614046, 1, 0, 4.61, 771
4017, 4262, 21, 54, 2616834, 2616834, 2616802, 2616802, 1, 0, 4.61, 770
4017, 4086, 21, 37, 2618103, 2618103, 2618111, 2618111, 1, 0, 4.61, 769
4017, 4123, 22, 45, 2629950, 2629950, 2629912, 2629912, 1, 0, 4.59, 768
4017, 4204, 22, 36, 2634047, 2634047, 2634026, 2634026, 1, 0, 4.59, 767
4017, 4262, 22, 54, 2636834, 2636834, 2636864, 2636864, 1, 0, 4.59, 766
4017, 4086, 22, 37, 2638103, 2638103, 2638101, 2638101, 1, 0, 4.59, 765
4017, 4123, 23, 45, 2649950, 2649950, 2649927, 2649927, 1, 0, 4.58, 764
4017, 4204, 23, 37, 2654047, 2654047, 2654075, 2654075, 1, 0, 4.58, 763
4017, 4262, 23, 54, 2656834, 2656834, 2656869, 2656869, 1, 0, 4.57, 762
4017, 4086, 23, 37, 2658103, 2658103, 2658109, 2658109, 1, 0, 4.57, 761
4017, 4123, 24, 45, 2669950, 2669950, 2669927, 2669927, 1, 0, 4.59, 760
4017, 4204, 24, 37, 2674047, 2674047, 2674050, 2674050, 1, 0, 4.59, 759
4017, 4262, 24, 54, 2676834, 2676834, 2676795, 2676795, 1, 0, 4.59, 758
4017, 4086, 24, 37, 2678103, 2678103, 2678076, 2678076, 1, 0, 4.59, 757
4017, 4123, 25, 45, 2689950, 2689950, 2689908, 2689908, 1, 0, 4.58, 756
4017, 4204, 25, 37, 2694047, 2694047, 2694038, 2694038, 1, 0, 4.58, 755
4017, 4262, 25, 54, 2696834, 2696834, 2696804, 2696804, 1, 0, 4.58, 754
4017, 4086, 25, 37, 2698103, 2698103, 2698052, 2698052, 1, 0, 4.58, 753
4017, 4123, 26, 45, 2709950, 2709950, 2709948, 2709948, 1, 0, 4.57, 752
4017, 4204, 26, 36, 2714047, 2714047, 2714035, 2714035, 1, 0, 4.57, 751
4017, 4262, 26, 54, 2716834, 2716834, 2716853, 2716853, 1, 0, 4.59, 750
4017, 4086, 26, 37, 2718103, 2718103, 2718108, 2718108, 1, 0, 4.59, 749
4017, 4123, 27, 45, 2729950, 2729950, 2729930, 2729930, 1, 0, 4.58, 748
4017, 4204, 27, 36, 2734047, 2734047, 2734089, 2734089, 1, 0, 4.58, 747
4017, 4262, 27, 54, 2736834, 2736834, 2736809, 2736809, 1, 0, 4.58, 746
4017, 4086, 27, 37, 2738103, 2738103, 2738068, 2738068, 1, 0, 4.58, 745
4017, 4123, 28, 45, 2749950, 2749950, 2749942, 2749942, 1, 0, 4.58, 744
4017, 4204, 28, 36, 2754047, 2754047, 2754038, 2754038, 1, 0, 4.58, 743
4017, 4262, 28, 54, 2756834, 2756834, 2756807, 2756807, 1, 0, 4.58, 742
4017, 4086, 28, 37, 2758103, 2758103, 2758076, 2758076, 1, 0, 4.58, 741
4017, 4123, 29, 45, 2769950, 2769950, 2769938, 2769938, 1, 0, 4.61, 740
4017, 4204, 29, 36, 2774047, 2774047, 2774049, 2774049, 1, 0, 4.61, 739
4017, 4262, 29, 54, 2776834, 2776834, 2776854, 2776854, 1, 0, 4.59, 738
4017, 4086, 29, 38, 2778103, 2778103, 2778121, 2778121, 1, 0, 4.59, 737
4017, 4123, 30, 45, 2789950, 2789950, 2789927, 2789927, 1, 0, 4.58, 736
4017, 4204, 30, 37, 2794047, 2794047, 2794051, 2794051, 1, 0, 4.58, 735
4017, 4262, 30, 54, 2796834, 2796834, 2796829, 2796829, 1, 0, 4.58, 734
4017, 4086, 30, 37, 2798103, 2798103, 2798122, 2798122, 1, 0, 4.58, 733
4017, 4123, 31, 45, 2809950, 2809950, 2809973, 2809973, 1, 0, 4.59, 732
4017, 4204, 31, 37, 2814047, 2814047, 2813991, 2813991, 1, 0, 4.59, 731
4017, 4262, 31, 54, 2816834, 2816834, 2816835, 2816835, 1, 0, 4.59, 730
4017, 4086, 31, 37, 2818103, 2818103, 2818051, 2818051, 1, 0, 4.59, 729
4017, 4123, 32, 45, 2829950, 2829950, 2829984, 2829984, 1, 0, 4.61, 728
4017, 4204, 32, 36, 2834047, 2834047, 2834044, 2834044, 1, 0, 4.61, 727
4017, 4262, 32, 54, 2836834, 2836834, 2836816, 2836816, 1, 0, 4.57, 726
4017, 4086, 32, 37, 2838103, 2838103, 2838080, 2838080, 1, 0, 4.57, 725
4017, 4123, 33, 45, 2849950, 2849950, 2849908, 2849908, 1, 0, 4.59, 724
4017, 4204, 33, 37, 2854047, 2854047, 2854021, 2854021, 1, 0, 4.59, 723
4017, 4262, 33, 54, 2856834, 2856834, 2856853, 2856853, 1, 0, 4.59, 722
4017, 4086, 33, 37, 2858103, 2858103, 2858066, 2858066, 1, 0, 4.59, 721
4017, 4123, 34, 45, 2869950, 2869950, 2869910, 2869910, 1, 0, 4.60, 720
4017, 4204, 34, 36, 2874047, 2874047, 2874081, 2874081, 1, 0, 4.60, 719
4017, 4262, 34, 54, 2876834, 2876834, 2876779, 2876779, 1, 0, 4.60, 718
4017, 4086, 34, 37, 2878103, 2878103, 2878110, 2878110, 1, 0, 4.60, 717
4017, 4123, 35, 45, 2889950, 2889950, 2889989, 2889989, 1, 0, 4.58, 716
4017, 4204, 35, 37, 2894047, 2894047, 2894045, 2894045, 1, 0, 4.58, 715
4017, 4262, 35, 54, 2896834, 2896834, 2896792, 2896792, 1, 0, 4.57, 714
4017, 4086, 35, 37, 2898103, 2898103, 2898080, 2898080, 1, 0, 4.57, 713
4017, 4123, 36, 45, 2909950, 2909950, 2909918, 2909918, 1, 0, 4.61, 712
4017, 4204, 36, 37, 2914047, 2914047, 2914060, 2914060, 1, 0, 4.61, 711
4017, 4262, 36, 54, 2916834, 2916834, 2916797, 2916797, 1, 0, 4.61, 710
4017, 4086, 36, 37, 2918103, 2918103, 2918077, 2918077, 1, 0, 4.61, 709
4017, 4123, 37, 45, 2929950, 2929950, 2929968, 2929968, 1, 0, 4.61, 708
4017, 4204, 37, 37, 2934047, 2934047, 2934062, 2934062, 1, 0, 4.61, 707
4017, 4262, 37, 54, 2936834, 2936834, 2936844, 2936844, 1, 0, 4.61, 706
4017, 4086, 37, 37, 2938103, 2938103, 2938128, 2938128, 1, 0, 4.61, 705
4017, 4123, 38, 45, 2949950, 2949950, 2949961, 2949961, 1, 0, 4.58, 704
4017, 4204, 38, 37, 2954047, 2954047, 2954046, 2954046, 1, 0, 4.58, 703
4017, 4262, 38, 54, 2956834, 2956834, 2956879, 2956879, 1, 0, 4.58, 702
4017, 4086, 38, 37, 2958103, 2958103, 2958136, 2958136, 1, 0, 4.58, 701
4017, 4123, 39, 45, 2969950, 2969950, 2969942, 2969942, 1, 0, 4.59, 700
4017, 4204, 39, 37, 2974047, 2974047, 2974096, 2974096, 1, 0, 4.59, 699
4017, 4262, 39, 54, 2976834, 2976834, 2976783, 2976783, 1, 0, 4.59, 698
4017, 4086, 39, 37, 2978103, 2978103, 2978125, 2978125, 1, 0, 4.59, 697
4017, 4123, 40, 45, 2989950, 2989950, 2989893, 2989893, 1, 0, 4.61, 696
4017, 4204, 40, 37, 2994047, 2994047, 2994002, 2994002, 1, 0, 4.61, 695
4017, 4262, 40, 54, 2996834, 2996834, 2996799, 2996799, 1, 0, 4.61, 694
4017, 4086, 40, 37, 2998103, 2998103, 2998115, 2998115, 1, 0, 4.61, 693
4017, 4123, 41, 45, 3009950, 3009950, 3009946, 3009946, 1, 0, 4.58, 692
4017, 4204, 41, 37, 3014047, 3014047, 3014073, 3014073, 1, 0, 4.58, 691
4017, 4262, 41, 54, 3016834, 3016834, 3016779, 3016779, 1, 0, 4.57, 690
4017, 4086, 41, 37, 3018103, 3018103, 3018135, 3018135, 1, 0, 4.57, 689
4017, 4123, 42, 45, 3029950, 3029950, 3029920, 3029920, 1, 0, 4.58, 688
4017, 4204, 42, 37, 3034047, 3034047, 3034026, 3034026, 1, 0, 4.58, 687
4017, 4262, 42, 54, 3036834, 3036834, 3036877, 3036877, 1, 0, 4.58, 686
4017, 4086, 42, 37, 3038103, 3038103, 3038088, 3038088, 1, 0, 4.58, 685
4017, 4123, 43, 45, 3049950, 3049950, 3049970, 3049970, 1, 0, 4.59, 684
4017, 4204, 43, 37, 3054047, 3054047, 3054063, 3054063, 1, 0, 4.59, 683
4017, 4262, 43, 54, 3056834, 3056834, 3056840, 3056840, 1, 0, 4.59, 682
4017, 4086, 43, 37, 3058103, 3058103, 3058092, 3058092, 1, 0, 4.59, 681
4017, 4123, 44, 45, 3069950, 3069950, 3069996, 3069996, 1, 0, 4.61, 680
4017, 4204, 44, 37, 3074047, 3074047, 3074057, 3074057, 1, 0, 4.61, 679
4017, 4262, 44, 54, 3076834, 3076834, 3076877, 3076877, 1, 0, 4.61, 678
4017, 4086, 44, 37, 3078103, 3078103, 3078138, 3078138, 1, 0, 4.61, 677
4017, 4123, 45, 45, 3089950, 3089950, 3089970, 3089970, 1, 0, 4.58, 676
4017, 4204, 45, 37, 3094047, 3094047, 3094033, 3094033, 1, 0, 4.58, 675
4017, 4262, 45, 54, 3096834, 3096834, 3096822, 3096822, 1, 0, 4.58, 674
4017, 4086, 45, 37, 3098103, 3098103, 3098102, 3098102, 1, 0, 4.58, 673
4017, 4123, 46, 45, 3109950, 3109950, 3109966, 3109966, 1, 0, 4.57, 672
4017, 4204, 46, 37, 3114047, 3114047, 3114093, 3114093, 1, 0, 4.57, 671
4017, 4262, 46, 54, 3116834, 3116834, 3116778, 3116778, 1, 0, 4.57, 670
4017, 4086, 46, 38, 3118103, 3118103, 3118115, 3118115, 1, 0, 4.57, 669
4017, 4123, 47, 45, 3129950, 3129950, 3129970, 3129970, 1, 0, 4.61, 668
4017, 4204, 47, 37, 3134047, 3134047, 3134099, 3134099, 1, 0, 4.61, 667
4017, 4262, 47, 54, 3136834, 3136834, 3136804, 3136804, 1, 0, 4.61, 666
4017, 4086, 47, 37, 3138103, 3138103, 3138075, 3138075, 1, 0, 4.61, 665
4017, 4123, 48, 45, 3149950, 3149950, 3149898, 3149898, 1, 0, 4.57, 664
4017, 4204, 48, 36, 3154047, 3154047, 3154021, 3154021, 1, 0, 4.57, 663
4017, 4262, 48, 54, 3156834, 3156834, 3156834, 3156834, 1, 0, 4.57, 662
4017, 4086, 48, 37, 3158103, 3158103, 3158115, 3158115, 1, 0, 4.57, 661
4017, 4123, 49, 45, 3169950, 3169950, 3169953, 3169953, 1, 0, 4.58, 660
4017, 4204, 49, 37, 3174047, 3174047, 3174070, 3174070, 1, 0, 4.58, 659
4017, 4262, 49, 54, 3176834, 3176834, 3176784, 3176784, 1, 0, 4.58, 658
4017, 4086, 49, 37, 3178103, 3178103, 3178096, 3178096, 1, 0, 4.58, 657
4017, 4262, 37, 54, 2936834, 2936834, 2936844, 2936844, 1, 0, 4.61, 706
4017, 4086, 37, 37, 2938103, 2938103, 2938128, 2938128, 1, 0, 4.61, 705
4017, 4123, 38, 45, 2949950, 2949950, 2949961, 2949961, 1, 0, 4.58, 704
4017, 4204, 38, 37, 2954047, 2954047, 2954046, 2954046, 1, 0, 4.58, 703
4017, 4262, 38, 54, 2956834, 2956834, 2956879, 2956879, 1, 0, 4.58, 702
4017, 4086, 38, 37, 2958103, 2958103, 2958136, 2958136, 1, 0, 4.58, 701
4017, 4123, 39, 45, 2969950, 2969950, 2969942, 2969942, 1, 0, 4.59, 700
4017, 4204, 39, 37, 2974047, 2974047, 2974096, 2974096, 1, 0, 4.59, 699
4017, 4262, 39, 54, 2976834, 2976834, 2976783, 2976783, 1, 0, 4.59, 698
4017, 4086, 39, 37, 2978103, 2978103, 2978125, 2978125, 1, 0, 4.59, 697
4017, 4123, 40, 45, 2989950, 2989950, 2989893, 2989893, 1, 0, 4.61, 696
4017, 4204, 40, 37, 2994047, 2994047, 2994002, 2994002, 1, 0, 4.61, 695
4017, 4262, 40, 54, 2996834, 2996834, 2996799, 2996799, 1, 0, 4.61, 694
4017, 4086, 40, 37, 2998103, 2998103, 2998115, 2998115, 1, 0, 4.61, 693
4017, 4123, 41, 45, 3009950, 3009950, 3009946, 3009946, 1, 0, 4.58, 692
4017, 4204, 41, 37, 3014047, 3014047, 3014073, 3014073, 1, 0, 4.58, 691
4017, 4262, 41, 54, 3016834, 3016834, 3016779, 3016779, 1, 0, 4.57, 690
4017, 4086, 41, 37, 3018103, 3018103, 3018135, 3018135, 1, 0, 4.57, 689
4017, 4262, 0, 54, 594055, 594055, 594071, 594071, 1, 1, 4.58, 646
4017, 4086, 0, 37, 596023, 596023, 596002, 596002, 1, 1, 4.58, 645
4017, 4123, 0, 45, 597884, 597884, 597864, 597864, 1, 1, 4.58, 644
4017, 4204, 0, 37, 599250, 599250, 599233, 599233, 1, 1, 4.58, 643
4017, 4262, 1, 54, 614055, 614055, 614070, 614070, 1, 1, 4.58, 642
4017, 4086, 1, 37, 616023, 616023, 616014, 616014, 1, 1, 4.58, 641
4017, 4123, 1, 45, 617884, 617884, 617867, 617867, 1, 1, 4.58, 640
4017, 4204, 1, 37, 619250, 619250, 619257, 619257, 1, 1, 4.58, 639
4017, 4262, 2, 54, 634055, 634055, 634081, 634081, 1, 1, 4.58, 638
4017, 4086, 2, 37, 636023, 636023, 636006, 636006, 1, 1, 4.58, 637
4017, 4123, 2, 45, 637884, 637884, 637877, 637877, 1, 1, 4.58, 636
4017, 4204, 2, 37, 639250, 639250, 639221, 639221, 1, 1, 4.58, 635
4017, 4262, 3, 54, 654055, 654055, 654039, 654039, 1, 1, 4.58, 634
4017, 4086, 3, 38, 656023, 656023, 655978, 655978, 1, 1, 4.58, 633
4017, 4123, 3, 45, 657884, 657884, 657931, 657931, 1, 1, 4.58, 632
4017, 4204, 3, 37, 659250, 659250, 659252, 659252, 1, 1, 4.58, 631
4017, 4262, 4, 54, 674055, 674055, 674046, 674046, 1, 1, 4.56, 630
4017, 4086, 4, 37, 676023, 676023, 676041, 676041, 1, 1, 4.58, 629
4017, 4123, 4, 45, 677884, 677884, 677902, 677902, 1, 1, 4.58, 628
4017, 4204, 4, 36, 679250, 679250, 679257, 679257, 1, 1, 4.58, 627
4017, 4262, 5, 54, 694055, 694055, 694038, 694038, 1, 1, 4.56, 626
4017, 4086, 5, 37, 696023, 696023, 695968, 695968, 1, 1, 4.56, 625
4017, 4123, 5, 45, 697884, 697884, 697918, 697918, 1, 1, 4.56, 624
4017, 4204, 5, 37, 699250, 699250, 699247, 699247, 1, 1, 4.56, 623
4017, 4262, 6, 54, 714055, 714055, 714034, 714034, 1, 1, 4.57, 622
4017, 4086, 6, 38, 716023, 716023, 716020, 716020, 1, 1, 4.57, 621
4017, 4123, 6, 45, 717884, 717884, 717871, 717871, 1, 1, 4.57, 620
4017, 4204, 6, 37, 719250, 719250, 719241, 719241, 1, 1, 4.57, 619
4017, 4262, 7, 54, 734055, 734055, 734042, 734042, 1, 1, 4.56, 618
4017, 4086, 7, 37, 736023, 736023, 735979, 735979, 1, 1, 4.59, 617
4017, 4123, 7, 45, 737884, 737884, 737840, 737840, 1, 1, 4.59, 616
4017, 4204, 7, 37, 739250, 739250, 739245, 739245, 1, 1, 4.59, 615
4017, 4262, 8, 54, 754055, 754055, 754022, 754022, 1, 1, 4.58, 614
4017, 4086, 8, 37, 756023, 756023, 755991, 755991, 1, 1, 4.58, 613
4017, 4123, 8, 45, 757884, 757884, 757884, 757884, 1, 1, 4.58, 612
4017, 4204, 8, 37, 759250, 759250, 759241, 759241, 1, 1, 4.58, 611
4017, 4262, 9, 54, 774055, 774055, 774042, 774042, 1, 1, 4.56, 610
4017, 4086, 9, 38, 776023, 776023, 776023, 776023, 1, 1, 4.56, 609
4017, 4123, 9, 45, 777884, 777884, 777869, 777869, 1, 1, 4.56, 608
4017, 4204, 9, 36, 779250, 779250, 779309, 779309, 1, 1, 4.56, 607
4017, 4262, 10, 54, 794055, 794055, 794050, 794050, 1, 1, 4.57, 606
4017, 4086, 10, 37, 796023, 796023, 796061, 796061, 1, 1, 4.58, 605
4017, 4123, 10, 45, 797884, 797884, 797897, 797897, 1, 1, 4.58, 604
4017, 4204, 10, 37, 799250, 799250, 799223, 799223, 1, 1, 4.58, 603
4017, 4262, 11, 54, 814055, 814055, 814029, 814029, 1, 1, 4.58, 602
4017, 4086, 11, 37, 816023, 816023, 815988, 815988, 1, 1, 4.58, 601
4017, 4123, 11, 45, 817884, 817884, 817879, 817879, 1, 1, 4.58, 600
4017, 4204, 11, 37, 819250, 819250, 819257, 819257, 1, 1, 4.58, 599
4017, 4262, 12, 54, 834055, 834055, 834048, 834048, 1, 1, 4.59, 598
4017, 4086, 12, 38, 836023, 836023, 836058, 836058, 1, 1, 4.59, 597
4017, 4123, 12, 45, 837884, 837884, 837849, 837849, 1, 1, 4.59, 596
4017, 4204, 12, 37, 839250, 839250, 839217, 839217, 1, 1, 4.59, 595
4017, 4262, 13, 54, 854055, 854055, 854079, 854079, 1, 1, 4.58, 594
4017, 4086, 13, 38, 856023, 856023, 856041, 856041, 1, 1, 4.58, 593
4017, 4123, 13, 45, 857884, 857884, 857851, 857851, 1, 1, 4.58, 592
4017, 4204, 13, 37, 859250, 859250, 859223, 859223, 1, 1, 4.58, 591
4017, 4262, 14, 54, 874055, 874055, 874078, 874078, 1, 1, 4.58, 590
4017, 4086, 14, 38, 876023, 876023, 876013, 876013, 1, 1, 4.58, 589
4017, 4123, 14, 45, 877884, 877884, 877855, 877855, 1, 1, 4.58, 588
4017, 4204, 14, 37, 879250, 879250, 879257, 879257, 1, 1, 4.58, 587
4017, 4262, 15, 54, 894055, 894055, 894040, 894040, 1, 1, 4.58, 586
4017, 4086, 15, 37, 896023, 896023, 896039, 896039, 1, 1, 4.58, 585
4017, 4123, 15, 45, 897884, 897884, 897869, 897869, 1, 1, 4.58, 584
4017, 4204, 15, 37, 899250, 899250, 899270, 899270, 1, 1, 4.58, 583
4017, 4262, 16, 54, 914055, 914055, 914096, 914096, 1, 1, 4.58, 582
4017, 4086, 16, 38, 916023, 916023, 915973, 915973, 1, 1, 4.58, 581
4017, 4123, 16, 45, 917884, 917884, 917918, 917918, 1, 1, 4.58, 580
4017, 4204, 16, 37, 919250, 919250, 919265, 919265, 1, 1, 4.58, 579
4017, 4262, 17, 54, 934055, 934055, 934012, 934012, 1, 1, 4.56, 578
4017, 4086, 17, 37, 936023, 936023, 936065, 936065, 1, 1, 4.56, 577
4017, 4123, 17, 45, 937884, 937884, 937885, 937885, 1, 1, 4.56, 576
4017, 4204, 17, 37, 939250, 939250, 939292, 939292, 1, 1, 4.56, 575
4017, 4262, 18, 54, 954055, 954055, 954072, 954072, 1, 1, 4.59, 574
4017, 4086, 18, 37, 956023, 956023, 956040, 956040, 1, 1, 4.59, 573
4017, 4123, 18, 45, 957884, 957884, 957855, 957855, 1, 1, 4.59, 572
4017, 4204, 18, 37, 959250, 959250, 959217, 959217, 1, 1, 4.59, 571
4017, 4262, 19, 54, 974055, 974055, 974045, 974045, 1, 1, 4.56, 570
4017, 4086, 19, 37, 976023, 976023, 976032, 976032, 1, 1, 4.57, 569
4017, 4123, 19, 45, 977884, 977884, 977904, 977904, 1, 1, 4.57, 568
4017, 4204, 19, 36, 979250, 979250, 979205, 979205, 1, 1, 4.57, 567
4017, 4262, 20, 54, 994055, 994055, 994023, 994023, 1, 1, 4.56, 566
4017, 4086, 20, 37, 996023, 996023, 995981, 995981, 1, 1, 4.56, 565
4017, 4123, 20, 45, 997884, 997884, 997887, 997887, 1, 1, 4.56, 564
4017, 4204, 20, 37, 999250, 999250, 999287, 999287, 1, 1, 4.56, 563
4017, 4262, 21, 54, 1014055, 1014055, 1014042, 1014042, 1, 1, 4.58, 562
4017, 4086, 21, 38, 1016023, 1016023, 1016047, 1016047, 1, 1, 4.58, 561
4017, 4123, 21, 45, 1017884, 1017884, 1017867, 1017867, 1, 1, 4.58, 560
4017, 4204, 21, 37, 1019250, 1019250, 1019236, 1019236, 1, 1, 4.58, 559
4017, 4262, 22, 54, 1034055, 1034055, 1034078, 1034078, 1, 1, 4.58, 558
4017, 4086, 22, 37, 1036023, 1036023, 1036053, 1036053, 1, 1, 4.58, 557
4017, 4123, 22, 45, 1037884, 1037884, 1037866, 1037866, 1, 1, 4.58, 556
4017, 4204, 22, 37, 1039250, 1039250, 1039232, 1039232, 1, 1, 4.58, 555
4017, 4262, 23, 54, 1054055, 1054055, 1054049, 1054049, 1, 1, 4.59, 554
4017, 4086, 23, 38, 1056023, 1056023, 1056030, 1056030, 1, 1, 4.59, 553
4017, 4123, 23, 45, 1057884, 1057884, 1057859, 1057859, 1, 1, 4.59, 552
4017, 4204, 23, 37, 1059250, 1059250, 1059211, 1059211, 1, 1, 4.59, 551
4017, 4262, 24, 54, 1074055, 1074055, 1074074, 1074074, 1, 1, 4.57, 550
4017, 4086, 24, 37, 1076023, 1076023, 1076048, 1076048, 1, 1, 4.57, 549
4017, 4123, 24, 45, 1077884, 1077884, 1077848, 1077848, 1, 1, 4.57, 548
4017, 4204, 24, 36, 1079250, 1079250, 1079252, 1079252, 1, 1, 4.57, 547
4017, 4262, 25, 54, 1094055, 1094055, 1094002, 1094002, 1, 1, 4.56, 546
4017, 4086, 25, 38, 1096023, 1096023, 1095975, 1095975, 1, 1, 4.58, 545
4017, 4123, 25, 45, 1097884, 1097884, 1097834, 1097834, 1, 1, 4.58, 544
4017, 4204, 25, 37, 1099250, 1099250, 1099249, 1099249, 1, 1, 4.58, 543
4017, 4262, 26, 54, 1114055, 1114055, 1114018, 1114018, 1, 1, 4.58, 542
4017, 4086, 26, 37, 1116023, 1116023, 1115997, 1115997, 1, 1, 4.58, 541
4017, 4123, 26, 45, 1117884, 1117884, 1117869, 1117869, 1, 1, 4.58, 540
4017, 4204, 26, 37, 1119250, 1119250, 1119248, 1119248, 1, 1, 4.58, 539
4017, 4262, 27, 54, 1134055, 1134055, 1134069, 1134069, 1, 1, 4.58, 538
4017, 4086, 27, 37, 1136023, 1136023, 1135995, 1135995, 1, 1, 4.58, 537
4017, 4123, 27, 45, 1137884, 1137884, 1137870, 1137870, 1, 1, 4.58, 536
4017, 4204, 27, 36, 1139250, 1139250, 1139206, 1139206, 1, 1, 4.58, 535
4017, 4262, 28, 54, 1154055, 1154055, 1154092, 1154092, 1, 1, 4.59, 534
4017, 4086, 28, 37, 1156023, 1156023, 1156035, 1156035, 1, 1, 4.58, 533
4017, 4123, 28, 45, 1157884, 1157884, 1157889, 1157889, 1, 1, 4.58, 532
4017, 4204, 28, 37, 1159250, 1159250, 1159249, 1159249, 1, 1, 4.58, 531
4017, 4262, 29, 54, 1174055, 1174055, 1174048, 1174048, 1, 1, 4.57, 530
4017, 4086, 29, 37, 1176023, 1176023, 1175999, 1175999, 1, 1, 4.57, 529
4017, 4123, 29, 45, 1177884, 1177884, 1177867, 1177867, 1, 1, 4.57, 528
4017, 4204, 29, 36, 1179250, 1179250, 1179234, 1179234, 1, 1, 4.57, 527
4017, 4262, 30, 54, 1194055, 1194055, 1194049, 1194049, 1, 1, 4.56, 526
4017, 4086, 30, 37, 1196023, 1196023, 1196035, 1196035, 1, 1, 4.56, 525
4017, 4123, 30, 45, 1197884, 1197884, 1197894, 1197894, 1, 1, 4.56, 524
4017, 4204, 30, 37, 1199250, 1199250, 1199213, 1199213, 1, 1, 4.56, 523
4017, 4262, 31, 54, 1214055, 1214055, 1214047, 1214047, 1, 1, 4.58, 522
4017, 4086, 31, 38, 1216023, 1216023, 1215982, 1215982, 1, 1, 4.58, 521
4017, 4123, 31, 45, 1217884, 1217884, 1217835, 1217835, 1, 1, 4.58, 520
4017, 4204, 31, 36, 1219250, 1219250, 1219279, 1219279, 1, 1, 4.58, 519
4017, 4262, 32, 54, 1234055, 1234055, 1234060, 1234060, 1, 1, 4.57, 518
4017, 4086, 32, 37, 1236023, 1236023, 1236038, 1236038, 1, 1, 4.57, 517
4017, 4123, 32, 45, 1237884, 1237884, 1237841, 1237841, 1, 1, 4.57, 516
4017, 4204, 32, 37, 1239250, 1239250, 1239204, 1239204, 1, 1, 4.57, 515
4017, 4262, 33, 54, 1254055, 1254055, 1254052, 1254052, 1, 1, 4.58, 514
4017, 4086, 33, 38, 1256023, 1256023, 1256059, 1256059, 1, 1, 4.58, 513
4017, 4123, 33, 45, 1257884, 1257884, 1257895, 1257895, 1, 1, 4.58, 512
4017, 4204, 33, 37, 1259250, 1259250, 1259259, 1259259, 1, 1, 4.58, 511
4017, 4262, 34, 54, 1274055, 1274055, 1274075, 1274075, 1, 1, 4.58, 510
4017, 4086, 34, 37, 1276023, 1276023, 1276032, 1276032, 1, 1, 4.58, 509
4017, 4123, 34, 45, 1277884, 1277884, 1277907, 1277907, 1, 1, 4.58, 508
4017, 4204, 34, 36, 1279250, 1279250, 1279210, 1279210, 1, 1, 4.58, 507
4017, 4262, 35, 54, 1294055, 1294055, 1294038, 1294038, 1, 1, 4.59, 506
4017, 4086, 35, 37, 1296023, 1296023, 1296039, 1296039, 1, 1, 4.59, 505
4017, 4123, 35, 45, 1297884, 1297884, 1297835, 1297835, 1, 1, 4.59, 504
4017, 4204, 35, 36, 1299250, 1299250, 1299209, 1299209, 1, 1, 4.59, 503
4017, 4262, 36, 54, 1314055, 1314055, 1314082, 1314082, 1, 1, 4.58, 502
4017, 4086, 36, 37, 1316023, 1316023, 1316042, 1316042, 1, 1, 4.58, 501
4017, 4123, 36, 45, 1317884, 1317884, 1317848, 1317848, 1, 1, 4.58, 500
4017, 4204, 36, 36, 1319250, 1319250, 1319251, 1319251, 1, 1, 4.58, 499
4017, 4262, 37, 54, 1334055, 1334055, 1334015, 1334015, 1, 1, 4.58, 498
4017, 4086, 37, 38, 1336023, 1336023, 1336024, 1336024, 1, 1, 4.58, 497
4017, 4123, 37, 45, 1337884, 1337884, 1337860, 1337860, 1, 1, 4.58, 496
4017, 4204, 37, 36, 1339250, 1339250, 1339261, 1339261, 1, 1, 4.58, 495
4017, 4262, 38, 54, 1354055, 1354055, 1354093, 1354093, 1, 1, 4.57, 494
4017, 4086, 38, 37, 1356023, 1356023, 1356030, 1356030, 1, 1, 4.57, 493
4017, 4123, 38, 45, 1357884, 1357884, 1357877, 1357877, 1, 1, 4.57, 492
4017, 4204, 38, 37, 1359250, 1359250, 1359259, 1359259, 1, 1, 4.57, 491
4017, 4262, 39, 54, 1374055, 1374055, 1374066, 1374066, 1, 1, 4.59, 490
4017, 4086, 39, 38, 1376023, 1376023, 1376052, 1376052, 1, 1, 4.59, 489
4017, 4123, 39, 45, 1377884, 1377884, 1377890, 1377890, 1, 1, 4.59, 488
4017, 4204, 39, 36, 1379250, 1379250, 1379230, 1379230, 1, 1, 4.59, 487
4017, 4262, 40, 54, 1394055, 1394055, 1394068, 1394068, 1, 1, 4.58, 486
4017, 4086, 40, 38, 1396023, 1396023, 1395996, 1395996, 1, 1, 4.56, 485
4017, 4123, 40, 45, 1397884, 1397884, 1397888, 1397888, 1, 1, 4.56, 484
4017, 4204, 40, 36, 1399250, 1399250, 1399265, 1399265, 1, 1, 4.56, 483
4017, 4262, 41, 54, 1414055, 1414055, 1414020, 1414020, 1, 1, 4.58, 482
4017, 4086, 41, 37, 1416023, 1416023, 1416021, 1416021, 1, 1, 4.58, 481
4017, 4123, 41, 45, 1417884, 1417884, 1417837, 1417837, 1, 1, 4.58, 480
4017, 4204, 41, 37, 1419250, 1419250, 1419287, 1419287, 1, 1, 4.58, 479
4017, 4262, 42, 54, 1434055, 1434055, 1434042, 1434042, 1, 1, 4.57, 478
4017, 4086, 42, 37, 1436023, 1436023, 1436033, 1436033, 1, 1, 4.57, 477
4017, 4123, 42, 45, 1437884, 1437884, 1437914, 1437914, 1, 1, 4.57, 476
4017, 4204, 42, 37, 1439250, 1439250, 1439232, 1439232, 1, 1, 4.57, 475
4017, 4262, 43, 54, 1454055, 1454055, 1453990, 1453990, 1, 1, 4.58, 474
4017, 4086, 43, 37, 1456023, 1456023, 1455988, 1455988, 1, 1, 4.58, 473
4017, 4123, 43, 45, 1457884, 1457884, 1457908, 1457908, 1, 1, 4.58, 472
4017, 4204, 43, 36, 1459250, 1459250, 1459257, 1459257, 1, 1, 4.58, 471
4017, 4262, 44, 54, 1474055, 1474055, 1474023, 1474023, 1, 1, 4.56, 470
4017, 4086, 44, 37, 1476023, 1476023, 1476000, 1476000, 1, 1, 4.56, 469
4017, 4123, 44, 45, 1477884, 1477884, 1477894, 1477894, 1, 1, 4.56, 468
4017, 4204, 44, 36, 1479250, 1479250, 1479241, 1479241, 1, 1, 4.56, 467
4017, 4262, 45, 54, 1494055, 1494055, 1494077, 1494077, 1, 1, 4.58, 466
4017, 4086, 45, 37, 1496023, 1496023, 1495991, 1495991, 1, 1, 4.58, 465
4017, 4123, 45, 45, 1497884, 1497884, 1497885, 1497885, 1, 1, 4.58, 464
4017, 4204, 45, 37, 1499250, 1499250, 1499262, 1499262, 1, 1, 4.58, 463
4017, 4262, 46, 54, 1514055, 1514055, 1514031, 1514031, 1, 1, 4.58, 462
4017, 4086, 46, 38, 1516023, 1516023, 1515988, 1515988, 1, 1, 4.56, 461
4017, 4123, 46, 45, 1517884, 1517884, 1517869, 1517869, 1, 1, 4.56, 460
4017, 4204, 46, 37, 1519250, 1519250, 1519280, 1519280, 1, 1, 4.56, 459
4017, 4262, 47, 54, 1534055, 1534055, 1534054, 1534054, 1, 1, 4.58, 458
4017, 4086, 47, 37, 1536023, 1536023, 1536056, 1536056, 1, 1, 4.58, 457
4017, 4123, 47, 45, 1537884, 1537884, 1537855, 1537855, 1, 1, 4.58, 456
4017, 4204, 47, 37, 1539250, 1539250, 1539233, 1539233, 1, 1, 4.58, 455
4017, 4262, 48, 54, 1554055, 1554055, 1554065, 1554065, 1, 1, 4.57, 454
4017, 4086, 48, 37, 1556023, 1556023, 1556002, 1556002, 1, 1, 4.57, 453
4017, 4123, 48, 45, 1557884, 1557884, 1557842, 1557842, 1, 1, 4.57, 452
4017, 4204, 48, 36, 1559250, 1559250, 1559255, 1559255, 1, 1, 4.57, 451
4017, 4262, 49, 54, 1574055, 1574055, 1574073, 1574073, 1, 1, 4.56, 450
4017, 4086, 49, 37, 1576023, 1576023, 1576037, 1576037, 1, 1, 4.58, 449
4017, 4123, 49, 45, 1577884, 1577884, 1577881, 1577881, 1, 1, 4.58, 448
4017, 4204, 49, 37, 1579250, 1579250, 1579221, 1579221, 1, 1, 4.58, 447
4017, 4262, 50, 54, 1594055, 1594055, 1594014, 1594014, 1, 1, 4.58, 446
4017, 4086, 50, 37, 1596023, 1596023, 1596019, 1596019, 1, 1, 4.58, 445
4017, 4123, 50, 45, 1597884, 1597884, 1597876, 1597876, 1, 1, 4.58, 444
4017, 4204, 50, 37, 1599250, 1599250, 1599291, 1599291, 1, 1, 4.58, 443
4017, 4262, 51, 54, 1614055, 1614055, 1614085, 1614085, 1, 1, 4.58, 442
4017, 4086, 51, 37, 1616023, 1616023, 1616000, 1616000, 1, 1, 4.58, 441
4017, 4123, 51, 45, 1617884, 1617884, 1617847, 1617847, 1, 1, 4.58, 440
4017, 4204, 51, 37, 1619250, 1619250, 1619231, 1619231, 1, 1, 4.58, 439
4017, 4262, 52, 54, 1634055, 1634055, 1634011, 1634011, 1, 1, 4.57, 438
4017, 4086, 52, 38, 1636023, 1636023, 1636024, 1636024, 1, 1, 4.59, 437
4017, 4123, 52, 45, 1637884, 1637884, 1637917, 1637917, 1, 1, 4.59, 436
4017, 4204, 52, 37, 1639250, 1639250, 1639279, 1639279, 1, 1, 4.59, 435
4017, 4262, 53, 54, 1654055, 1654055, 1654016, 1654016, 1, 1, 4.58, 434
4017, 4086, 53, 37, 1656023, 1656023, 1656033, 1656033, 1, 1, 4.58, 433
4017, 4123, 53, 45, 1657884, 1657884, 1657858, 1657858, 1, 1, 4.58, 432
4017, 4204, 53, 37, 1659250, 1659250, 1659226, 1659226, 1, 1, 4.58, 431
4017, 4262, 54, 54, 1674055, 1674055, 1674045, 1674045, 1, 1, 4.58, 430
4017, 4086, 54, 37, 1676023, 1676023, 1676027, 1676027, 1, 1, 4.58, 429
4017, 4123, 54, 45, 1677884, 1677884, 1677839, 1677839, 1, 1, 4.58, 428
4017, 4204, 54, 37, 1679250, 1679250, 1679244, 1679244, 1, 1, 4.58, 427
4017, 4262, 55, 54, 1694055, 1694055, 1694059, 1694059, 1, 1, 4.57, 426
4017, 4086, 55, 38, 1696023, 1696023, 1696038, 1696038, 1, 1, 4.58, 425
4017, 4123, 55, 45, 1697884, 1697884, 1697827, 1697827, 1, 1, 4.58, 424
4017, 4204, 55, 37, 1699250, 1699250, 1699248, 1699248, 1, 1, 4.58, 423
4017, 4262, 56, 54, 1714055, 1714055, 1714104, 1714104, 1, 1, 4.59, 422
4017, 4086, 56, 37, 1716023, 1716023, 1716030, 1716030, 1, 1, 4.59, 421
4017, 4123, 56, 45, 1717884, 1717884, 1717883, 1717883, 1, 1, 4.59, 420
4017, 4204, 56, 37, 1719250, 1719250, 1719233, 1719233, 1, 1, 4.59, 419
4017, 4262, 57, 54, 1734055, 1734055, 1734022, 1734022, 1, 1, 4.58, 418
4017, 4086, 57, 37, 1736023, 1736023, 1735965, 1735965, 1, 1, 4.58, 417
4017, 4123, 57, 45, 1737884, 1737884, 1737916, 1737916, 1, 1, 4.58, 416
4017, 4204, 57, 36, 1739250, 1739250, 1739262, 1739262, 1, 1, 4.58, 415
4017, 4262, 58, 54, 1754055, 1754055, 1754062, 1754062, 1, 1, 4.56, 414
4017, 4086, 58, 37, 1756023, 1756023, 1756012, 1756012, 1, 1, 4.57, 413
4017, 4123, 58, 45, 1757884, 1757884, 1757927, 1757927, 1, 1, 4.57, 412
4017, 4204, 58, 37, 1759250, 1759250, 1759258, 1759258, 1, 1, 4.57, 411
4017, 4262, 59, 54, 1774055, 1774055, 1774005, 1774005, 1, 1, 4.58, 410
4017, 4086, 59, 37, 1776023, 1776023, 1775978, 1775978, 1, 1, 4.58, 409
4017, 4123, 59, 45, 1777884, 1777884, 1777927, 1777927, 1, 1, 4.58, 408
4017, 4204, 59, 37, 1779250, 1779250, 1779256, 1779256, 1, 1, 4.58, 407
4017, 4262, 60, 54, 1794055, 1794055, 1794060, 1794060, 1, 1, 4.56, 406
4017, 4086, 60, 37, 1796023, 1796023, 1796040, 1796040, 1, 1, 4.56, 405
4017, 4123, 60, 45, 1797884, 1797884, 1797910, 1797910, 1, 1, 4.56, 404
4017, 4204, 60, 37, 1799250, 1799250, 1799228, 1799228, 1, 1, 4.56, 403
4017, 4262, 61, 54, 1814055, 1814055, 1814038, 1814038, 1, 1, 4.57, 402
4017, 4086, 61, 37, 1816023, 1816023, 1815992, 1815992, 1, 1, 4.56, 401
4017, 4123, 61, 45, 1817884, 1817884, 1817902, 1817902, 1, 1, 4.56, 400
4017, 4204, 61, 36, 1819250, 1819250, 1819267, 1819267, 1, 1, 4.56, 399
4017, 4262, 62, 54, 1834055, 1834055, 1834040, 1834040, 1, 1, 4.58, 398
4017, 4086, 62, 37, 1836023, 1836023, 1836032, 1836032, 1, 1, 4.58, 397
4017, 4123, 62, 45, 1837884, 1837884, 1837845, 1837845, 1, 1, 4.58, 396
4017, 4204, 62, 37, 1839250, 1839250, 1839244, 1839244, 1, 1, 4.58, 395
4017, 4262, 63, 54, 1854055, 1854055, 1854046, 1854046, 1, 1, 4.57, 394
4017, 4086, 63, 37, 1856023, 1856023, 1855995, 1855995, 1, 1, 4.57, 393
4017, 4123, 63, 45, 1857884, 1857884, 1857906, 1857906, 1, 1, 4.57, 392
4017, 4204, 63, 37, 1859250, 1859250, 1859255, 1859255, 1, 1, 4.57, 391
4017, 4262, 64, 54, 1874055, 1874055, 1874086, 1874086, 1, 1, 4.59, 390
4017, 4086, 64, 37, 1876023, 1876023, 1876034, 1876034, 1, 1, 4.56, 389
4017, 4123, 64, 45, 1877884, 1877884, 1877855, 1877855, 1, 1, 4.56, 388
4017, 4204, 64, 37, 1879250, 1879250, 1879249, 1879249, 1, 1, 4.56, 387
4017, 4262, 65, 54, 1894055, 1894055, 1894053, 1894053, 1, 1, 4.58, 386
4017, 4086, 65, 37, 1896023, 1896023, 1896036, 1896036, 1, 1, 4.58, 385
4017, 4123, 65, 45, 1897884, 1897884, 1897873, 1897873, 1, 1, 4.58, 384
4017, 4204, 65, 37, 1899250, 1899250, 1899239, 1899239, 1, 1, 4.58, 383
4017, 4262, 66, 54, 1914055, 1914055, 1914081, 1914081, 1, 1, 4.59, 382
4017, 4086, 66, 37, 1916023, 1916023, 1916021, 1916021, 1, 1, 4.59, 381
4017, 4123, 66, 45, 1917884, 1917884, 1917885, 1917885, 1, 1, 4.59, 380
4017, 4204, 66, 37, 1919250, 1919250, 1919256, 1919256, 1, 1, 4.59, 379
4017, 4262, 67, 54, 1934055, 1934055, 1933998, 1933998, 1, 1, 4.58, 378
4017, 4086, 67, 37, 1936023, 1936023, 1935977, 1935977, 1, 1, 4.57, 377
4017, 4123, 67, 45, 1937884, 1937884, 1937923, 1937923, 1, 1, 4.57, 376
4017, 4204, 67, 36, 1939250, 1939250, 1939280, 1939280, 1, 1, 4.57, 375
4017, 4262, 68, 54, 1954055, 1954055, 1954056, 1954056, 1, 1, 4.56, 374
4017, 4086, 68, 37, 1956023, 1956023, 1956047, 1956047, 1, 1, 4.56, 373
4017, 4123, 68, 45, 1957884, 1957884, 1957874, 1957874, 1, 1, 4.56, 372
4017, 4204, 68, 37, 1959250, 1959250, 1959251, 1959251, 1, 1, 4.56, 371
4017, 4262, 69, 54, 1974055, 1974055, 1974037, 1974037, 1, 1, 4.57, 370
4017, 4086, 69, 38, 1976023, 1976023, 1975977, 1975977, 1, 1, 4.57, 369
4017, 4123, 69, 45, 1977884, 1977884, 1977888, 1977888, 1, 1, 4.57, 368
4017, 4204, 69, 37, 1979250, 1979250, 1979295, 1979295, 1, 1, 4.57, 367
4017, 4262, 70, 54, 1994055, 1994055, 1994035, 1994035, 1, 1, 4.57, 366
4017, 4086, 70, 38, 1996023, 1996023, 1996000, 1996000, 1, 1, 4.58, 365
4017, 4123, 70, 45, 1997884, 1997884, 1997862, 1997862, 1, 1, 4.58, 364
4017, 4204, 70, 36, 1999250, 1999250, 1999270, 1999270, 1, 1, 4.58, 363
4017, 4262, 71, 54, 2014055, 2014055, 2014070, 2014070, 1, 1, 4.58, 362
4017, 4086, 71, 37, 2016023, 2016023, 2016025, 2016025, 1, 1, 4.58, 361
4017, 4123, 71, 45, 2017884, 2017884, 2017844, 2017844, 1, 1, 4.58, 360
4017, 4204, 71, 37, 2019250, 2019250, 2019264, 2019264, 1, 1, 4.58, 359
4017, 4262, 72, 54, 2034055, 2034055, 2034105, 2034105, 1, 1, 4.57, 358
4017, 4086, 72, 37, 2036023, 2036023, 2036029, 2036029, 1, 1, 4.57, 357
4017, 4123, 72, 45, 2037884, 2037884, 2037901, 2037901, 1, 1, 4.57, 356
4017, 4204, 72, 37, 2039250, 2039250, 2039284, 2039284, 1, 1, 4.57, 355
4017, 4262, 73, 54, 2054055, 2054055, 2054024, 2054024, 1, 1, 4.57, 354
4017, 4086, 73, 38, 2056023, 2056023, 2056036, 2056036, 1, 1, 4.57, 353
4017, 4123, 73, 45, 2057884, 2057884, 2057873, 2057873, 1, 1, 4.57, 352
4017, 4204, 73, 37, 2059250, 2059250, 2059226, 2059226, 1, 1, 4.57, 351
4017, 4262, 74, 54, 2074055, 2074055, 2074028, 2074028, 1, 1, 4.57, 350
4017, 4086, 74, 38, 2076023, 2076023, 2076030, 2076030, 1, 1, 4.57, 349
4017, 4123, 74, 45, 2077884, 2077884, 2077894, 2077894, 1, 1, 4.57, 348
4017, 4204, 74, 36, 2079250, 2079250, 2079286, 2079286, 1, 1, 4.57, 347
4017, 4262, 75, 54, 2094055, 2094055, 2094059, 2094059, 1, 1, 4.58, 346
4017, 4086, 75, 37, 2096023, 2096023, 2096036, 2096036, 1, 1, 4.58, 345
4017, 4123, 75, 45, 2097884, 2097884, 2097914, 2097914, 1, 1, 4.58, 344
4017, 4204, 75, 37, 2099250, 2099250, 2099225, 2099225, 1, 1, 4.58, 343
4017, 4262, 76, 54, 2114055, 2114055, 2114022, 2114022, 1, 1, 4.56, 342
4017, 4086, 76, 37, 2116023, 2116023, 2115993, 2115993, 1, 1, 4.56, 341
4017, 4123, 76, 45, 2117884, 2117884, 2117856, 2117856, 1, 1, 4.56, 340
4017, 4204, 76, 37, 2119250, 2119250, 2119193, 2119193, 1, 1, 4.56, 339
4017, 4262, 77, 54, 2134055, 2134055, 2134017, 2134017, 1, 1, 4.58, 338
4017, 4086, 77, 37, 2136023, 2136023, 2136016, 2136016, 1, 1, 4.58, 337
4017, 4123, 77, 45, 2137884, 2137884, 2137922, 2137922, 1, 1, 4.58, 336
4017, 4204, 77, 37, 2139250, 2139250, 2139248, 2139248, 1, 1, 4.58, 335
4017, 4262, 78, 54, 2154055, 2154055, 2154069, 2154069, 1, 1, 4.57, 334
4017, 4086, 78, 37, 2156023, 2156023, 2156011, 2156011, 1, 1, 4.57, 333
4017, 4123, 78, 45, 2157884, 2157884, 2157828, 2157828, 1, 1, 4.57, 332
4017, 4204, 78, 37, 2159250, 2159250, 2159252, 2159252, 1, 1, 4.57, 331
4017, 4262, 79, 54, 2174055, 2174055, 2174103, 2174103, 1, 1, 4.56, 330
4017, 4086, 79, 37, 2176023, 2176023, 2176062, 2176062, 1, 1, 4.57, 329
4017, 4123, 79, 45, 2177884, 2177884, 2177879, 2177879, 1, 1, 4.57, 328
4017, 4204, 79, 37, 2179250, 2179250, 2179256, 2179256, 1, 1, 4.57, 327
4017, 4262, 80, 54, 2194055, 2194055, 2194010, 2194010, 1, 1, 4.57, 326
4017, 4086, 80, 37, 2196023, 2196023, 2195965, 2195965, 1, 1, 4.57, 325
4017, 4123, 80, 45, 2197884, 2197884, 2197917, 2197917, 1, 1, 4.57, 324
4017, 4204, 80, 36, 2199250, 2199250, 2199234, 2199234, 1, 1, 4.57, 323
4017, 4262, 81, 54, 2214055, 2214055, 2214075, 2214075, 1, 1, 4.56, 322
4017, 4086, 81, 37, 2216023, 2216023, 2216020, 2216020, 1, 1, 4.56, 321
4017, 4123, 81, 45, 2217884, 2217884, 2217860, 2217860, 1, 1, 4.56, 320
4017, 4204, 81, 36, 2219250, 2219250, 2219230, 2219230, 1, 1, 4.56, 319
4017, 4262, 82, 54, 2234055, 2234055, 2234092, 2234092, 1, 1, 4.56, 318
4017, 4086, 82, 37, 2236023, 2236023, 2236021, 2236021, 1, 1, 4.56, 317
4017, 4123, 82, 45, 2237884, 2237884, 2237882, 2237882, 1, 1, 4.56, 316
4017, 4204, 82, 37, 2239250, 2239250, 2239250, 2239250, 1, 1, 4.56, 315
4017, 4262, 83, 54, 2254055, 2254055, 2254047, 2254047, 1, 1, 4.57, 314
4017, 4086, 83, 37, 2256023, 2256023, 2256035, 2256035, 1, 1, 4.57, 313
4017, 4123, 83, 45, 2257884, 2257884, 2257884, 2257884, 1, 1, 4.57, 312
4017, 4204, 83, 37, 2259250, 2259250, 2259225, 2259225, 1, 1, 4.57, 311
4017, 4262, 84, 54, 2274055, 2274055, 2273994, 2273994, 1, 1, 4.56, 310
4017, 4086, 84, 37, 2276023, 2276023, 2276042, 2276042, 1, 1, 4.56, 309
4017, 4123, 84, 45, 2277884, 2277884, 2277910, 2277910, 1, 1, 4.56, 308
4017, 4204, 84, 36, 2279250, 2279250, 2279273, 2279273, 1, 1, 4.56, 307
4017, 4262, 85, 54, 2294055, 2294055, 2294038, 2294038, 1, 1, 4.58, 306
4017, 4086, 85, 37, 2296023, 2296023, 2296029, 2296029, 1, 1, 4.56, 305
4017, 4123, 85, 45, 2297884, 2297884, 2297872, 2297872, 1, 1, 4.56, 304
4017, 4204, 85, 37, 2299250, 2299250, 2299219, 2299219, 1, 1, 4.56, 303
4017, 4262, 86, 54, 2314055, 2314055, 2314068, 2314068, 1, 1, 4.58, 302
4017, 4086, 86, 37, 2316023, 2316023, 2316010, 2316010, 1, 1, 4.58, 301
4017, 4123, 86, 45, 2317884, 2317884, 2317874, 2317874, 1, 1, 4.58, 300
4017, 4204, 86, 37, 2319250, 2319250, 2319279, 2319279, 1, 1, 4.58, 299
4017, 4262, 87, 54, 2334055, 2334055, 2334033, 2334033, 1, 1, 4.56, 298
4017, 4086, 87, 38, 2336023, 2336023, 2336000, 2336000, 1, 1, 4.56, 297
4017, 4123, 87, 45, 2337884, 2337884, 2337875, 2337875, 1, 1, 4.56, 296
4017, 4204, 87, 36, 2339250, 2339250, 2339240, 2339240, 1, 1, 4.56, 295
4017, 4262, 88, 54, 2354055, 2354055, 2354084, 2354084, 1, 1, 4.57, 294
4017, 4086, 88, 38, 2356023, 2356023, 2356005, 2356005, 1, 1, 4.56, 293
4017, 4123, 88, 45, 2357884, 2357884, 2357844, 2357844, 1, 1, 4.56, 292
4017, 4204, 88, 37, 2359250, 2359250, 2359225, 2359225, 1, 1, 4.56, 291
4017, 4262, 89, 54, 2374055, 2374055, 2374005, 2374005, 1, 1, 4.58, 290
4017, 4086, 89, 38, 2376023, 2376023, 2376062, 2376062, 1, 1, 4.58, 289
4017, 4123, 89, 45, 2377884, 2377884, 2377881, 2377881, 1, 1, 4.58, 288
4017, 4204, 89, 37, 2379250, 2379250, 2379240, 2379240, 1, 1, 4.58, 287
4017, 4262, 90, 54, 2394055, 2394055, 2394057, 2394057, 1, 1, 4.57, 286
4017, 4086, 90, 38, 2396023, 2396023, 2395983, 2395983, 1, 1, 4.57, 285
4017, 4123, 90, 45, 2397884, 2397884, 2397867, 2397867, 1, 1, 4.57, 284
4017, 4204, 90, 37, 2399250, 2399250, 2399247, 2399247, 1, 1, 4.57, 283
4017, 4262, 91, 54, 2414055, 2414055, 2414060, 2414060, 1, 1, 4.57, 282
4017, 4086, 91, 37, 2416023, 2416023, 2416052, 2416052, 1, 1, 4.57, 281
4017, 4123, 91, 45, 2417884, 2417884, 2417853, 2417853, 1, 1, 4.57, 280
4017, 4204, 91, 37, 2419250, 2419250, 2419242, 2419242, 1, 1, 4.57, 279
4017, 4262, 92, 54, 2434055, 2434055, 2434062, 2434062, 1, 1, 4.56, 278
4017, 4086, 92, 38, 2436023, 2436023, 2436032, 2436032, 1, 1, 4.56, 277
4017, 4123, 92, 45, 2437884, 2437884, 2437851, 2437851, 1, 1, 4.56, 276
4017, 4204, 92, 37, 2439250, 2439250, 2439255, 2439255, 1, 1, 4.56, 275
4017, 4262, 93, 54, 2454055, 2454055, 2454047, 2454047, 1, 1, 4.58, 274
4017, 4086, 93, 38, 2456023, 2456023, 2455975, 2455975, 1, 1, 4.58, 273
4017, 4123, 93, 45, 2457884, 2457884, 2457865, 2457865, 1, 1, 4.58, 272
4017, 4204, 93, 37, 2459250, 2459250, 2459202, 2459202, 1, 1, 4.58, 271
4017, 4262, 94, 54, 2474055, 2474055, 2474041, 2474041, 1, 1, 4.56, 270
4017, 4086, 94, 37, 2476023, 2476023, 2476004, 2476004, 1, 1, 4.59, 269
4017, 4123, 94, 45, 2477884, 2477884, 2477838, 2477838, 1, 1, 4.59, 268
4017, 4204, 94, 37, 2479250, 2479250, 2479213, 2479213, 1, 1, 4.59, 267
4017, 4262, 95, 54, 2494055, 2494055, 2494046, 2494046, 1, 1, 4.58, 266
4017, 4086, 95, 38, 2496023, 2496023, 2495993, 2495993, 1, 1, 4.58, 265
4017, 4123, 95, 45, 2497884, 2497884, 2497918, 2497918, 1, 1, 4.58, 264
4017, 4204, 95, 37, 2499250, 2499250, 2499260, 2499260, 1, 1, 4.58, 263
4017, 4262, 96, 54, 2514055, 2514055, 2514074, 2514074, 1, 1, 4.57, 262
4017, 4086, 96, 38, 2516023, 2516023, 2516003, 2516003, 1, 1, 4.57, 261
4017, 4123, 96, 45, 2517884, 2517884, 2517844, 2517844, 1, 1, 4.57, 260
4017, 4204, 96, 37, 2519250, 2519250, 2519297, 2519297, 1, 1, 4.57, 259
4017, 4262, 97, 54, 2534055, 2534055, 2534044, 2534044, 1, 1, 4.57, 258
4017, 4086, 97, 38, 2536023, 2536023, 2536040, 2536040, 1, 1, 4.56, 257
4017, 4123, 97, 45, 2537884, 2537884, 2537841, 2537841, 1, 1, 4.56, 256
4017, 4204, 97, 37, 2539250, 2539250, 2539220, 2539220, 1, 1, 4.56, 255
4017, 4262, 98, 54, 2554055, 2554055, 2554037, 2554037, 1, 1, 4.55, 254
4017, 4086, 98, 38, 2556023, 2556023, 2555971, 2555971, 1, 1, 4.55, 253
4017, 4123, 98, 45, 2557884, 2557884, 2557865, 2557865, 1, 1, 4.55, 252
4017, 4204, 98, 36, 2559250, 2559250, 2559265, 2559265, 1, 1, 4.55, 251
4017, 4262, 99, 54, 2574055, 2574055, 2574058, 2574058, 1, 1, 4.56, 250
4017, 4086, 99, 37, 2576023, 2576023, 2576020, 2576020, 1, 1, 4.56, 249
4017, 4123, 99, 45, 2577884, 2577884, 2577849, 2577849, 1, 1, 4.56, 248
4017, 4204, 99, 37, 2579250, 2579250, 2579252, 2579252, 1, 1, 4.56, 247
4017, 4262, 100, 54, 2594055, 2594055, 2594098, 2594098, 1, 1, 4.57, 246
4017, 4086, 100, 37, 2596023, 2596023, 2596011, 2596011, 1, 1, 4.56, 245
4017, 4123, 100, 45, 2597884, 2597884, 2597871, 2597871, 1, 1, 4.56, 244
4017, 4204, 100, 37, 2599250, 2599250, 2599241, 2599241, 1, 1, 4.56, 243
4017, 4262, 101, 54, 2614055, 2614055, 2614063, 2614063, 1, 1, 4.56, 242
4017, 4086, 101, 37, 2616023, 2616023, 2616006, 2616006, 1, 1, 4.56, 241
4017, 4123, 101, 45, 2617884, 2617884, 2617881, 2617881, 1, 1, 4.56, 240
4017, 4204, 101, 36, 2619250, 2619250, 2619246, 2619246, 1, 1, 4.56, 239
4017, 4262, 102, 54, 2634055, 2634055, 2634039, 2634039, 1, 1, 4.57, 238
4017, 4086, 102, 38, 2636023, 2636023, 2636037, 2636037, 1, 1, 4.57, 237
4017, 4123, 102, 45, 2637884, 2637884, 2637856, 2637856, 1, 1, 4.57, 236
4017, 4204, 102, 37, 2639250, 2639250, 2639252, 2639252, 1, 1, 4.57, 235
4017, 4262, 103, 54, 2654055, 2654055, 2654051, 2654051, 1, 1, 4.58, 234
4017, 4086, 103, 38, 2656023, 2656023, 2656024, 2656024, 1, 1, 4.56, 233
4017, 4123, 103, 45, 2657884, 2657884, 2657834, 2657834, 1, 1, 4.56, 232
4017, 4204, 103, 37, 2659250, 2659250, 2659258, 2659258, 1, 1, 4.56, 231
4017, 4262, 104, 54, 2674055, 2674055, 2674081, 2674081, 1, 1, 4.56, 230
4017, 4086, 104, 37, 2676023, 2676023, 2676044, 2676044, 1, 1, 4.56, 229
4017, 4123, 104, 45, 2677884, 2677884, 2677845, 2677845, 1, 1, 4.56, 228
4017, 4204, 104, 37, 2679250, 2679250, 2679253, 2679253, 1, 1, 4.56, 227
4017, 4262, 105, 54, 2694055, 2694055, 2694040, 2694040, 1, 1, 4.57, 226
4017, 4086, 105, 37, 2696023, 2696023, 2696008, 2696008, 1, 1, 4.57, 225
4017, 4123, 105, 45, 2697884, 2697884, 2697903, 2697903, 1, 1, 4.57, 224
4017, 4204, 105, 37, 2699250, 2699250, 2699290, 2699290, 1, 1, 4.57, 223
4017, 4262, 106, 54, 2714055, 2714055, 2714044, 2714044, 1, 1, 4.58, 222
4017, 4086, 106, 37, 2716023, 2716023, 2716025, 2716025, 1, 1, 4.57, 221
4017, 4123, 106, 45, 2717884, 2717884, 2717880, 2717880, 1, 1, 4.57, 220
4017, 4204, 106, 37, 2719250, 2719250, 2719249, 2719249, 1, 1, 4.57, 219
4017, 4262, 107, 54, 2734055, 2734055, 2734068, 2734068, 1, 1, 4.57, 218
4017, 4086, 107, 38, 2736023, 2736023, 2736025, 2736025, 1, 1, 4.57, 217
4017, 4123, 107, 45, 2737884, 2737884, 2737867, 2737867, 1, 1, 4.57, 216
4017, 4204, 107, 36, 2739250, 2739250, 2739233, 2739233, 1, 1, 4.57, 215
4017, 4262, 108, 54, 2754055, 2754055, 2754090, 2754090, 1, 1, 4.58, 214
4017, 4086, 108, 38, 2756023, 2756023, 2756050, 2756050, 1, 1, 4.58, 213
4017, 4123, 108, 45, 2757884, 2757884, 2757882, 2757882, 1, 1, 4.58, 212
4017, 4204, 108, 37, 2759250, 2759250, 2759253, 2759253, 1, 1, 4.58, 211
4017, 4262, 109, 54, 2774055, 2774055, 2773996, 2773996, 1, 1, 4.57, 210
4017, 4086, 109, 38, 2776023, 2776023, 2776061, 2776061, 1, 1, 4.58, 209
4017, 4123, 109, 45, 2777884, 2777884, 2777906, 2777906, 1, 1, 4.58, 208
4017, 4204, 109, 37, 2779250, 2779250, 2779234, 2779234, 1, 1, 4.58, 207
4017, 4262, 110, 54, 2794055, 2794055, 2794058, 2794058, 1, 1, 4.58, 206
4017, 4086, 110, 38, 2796023, 2796023, 2796052, 2796052, 1, 1, 4.58, 205
4017, 4123, 110, 45, 2797884, 2797884, 2797881, 2797881, 1, 1, 4.58, 204
4017, 4204, 110, 36, 2799250, 2799250, 2799228, 2799228, 1, 1, 4.58, 203
4017, 4262, 111, 54, 2814055, 2814055, 2814048, 2814048, 1, 1, 4.58, 202
4017, 4086, 111, 37, 2816023, 2816023, 2816018, 2816018, 1, 1, 4.58, 201
4017, 4123, 111, 45, 2817884, 2817884, 2817907, 2817907, 1, 1, 4.58, 200
4017, 4204, 111, 37, 2819250, 2819250, 2819274, 2819274, 1, 1, 4.58, 199
4017, 4262, 112, 54, 2834055, 2834055, 2834067, 2834067, 1, 1, 4.56, 198
4017, 4086, 112, 37, 2836023, 2836023, 2836029, 2836029, 1, 1, 4.57, 197
4017, 4123, 112, 45, 2837884, 2837884, 2837912, 2837912, 1, 1, 4.57, 196
4017, 4204, 112, 36, 2839250, 2839250, 2839220, 2839220, 1, 1, 4.57, 195
4017, 4262, 113, 54, 2854055, 2854055, 2854054, 2854054, 1, 1, 4.58, 194
4017, 4086, 113, 38, 2856023, 2856023, 2855997, 2855997, 1, 1, 4.58, 193
4017, 4123, 113, 45, 2857884, 2857884, 2857910, 2857910, 1, 1, 4.58, 192
4017, 4204, 113, 37, 2859250, 2859250, 2859208, 2859208, 1, 1, 4.58, 191
4017, 4262, 114, 54, 2874055, 2874055, 2874050, 2874050, 1, 1, 4.57, 190
4017, 4086, 114, 37, 2876023, 2876023, 2876038, 2876038, 1, 1, 4.57, 189
4017, 4123, 114, 45, 2877884, 2877884, 2877915, 2877915, 1, 1, 4.57, 188
4017, 4204, 114, 37, 2879250, 2879250, 2879275, 2879275, 1, 1, 4.57, 187
4017, 4262, 115, 54, 2894055, 2894055, 2894049, 2894049, 1, 1, 4.56, 186
4017, 4086, 115, 38, 2896023, 2896023, 2895998, 2895998, 1, 1, 4.56, 185
4017, 4123, 115, 45, 2897884, 2897884, 2897897, 2897897, 1, 1, 4.56, 184
4017, 4204, 115, 37, 2899250, 2899250, 2899288, 2899288, 1, 1, 4.56, 183
4017, 4262, 116, 54, 2914055, 2914055, 2914025, 2914025, 1, 1, 4.58, 182
4017, 4086, 116, 37, 2916023, 2916023, 2915992, 2915992, 1, 1, 4.58, 181
4017, 4123, 116, 45, 2917884, 2917884, 2917876, 2917876, 1, 1, 4.58, 180
4017, 4204, 116, 37, 2919250, 2919250, 2919197, 2919197, 1, 1, 4.58, 179
4017, 4262, 117, 54, 2934055, 2934055, 2934070, 2934070, 1, 1, 4.57, 178
4017, 4086, 117, 38, 2936023, 2936023, 2935992, 2935992, 1, 1, 4.57, 177
4017, 4123, 117, 45, 2937884, 2937884, 2937850, 2937850, 1, 1, 4.57, 176
4017, 4204, 117, 37, 2939250, 2939250, 2939233, 2939233, 1, 1, 4.57, 175
4017, 4262, 118, 54, 2954055, 2954055, 2954017, 2954017, 1, 1, 4.56, 174
4017, 4086, 118, 37, 2956023, 2956023, 2955995, 2955995, 1, 1, 4.58, 173
4017, 4123, 118, 45, 2957884, 2957884, 2957849, 2957849, 1, 1, 4.58, 172
4017, 4204, 118, 37, 2959250, 2959250, 2959243, 2959243, 1, 1, 4.58, 171
4017, 4262, 119, 54, 2974055, 2974055, 2974056, 2974056, 1, 1, 4.56, 170
4017, 4086, 119, 37, 2976023, 2976023, 2976032, 2976032, 1, 1, 4.56, 169
4017, 4123, 119, 45, 2977884, 2977884, 2977823, 2977823, 1, 1, 4.56, 168
4017, 4204, 119, 36, 2979250, 2979250, 2979216, 2979216, 1, 1, 4.56, 167
4017, 4262, 120, 54, 2994055, 2994055, 2994094, 2994094, 1, 1, 4.56, 166
4017, 4086, 120, 38, 2996023, 2996023, 2996042, 2996042, 1, 1, 4.56, 165
4017, 4123, 120, 45, 2997884, 2997884, 2997919, 2997919, 1, 1, 4.56, 164
4017, 4204, 120, 37, 2999250, 2999250, 2999280, 2999280, 1, 1, 4.56, 163
4017, 4262, 121, 54, 3014055, 3014055, 3014002, 3014002, 1, 1, 4.56, 162
4017, 4086, 121, 37, 3016023, 3016023, 3015972, 3015972, 1, 1, 4.58, 161
4017, 4123, 121, 45, 3017884, 3017884, 3017895, 3017895, 1, 1, 4.58, 160
4017, 4204, 121, 37, 3019250, 3019250, 3019267, 3019267, 1, 1, 4.58, 159
4017, 4262, 122, 54, 3034055, 3034055, 3034065, 3034065, 1, 1, 4.57, 158
4017, 4086, 122, 37, 3036023, 3036023, 3036036, 3036036, 1, 1, 4.57, 157
4017, 4123, 122, 45, 3037884, 3037884, 3037823, 3037823, 1, 1, 4.57, 156
4017, 4204, 122, 37, 3039250, 3039250, 3039267, 3039267, 1, 1, 4.57, 155
4017, 4262, 123, 54, 3054055, 3054055, 3054059, 3054059, 1, 1, 4.56, 154
4017, 4086, 123, 38, 3056023, 3056023, 3056006, 3056006, 1, 1, 4.56, 153
4017, 4123, 123, 45, 3057884, 3057884, 3057857, 3057857, 1, 1, 4.56, 152
4017, 4204, 123, 37, 3059250, 3059250, 3059235, 3059235, 1, 1, 4.56, 151
4017, 4262, 124, 54, 3074055, 3074055, 3074000, 3074000, 1, 1, 4.56, 150
4017, 4086, 124, 37, 3076023, 3076023, 3076005, 3076005, 1, 1, 4.57, 149
4017, 4123, 124, 45, 3077884, 3077884, 3077876, 3077876, 1, 1, 4.57, 148
4017, 4204, 124, 37, 3079250, 3079250, 3079257, 3079257, 1, 1, 4.57, 147
4017, 4262, 125, 54, 3094055, 3094055, 3094048, 3094048, 1, 1, 4.57, 146
4017, 4086, 125, 37, 3096023, 3096023, 3095992, 3095992, 1, 1, 4.57, 145
4017, 4123, 125, 45, 3097884, 3097884, 3097867, 3097867, 1, 1, 4.57, 144
4017, 4204, 125, 37, 3099250, 3099250, 3099266, 3099266, 1, 1, 4.57, 143
4017, 4262, 126, 54, 3114055, 3114055, 3113997, 3113997, 1, 1, 4.58, 142
4017, 4086, 126, 38, 3116023, 3116023, 3116076, 3116076, 1, 1, 4.58, 141
4017, 4123, 126, 45, 3117884, 3117884, 3117911, 3117911, 1, 1, 4.58, 140
4017, 4204, 126, 36, 3119250, 3119250, 3119246, 3119246, 1, 1, 4.58, 139
4017, 4262, 127, 54, 3134055, 3134055, 3134057, 3134057, 1, 1, 4.56, 138
4017, 4086, 127, 38, 3136023, 3136023, 3136000, 3136000, 1, 1, 4.56, 137
4017, 4123, 127, 45, 3137884, 3137884, 3137852, 3137852, 1, 1, 4.56, 136
4017, 4204, 127, 37, 3139250, 3139250, 3139195, 3139195, 1, 1, 4.56, 135
4017, 4262, 128, 54, 3154055, 3154055, 3154014, 3154014, 1, 1, 4.57, 134
4017, 4086, 128, 38, 3156023, 3156023, 3156007, 3156007, 1, 1, 4.57, 133
4017, 4123, 128, 45, 3157884, 3157884, 3157914, 3157914, 1, 1, 4.57, 132
4017, 4204, 128, 37, 3159250, 3159250, 3159289, 3159289, 1, 1, 4.57, 131
4017, 4262, 129, 54, 3174055, 3174055, 3174083, 3174083, 1, 1, 4.57, 130
4017, 4086, 129, 38, 3176023, 3176023, 3175996, 3175996, 1, 1, 4.57, 129
