3923, 2384, 0, 60, 797457, 797457, 797477, 797477, 1, 0, 4.45, 484
3923, 4086, 0, 57, 797606, 797606, 797615, 797615, 1, 0, 4.45, 483
3923, 4262, 0, 50, 801217, 801217, 801217, 801217, 1, 0, 4.45, 482
3923, 3739, 0, 51, 804317, 804317, 804334, 804334, 1, 0, 4.45, 481
3923, 4017, 0, 66, 807166, 807166, 807182, 807182, 1, 0, 4.45, 480
3923, 2384, 1, 60, 817457, 817457, 817415, 817415, 1, 0, 4.46, 479
3923, 4086, 1, 57, 817606, 817606, 817597, 817597, 1, 0, 4.46, 478
3923, 4262, 1, 51, 821217, 821217, 821226, 821226, 1, 0, 4.46, 477
3923, 3739, 1, 51, 824317, 824317, 824286, 824286, 1, 0, 4.46, 476
3923, 4017, 1, 66, 827166, 827166, 827169, 827169, 1, 0, 4.44, 475
3923, 2384, 2, 60, 837457, 837457, 837461, 837461, 1, 0, 4.44, 474
3923, 4086, 2, 57, 837606, 837606, 837637, 837637, 1, 0, 4.44, 473
3923, 4262, 2, 51, 841217, 841217, 841225, 841225, 1, 0, 4.46, 472
3923, 3739, 2, 51, 844317, 844317, 844306, 844306, 1, 0, 4.46, 471
3923, 4017, 2, 66, 847166, 847166, 847115, 847115, 1, 0, 4.46, 470
3923, 2384, 3, 60, 857457, 857457, 857451, 857451, 1, 0, 4.48, 469
3923, 4086, 3, 57, 857606, 857606, 857593, 857593, 1, 0, 4.48, 468
3923, 4262, 3, 51, 861217, 861217, 861204, 861204, 1, 0, 4.48, 467
3923, 3739, 3, 51, 864317, 864317, 864302, 864302, 1, 0, 4.48, 466
3923, 4017, 3, 66, 867166, 867166, 867164, 867164, 1, 0, 4.48, 465
3923, 2384, 4, 60, 877457, 877457, 877465, 877465, 1, 0, 4.47, 464
3923, 4086, 4, 57, 877606, 877606, 877616, 877616, 1, 0, 4.47, 463
3923, 4262, 4, 51, 881217, 881217, 881204, 881204, 1, 0, 4.47, 462
3923, 3739, 4, 51, 884317, 884317, 884321, 884321, 1, 0, 4.47, 461
3923, 4017, 4, 66, 887166, 887166, 887135, 887135, 1, 0, 4.48, 460
3923, 2384, 5, 60, 897457, 897457, 897404, 897404, 1, 0, 4.48, 459
3923, 4086, 5, 57, 897606, 897606, 897588, 897588, 1, 0, 4.48, 458
3923, 4262, 5, 50, 901217, 901217, 901248, 901248, 1, 0, 4.44, 457
3923, 3739, 5, 51, 904317, 904317, 904340, 904340, 1, 0, 4.44, 456
3923, 4017, 5, 66, 907166, 907166, 907161, 907161, 1, 0, 4.44, 455
3923, 2384, 6, 60, 917457, 917457, 917449, 917449, 1, 0, 4.47, 454
3923, 4086, 6, 57, 917606, 917606, 917626, 917626, 1, 0, 4.47, 453
3923, 4262, 6, 51, 921217, 921217, 921211, 921211, 1, 0, 4.47, 452
3923, 3739, 6, 51, 924317, 924317, 924301, 924301, 1, 0, 4.47, 451
3923, 4017, 6, 66, 927166, 927166, 927195, 927195, 1, 0, 4.47, 450
3923, 2384, 7, 60, 937457, 937457, 937459, 937459, 1, 0, 4.48, 449
3923, 4086, 7, 57, 937606, 937606, 937560, 937560, 1, 0, 4.48, 448
3923, 4262, 7, 51, 941217, 941217, 941227, 941227, 1, 0, 4.48, 447
3923, 3739, 7, 51, 944317, 944317, 944339, 944339, 1, 0, 4.48, 446
3923, 4017, 7, 66, 947166, 947166, 947185, 947185, 1, 0, 4.48, 445
3923, 2384, 8, 60, 957457, 957457, 957455, 957455, 1, 0, 4.48, 444
3923, 4086, 8, 57, 957606, 957606, 957558, 957558, 1, 0, 4.48, 443
3923, 4262, 8, 50, 961217, 961217, 961214, 961214, 1, 0, 4.48, 442
3923, 3739, 8, 51, 964317, 964317, 964306, 964306, 1, 0, 4.48, 441
3923, 4017, 8, 66, 967166, 967166, 967201, 967201, 1, 0, 4.48, 440
3923, 2384, 9, 60, 977457, 977457, 977490, 977490, 1, 0, 4.48, 439
3923, 4086, 9, 57, 977606, 977606, 977626, 977626, 1, 0, 4.48, 438
3923, 4262, 9, 51, 981217, 981217, 981274, 981274, 1, 0, 4.48, 437
3923, 3739, 9, 51, 984317, 984317, 984263, 984263, 1, 0, 4.48, 436
3923, 4017, 9, 66, 987166, 987166, 987152, 987152, 1, 0, 4.48, 435
3923, 2384, 10, 60, 997457, 997457, 997497, 997497, 1, 0, 4.48, 434
3923, 4086, 10, 57, 997606, 997606, 997587, 997587, 1, 0, 4.48, 433
3923, 4262, 10, 50, 1001217, 1001217, 1001217, 1001217, 1, 0, 4.48, 432
3923, 3739, 10, 51, 1004317, 1004317, 1004356, 1004356, 1, 0, 4.48, 431
3923, 4017, 10, 66, 1007166, 1007166, 1007162, 1007162, 1, 0, 4.48, 430
3923, 2384, 11, 60, 1017457, 1017457, 1017396, 1017396, 1, 0, 4.48, 429
3923, 4086, 11, 57, 1017606, 1017606, 1017605, 1017605, 1, 0, 4.48, 428
3923, 4262, 11, 51, 1021217, 1021217, 1021175, 1021175, 1, 0, 4.47, 427
3923, 3739, 11, 51, 1024317, 1024317, 1024282, 1024282, 1, 0, 4.47, 426
3923, 4017, 11, 66, 1027166, 1027166, 1027174, 1027174, 1, 0, 4.47, 425
3923, 2384, 12, 60, 1037457, 1037457, 1037426, 1037426, 1, 0, 4.47, 424
3923, 4086, 12, 57, 1037606, 1037606, 1037554, 1037554, 1, 0, 4.47, 423
3923, 4262, 12, 51, 1041217, 1041217, 1041249, 1041249, 1, 0, 4.47, 422
3923, 3739, 12, 51, 1044317, 1044317, 1044341, 1044341, 1, 0, 4.47, 421
3923, 4017, 12, 66, 1047166, 1047166, 1047194, 1047194, 1, 0, 4.47, 420
3923, 2384, 13, 60, 1057457, 1057457, 1057440, 1057440, 1, 0, 4.47, 419
3923, 4086, 13, 57, 1057606, 1057606, 1057629, 1057629, 1, 0, 4.47, 418
3923, 4262, 13, 51, 1061217, 1061217, 1061187, 1061187, 1, 0, 4.47, 417
3923, 3739, 13, 51, 1064317, 1064317, 1064307, 1064307, 1, 0, 4.47, 416
3923, 4017, 13, 66, 1067166, 1067166, 1067172, 1067172, 1, 0, 4.48, 415
3923, 2384, 14, 60, 1077457, 1077457, 1077451, 1077451, 1, 0, 4.48, 414
3923, 4086, 14, 57, 1077606, 1077606, 1077631, 1077631, 1, 0, 4.48, 413
3923, 4262, 14, 50, 1081217, 1081217, 1081272, 1081272, 1, 0, 4.48, 412
3923, 3739, 14, 51, 1084317, 1084317, 1084333, 1084333, 1, 0, 4.48, 411
3923, 4017, 14, 66, 1087166, 1087166, 1087126, 1087126, 1, 0, 4.48, 410
3923, 2384, 15, 60, 1097457, 1097457, 1097415, 1097415, 1, 0, 4.47, 409
3923, 4086, 15, 57, 1097606, 1097606, 1097548, 1097548, 1, 0, 4.47, 408
3923, 4262, 15, 51, 1101217, 1101217, 1101233, 1101233, 1, 0, 4.47, 407
3923, 3739, 15, 51, 1104317, 1104317, 1104346, 1104346, 1, 0, 4.47, 406
3923, 4017, 15, 66, 1107166, 1107166, 1107211, 1107211, 1, 0, 4.47, 405
3923, 2384, 16, 60, 1117457, 1117457, 1117480, 1117480, 1, 0, 4.45, 404
3923, 4086, 16, 57, 1117606, 1117606, 1117605, 1117605, 1, 0, 4.45, 403
3923, 4262, 16, 50, 1121217, 1121217, 1121205, 1121205, 1, 0, 4.45, 402
3923, 3739, 16, 51, 1124317, 1124317, 1124357, 1124357, 1, 0, 4.45, 401
3923, 4017, 16, 66, 1127166, 1127166, 1127181, 1127181, 1, 0, 4.47, 400
3923, 2384, 17, 60, 1137457, 1137457, 1137467, 1137467, 1, 0, 4.47, 399
3923, 4086, 17, 57, 1137606, 1137606, 1137585, 1137585, 1, 0, 4.47, 398
3923, 4262, 17, 50, 1141217, 1141217, 1141241, 1141241, 1, 0, 4.47, 397
3923, 3739, 17, 51, 1144317, 1144317, 1144316, 1144316, 1, 0, 4.47, 396
3923, 4017, 17, 66, 1147166, 1147166, 1147175, 1147175, 1, 0, 4.47, 395
3923, 2384, 18, 60, 1157457, 1157457, 1157441, 1157441, 1, 0, 4.45, 394
3923, 4086, 18, 57, 1157606, 1157606, 1157587, 1157587, 1, 0, 4.45, 393
3923, 4262, 18, 50, 1161217, 1161217, 1161223, 1161223, 1, 0, 4.45, 392
3923, 3739, 18, 51, 1164317, 1164317, 1164291, 1164291, 1, 0, 4.45, 391
3923, 4017, 18, 66, 1167166, 1167166, 1167200, 1167200, 1, 0, 4.45, 390
3923, 2384, 19, 60, 1177457, 1177457, 1177451, 1177451, 1, 0, 4.45, 389
3923, 4086, 19, 57, 1177606, 1177606, 1177620, 1177620, 1, 0, 4.45, 388
3923, 4262, 19, 51, 1181217, 1181217, 1181211, 1181211, 1, 0, 4.45, 387
3923, 3739, 19, 51, 1184317, 1184317, 1184343, 1184343, 1, 0, 4.45, 386
3923, 4017, 19, 66, 1187166, 1187166, 1187217, 1187217, 1, 0, 4.48, 385
3923, 2384, 20, 60, 1197457, 1197457, 1197397, 1197397, 1, 0, 4.48, 384
3923, 4086, 20, 57, 1197606, 1197606, 1197595, 1197595, 1, 0, 4.48, 383
3923, 4262, 20, 51, 1201217, 1201217, 1201194, 1201194, 1, 0, 4.48, 382
3923, 3739, 20, 51, 1204317, 1204317, 1204297, 1204297, 1, 0, 4.48, 381
3923, 4017, 20, 66, 1207166, 1207166, 1207164, 1207164, 1, 0, 4.48, 380
3923, 2384, 21, 60, 1217457, 1217457, 1217451, 1217451, 1, 0, 4.45, 379
3923, 4086, 21, 57, 1217606, 1217606, 1217575, 1217575, 1, 0, 4.45, 378
3923, 4262, 21, 51, 1221217, 1221217, 1221264, 1221264, 1, 0, 4.45, 377
3923, 3739, 21, 51, 1224317, 1224317, 1224353, 1224353, 1, 0, 4.45, 376
3923, 4017, 21, 66, 1227166, 1227166, 1227201, 1227201, 1, 0, 4.45, 375
3923, 2384, 22, 60, 1237457, 1237457, 1237415, 1237415, 1, 0, 4.48, 374
3923, 4086, 22, 57, 1237606, 1237606, 1237601, 1237601, 1, 0, 4.48, 373
3923, 4262, 22, 50, 1241217, 1241217, 1241199, 1241199, 1, 0, 4.48, 372
3923, 3739, 22, 51, 1244317, 1244317, 1244297, 1244297, 1, 0, 4.48, 371
3923, 4017, 22, 66, 1247166, 1247166, 1247169, 1247169, 1, 0, 4.47, 370
3923, 2384, 23, 60, 1257457, 1257457, 1257488, 1257488, 1, 0, 4.47, 369
3923, 4086, 23, 57, 1257606, 1257606, 1257577, 1257577, 1, 0, 4.47, 368
3923, 4262, 23, 51, 1261217, 1261217, 1261232, 1261232, 1, 0, 4.45, 367
3923, 3739, 23, 51, 1264317, 1264317, 1264375, 1264375, 1, 0, 4.45, 366
3923, 4017, 23, 66, 1267166, 1267166, 1267156, 1267156, 1, 0, 4.45, 365
3923, 2384, 24, 60, 1277457, 1277457, 1277512, 1277512, 1, 0, 4.48, 364
3923, 4086, 24, 57, 1277606, 1277606, 1277637, 1277637, 1, 0, 4.48, 363
3923, 4262, 24, 51, 1281217, 1281217, 1281192, 1281192, 1, 0, 4.48, 362
3923, 3739, 24, 51, 1284317, 1284317, 1284357, 1284357, 1, 0, 4.48, 361
3923, 4017, 24, 66, 1287166, 1287166, 1287148, 1287148, 1, 0, 4.48, 360
3923, 2384, 25, 60, 1297457, 1297457, 1297412, 1297412, 1, 0, 4.48, 359
3923, 4086, 25, 57, 1297606, 1297606, 1297598, 1297598, 1, 0, 4.48, 358
3923, 4262, 25, 51, 1301217, 1301217, 1301210, 1301210, 1, 0, 4.48, 357
3923, 3739, 25, 51, 1304317, 1304317, 1304306, 1304306, 1, 0, 4.48, 356
3923, 4017, 25, 66, 1307166, 1307166, 1307137, 1307137, 1, 0, 4.46, 355
3923, 2384, 26, 60, 1317457, 1317457, 1317447, 1317447, 1, 0, 4.46, 354
3923, 4086, 26, 57, 1317606, 1317606, 1317585, 1317585, 1, 0, 4.46, 353
3923, 4262, 26, 51, 1321217, 1321217, 1321219, 1321219, 1, 0, 4.48, 352
3923, 3739, 26, 51, 1324317, 1324317, 1324302, 1324302, 1, 0, 4.48, 351
3923, 4017, 26, 66, 1327166, 1327166, 1327208, 1327208, 1, 0, 4.48, 350
3923, 2384, 27, 60, 1337457, 1337457, 1337436, 1337436, 1, 0, 4.45, 349
3923, 4086, 27, 57, 1337606, 1337606, 1337616, 1337616, 1, 0, 4.45, 348
3923, 4262, 27, 50, 1341217, 1341217, 1341199, 1341199, 1, 0, 4.45, 347
3923, 3739, 27, 51, 1344317, 1344317, 1344310, 1344310, 1, 0, 4.45, 346
3923, 4017, 27, 66, 1347166, 1347166, 1347162, 1347162, 1, 0, 4.45, 345
3923, 2384, 28, 60, 1357457, 1357457, 1357421, 1357421, 1, 0, 4.46, 344
3923, 4086, 28, 57, 1357606, 1357606, 1357588, 1357588, 1, 0, 4.46, 343
3923, 4262, 28, 51, 1361217, 1361217, 1361208, 1361208, 1, 0, 4.46, 342
3923, 3739, 28, 51, 1364317, 1364317, 1364316, 1364316, 1, 0, 4.46, 341
3923, 4017, 28, 66, 1367166, 1367166, 1367157, 1367157, 1, 0, 4.45, 340
3923, 2384, 29, 60, 1377457, 1377457, 1377421, 1377421, 1, 0, 4.45, 339
3923, 4086, 29, 57, 1377606, 1377606, 1377605, 1377605, 1, 0, 4.45, 338
3923, 4262, 29, 51, 1381217, 1381217, 1381182, 1381182, 1, 0, 4.45, 337
3923, 3739, 29, 51, 1384317, 1384317, 1384281, 1384281, 1, 0, 4.45, 336
3923, 4017, 29, 66, 1387166, 1387166, 1387192, 1387192, 1, 0, 4.45, 335
3923, 2384, 30, 60, 1397457, 1397457, 1397483, 1397483, 1, 0, 4.48, 334
3923, 4086, 30, 57, 1397606, 1397606, 1397593, 1397593, 1, 0, 4.48, 333
3923, 4262, 30, 51, 1401217, 1401217, 1401225, 1401225, 1, 0, 4.48, 332
3923, 3739, 30, 51, 1404317, 1404317, 1404356, 1404356, 1, 0, 4.48, 331
3923, 4017, 30, 66, 1407166, 1407166, 1407150, 1407150, 1, 0, 4.48, 330
3923, 2384, 31, 60, 1417457, 1417457, 1417434, 1417434, 1, 0, 4.46, 329
3923, 4086, 31, 57, 1417606, 1417606, 1417634, 1417634, 1, 0, 4.46, 328
3923, 4262, 31, 51, 1421217, 1421217, 1421247, 1421247, 1, 0, 4.46, 327
3923, 3739, 31, 51, 1424317, 1424317, 1424324, 1424324, 1, 0, 4.46, 326
3923, 4017, 31, 66, 1427166, 1427166, 1427202, 1427202, 1, 0, 4.48, 325
3923, 2384, 32, 60, 1437457, 1437457, 1437470, 1437470, 1, 0, 4.48, 324
3923, 4086, 32, 57, 1437606, 1437606, 1437588, 1437588, 1, 0, 4.48, 323
3923, 4262, 32, 50, 1441217, 1441217, 1441205, 1441205, 1, 0, 4.46, 322
3923, 3739, 32, 51, 1444317, 1444317, 1444349, 1444349, 1, 0, 4.46, 321
3923, 4017, 32, 66, 1447166, 1447166, 1447187, 1447187, 1, 0, 4.46, 320
3923, 2384, 33, 60, 1457457, 1457457, 1457477, 1457477, 1, 0, 4.45, 319
3923, 4086, 33, 57, 1457606, 1457606, 1457609, 1457609, 1, 0, 4.45, 318
3923, 4262, 33, 51, 1461217, 1461217, 1461179, 1461179, 1, 0, 4.45, 317
3923, 3739, 33, 51, 1464317, 1464317, 1464260, 1464260, 1, 0, 4.45, 316
3923, 4017, 33, 66, 1467166, 1467166, 1467136, 1467136, 1, 0, 4.45, 315
3923, 2384, 34, 60, 1477457, 1477457, 1477434, 1477434, 1, 0, 4.47, 314
3923, 4086, 34, 57, 1477606, 1477606, 1477609, 1477609, 1, 0, 4.47, 313
3923, 4262, 34, 51, 1481217, 1481217, 1481224, 1481224, 1, 0, 4.47, 312
3923, 3739, 34, 51, 1484317, 1484317, 1484330, 1484330, 1, 0, 4.47, 311
3923, 4017, 34, 66, 1487166, 1487166, 1487184, 1487184, 1, 0, 4.48, 310
3923, 2384, 35, 60, 1497457, 1497457, 1497463, 1497463, 1, 0, 4.48, 309
3923, 4086, 35, 57, 1497606, 1497606, 1497572, 1497572, 1, 0, 4.48, 308
3923, 4262, 35, 51, 1501217, 1501217, 1501214, 1501214, 1, 0, 4.46, 307
3923, 3739, 35, 51, 1504317, 1504317, 1504361, 1504361, 1, 0, 4.46, 306
3923, 4017, 35, 66, 1507166, 1507166, 1507222, 1507222, 1, 0, 4.46, 305
3923, 2384, 36, 60, 1517457, 1517457, 1517479, 1517479, 1, 0, 4.46, 304
3923, 4086, 36, 57, 1517606, 1517606, 1517616, 1517616, 1, 0, 4.46, 303
3923, 4262, 36, 51, 1521217, 1521217, 1521226, 1521226, 1, 0, 4.46, 302
3923, 3739, 36, 51, 1524317, 1524317, 1524272, 1524272, 1, 0, 4.46, 301
3923, 4017, 36, 66, 1527166, 1527166, 1527175, 1527175, 1, 0, 4.46, 300
3923, 2384, 37, 60, 1537457, 1537457, 1537456, 1537456, 1, 0, 4.48, 299
3923, 4086, 37, 57, 1537606, 1537606, 1537619, 1537619, 1, 0, 4.48, 298
3923, 4262, 37, 51, 1541217, 1541217, 1541264, 1541264, 1, 0, 4.48, 297
3923, 3739, 37, 52, 1544317, 1544317, 1544351, 1544351, 1, 0, 4.48, 296
3923, 4017, 37, 66, 1547166, 1547166, 1547169, 1547169, 1, 0, 4.47, 295
3923, 2384, 38, 60, 1557457, 1557457, 1557469, 1557469, 1, 0, 4.47, 294
3923, 4086, 38, 57, 1557606, 1557606, 1557588, 1557588, 1, 0, 4.47, 293
3923, 4262, 38, 51, 1561217, 1561217, 1561183, 1561183, 1, 0, 4.46, 292
3923, 3739, 38, 51, 1564317, 1564317, 1564284, 1564284, 1, 0, 4.46, 291
3923, 4017, 38, 66, 1567166, 1567166, 1567146, 1567146, 1, 0, 4.46, 290
3923, 2384, 39, 60, 1577457, 1577457, 1577459, 1577459, 1, 0, 4.48, 289
3923, 4086, 39, 57, 1577606, 1577606, 1577597, 1577597, 1, 0, 4.48, 288
3923, 4262, 39, 51, 1581217, 1581217, 1581246, 1581246, 1, 0, 4.48, 287
3923, 3739, 39, 51, 1584317, 1584317, 1584296, 1584296, 1, 0, 4.48, 286
3923, 4017, 39, 66, 1587166, 1587166, 1587223, 1587223, 1, 0, 4.48, 285
3923, 2384, 40, 60, 1597457, 1597457, 1597506, 1597506, 1, 0, 4.46, 284
3923, 4086, 40, 57, 1597606, 1597606, 1597598, 1597598, 1, 0, 4.46, 283
3923, 4262, 40, 51, 1601217, 1601217, 1601220, 1601220, 1, 0, 4.46, 282
3923, 3739, 40, 51, 1604317, 1604317, 1604339, 1604339, 1, 0, 4.46, 281
3923, 4017, 40, 66, 1607166, 1607166, 1607187, 1607187, 1, 0, 4.48, 280
3923, 2384, 41, 60, 1617457, 1617457, 1617462, 1617462, 1, 0, 4.48, 279
3923, 4086, 41, 57, 1617606, 1617606, 1617581, 1617581, 1, 0, 4.48, 278
3923, 4262, 41, 50, 1621217, 1621217, 1621244, 1621244, 1, 0, 4.48, 277
3923, 3739, 41, 51, 1624317, 1624317, 1624289, 1624289, 1, 0, 4.48, 276
3923, 4017, 41, 66, 1627166, 1627166, 1627142, 1627142, 1, 0, 4.48, 275
3923, 2384, 42, 60, 1637457, 1637457, 1637495, 1637495, 1, 0, 4.48, 274
3923, 4086, 42, 57, 1637606, 1637606, 1637575, 1637575, 1, 0, 4.48, 273
3923, 4262, 42, 51, 1641217, 1641217, 1641214, 1641214, 1, 0, 4.48, 272
3923, 3739, 42, 51, 1644317, 1644317, 1644304, 1644304, 1, 0, 4.48, 271
3923, 4017, 42, 66, 1647166, 1647166, 1647177, 1647177, 1, 0, 4.48, 270
3923, 2384, 43, 60, 1657457, 1657457, 1657518, 1657518, 1, 0, 4.47, 269
3923, 4086, 43, 57, 1657606, 1657606, 1657609, 1657609, 1, 0, 4.47, 268
3923, 4262, 43, 51, 1661217, 1661217, 1661205, 1661205, 1, 0, 4.47, 267
3923, 3739, 43, 52, 1664317, 1664317, 1664265, 1664265, 1, 0, 4.47, 266
3923, 4017, 43, 66, 1667166, 1667166, 1667179, 1667179, 1, 0, 4.48, 265
3923, 2384, 44, 60, 1677457, 1677457, 1677472, 1677472, 1, 0, 4.48, 264
3923, 4086, 44, 57, 1677606, 1677606, 1677563, 1677563, 1, 0, 4.48, 263
3923, 4262, 44, 51, 1681217, 1681217, 1681214, 1681214, 1, 0, 4.48, 262
3923, 3739, 44, 51, 1684317, 1684317, 1684322, 1684322, 1, 0, 4.48, 261
3923, 4017, 44, 66, 1687166, 1687166, 1687127, 1687127, 1, 0, 4.48, 260
3923, 2384, 45, 60, 1697457, 1697457, 1697479, 1697479, 1, 0, 4.47, 259
3923, 4086, 45, 57, 1697606, 1697606, 1697598, 1697598, 1, 0, 4.47, 258
3923, 4262, 45, 51, 1701217, 1701217, 1701235, 1701235, 1, 0, 4.47, 257
3923, 3739, 45, 51, 1704317, 1704317, 1704334, 1704334, 1, 0, 4.47, 256
3923, 4017, 45, 66, 1707166, 1707166, 1707123, 1707123, 1, 0, 4.47, 255
3923, 2384, 46, 60, 1717457, 1717457, 1717408, 1717408, 1, 0, 4.48, 254
3923, 4086, 46, 57, 1717606, 1717606, 1717616, 1717616, 1, 0, 4.48, 253
3923, 4262, 46, 50, 1721217, 1721217, 1721227, 1721227, 1, 0, 4.48, 252
3923, 3739, 46, 51, 1724317, 1724317, 1724336, 1724336, 1, 0, 4.48, 251
3923, 4017, 46, 66, 1727166, 1727166, 1727198, 1727198, 1, 0, 4.45, 250
3923, 2384, 47, 60, 1737457, 1737457, 1737448, 1737448, 1, 0, 4.45, 249
3923, 4086, 47, 57, 1737606, 1737606, 1737603, 1737603, 1, 0, 4.45, 248
3923, 4262, 47, 51, 1741217, 1741217, 1741190, 1741190, 1, 0, 4.46, 247
3923, 3739, 47, 51, 1744317, 1744317, 1744290, 1744290, 1, 0, 4.46, 246
3923, 4017, 47, 66, 1747166, 1747166, 1747143, 1747143, 1, 0, 4.46, 245
3923, 2384, 48, 60, 1757457, 1757457, 1757434, 1757434, 1, 0, 4.48, 244
3923, 4086, 48, 57, 1757606, 1757606, 1757638, 1757638, 1, 0, 4.48, 243
3923, 4262, 48, 51, 1761217, 1761217, 1761232, 1761232, 1, 0, 4.48, 242
3923, 3739, 48, 51, 1764317, 1764317, 1764288, 1764288, 1, 0, 4.48, 241
3923, 4017, 48, 66, 1767166, 1767166, 1767205, 1767205, 1, 0, 4.48, 240
3923, 2384, 49, 60, 1777457, 1777457, 1777472, 1777472, 1, 0, 4.47, 239
3923, 4086, 49, 57, 1777606, 1777606, 1777585, 1777585, 1, 0, 4.47, 238
3923, 4262, 49, 50, 1781217, 1781217, 1781184, 1781184, 1, 0, 4.47, 237
3923, 3739, 49, 51, 1784317, 1784317, 1784305, 1784305, 1, 0, 4.47, 236
3923, 4017, 49, 66, 1787166, 1787166, 1787177, 1787177, 1, 0, 4.48, 235
3923, 2384, 50, 60, 1797457, 1797457, 1797445, 1797445, 1, 0, 4.48, 234
3923, 4086, 50, 57, 1797606, 1797606, 1797629, 1797629, 1, 0, 4.48, 233
3923, 4262, 50, 51, 1801217, 1801217, 1801199, 1801199, 1, 0, 4.47, 232
3923, 3739, 50, 51, 1804317, 1804317, 1804314, 1804314, 1, 0, 4.47, 231
3923, 4017, 50, 66, 1807166, 1807166, 1807182, 1807182, 1, 0, 4.47, 230
3923, 2384, 51, 60, 1817457, 1817457, 1817467, 1817467, 1, 0, 4.48, 229
3923, 4086, 51, 57, 1817606, 1817606, 1817575, 1817575, 1, 0, 4.48, 228
3923, 4262, 51, 51, 1821217, 1821217, 1821272, 1821272, 1, 0, 4.48, 227
3923, 3739, 51, 51, 1824317, 1824317, 1824343, 1824343, 1, 0, 4.48, 226
3923, 4017, 51, 66, 1827166, 1827166, 1827194, 1827194, 1, 0, 4.48, 225
3923, 2384, 52, 60, 1837457, 1837457, 1837481, 1837481, 1, 0, 4.48, 224
3923, 4086, 52, 57, 1837606, 1837606, 1837621, 1837621, 1, 0, 4.48, 223
3923, 4262, 52, 50, 1841217, 1841217, 1841176, 1841176, 1, 0, 4.48, 222
3923, 3739, 52, 51, 1844317, 1844317, 1844314, 1844314, 1, 0, 4.48, 221
3923, 4017, 52, 66, 1847166, 1847166, 1847171, 1847171, 1, 0, 4.48, 220
3923, 2384, 53, 60, 1857457, 1857457, 1857429, 1857429, 1, 0, 4.48, 219
3923, 4086, 53, 57, 1857606, 1857606, 1857562, 1857562, 1, 0, 4.48, 218
3923, 4262, 53, 51, 1861217, 1861217, 1861240, 1861240, 1, 0, 4.48, 217
3923, 3739, 53, 51, 1864317, 1864317, 1864360, 1864360, 1, 0, 4.48, 216
3923, 4017, 53, 66, 1867166, 1867166, 1867147, 1867147, 1, 0, 4.48, 215
3923, 2384, 54, 60, 1877457, 1877457, 1877425, 1877425, 1, 0, 4.47, 214
3923, 4086, 54, 57, 1877606, 1877606, 1877641, 1877641, 1, 0, 4.47, 213
3923, 4262, 54, 51, 1881217, 1881217, 1881214, 1881214, 1, 0, 4.47, 212
3923, 3739, 54, 51, 1884317, 1884317, 1884309, 1884309, 1, 0, 4.47, 211
3923, 4017, 54, 66, 1887166, 1887166, 1887152, 1887152, 1, 0, 4.47, 210
3923, 2384, 55, 60, 1897457, 1897457, 1897431, 1897431, 1, 0, 4.45, 209
3923, 4086, 55, 57, 1897606, 1897606, 1897631, 1897631, 1, 0, 4.45, 208
3923, 4262, 55, 51, 1901217, 1901217, 1901225, 1901225, 1, 0, 4.45, 207
3923, 3739, 55, 51, 1904317, 1904317, 1904277, 1904277, 1, 0, 4.45, 206
3923, 4017, 55, 66, 1907166, 1907166, 1907165, 1907165, 1, 0, 4.45, 205
3923, 2384, 56, 60, 1917457, 1917457, 1917437, 1917437, 1, 0, 4.45, 204
3923, 4086, 56, 57, 1917606, 1917606, 1917602, 1917602, 1, 0, 4.45, 203
3923, 4262, 56, 51, 1921217, 1921217, 1921211, 1921211, 1, 0, 4.45, 202
3923, 3739, 56, 51, 1924317, 1924317, 1924298, 1924298, 1, 0, 4.45, 201
3923, 4017, 56, 66, 1927166, 1927166, 1927147, 1927147, 1, 0, 4.45, 200
3923, 2384, 57, 60, 1937457, 1937457, 1937488, 1937488, 1, 0, 4.47, 199
3923, 4086, 57, 57, 1937606, 1937606, 1937581, 1937581, 1, 0, 4.47, 198
3923, 4262, 57, 51, 1941217, 1941217, 1941160, 1941160, 1, 0, 4.47, 197
3923, 3739, 57, 51, 1944317, 1944317, 1944259, 1944259, 1, 0, 4.47, 196
3923, 4017, 57, 66, 1947166, 1947166, 1947175, 1947175, 1, 0, 4.47, 195
3923, 2384, 58, 60, 1957457, 1957457, 1957427, 1957427, 1, 0, 4.47, 194
3923, 4086, 58, 57, 1957606, 1957606, 1957600, 1957600, 1, 0, 4.47, 193
3923, 4262, 58, 50, 1961217, 1961217, 1961238, 1961238, 1, 0, 4.47, 192
3923, 3739, 58, 51, 1964317, 1964317, 1964305, 1964305, 1, 0, 4.47, 191
3923, 4017, 58, 66, 1967166, 1967166, 1967174, 1967174, 1, 0, 4.48, 190
3923, 2384, 59, 60, 1977457, 1977457, 1977461, 1977461, 1, 0, 4.48, 189
3923, 4086, 59, 57, 1977606, 1977606, 1977605, 1977605, 1, 0, 4.48, 188
3923, 4262, 59, 51, 1981217, 1981217, 1981253, 1981253, 1, 0, 4.47, 187
3923, 3739, 59, 51, 1984317, 1984317, 1984319, 1984319, 1, 0, 4.47, 186
3923, 4017, 59, 66, 1987166, 1987166, 1987125, 1987125, 1, 0, 4.47, 185
3923, 2384, 60, 60, 1997457, 1997457, 1997462, 1997462, 1, 0, 4.47, 184
3923, 4086, 60, 57, 1997606, 1997606, 1997567, 1997567, 1, 0, 4.47, 183
3923, 4262, 60, 51, 2001217, 2001217, 2001205, 2001205, 1, 0, 4.47, 182
3923, 3739, 60, 51, 2004317, 2004317, 2004324, 2004324, 1, 0, 4.47, 181
3923, 4017, 60, 66, 2007166, 2007166, 2007200, 2007200, 1, 0, 4.47, 180
3923, 2384, 61, 60, 2017457, 2017457, 2017444, 2017444, 1, 0, 4.48, 179
3923, 4086, 61, 57, 2017606, 2017606, 2017622, 2017622, 1, 0, 4.48, 178
3923, 4262, 61, 51, 2021217, 2021217, 2021206, 2021206, 1, 0, 4.48, 177
3923, 3739, 61, 51, 2024317, 2024317, 2024349, 2024349, 1, 0, 4.48, 176
3923, 4017, 61, 66, 2027166, 2027166, 2027198, 2027198, 1, 0, 4.48, 175
3923, 2384, 62, 60, 2037457, 2037457, 2037480, 2037480, 1, 0, 4.48, 174
3923, 4086, 62, 57, 2037606, 2037606, 2037608, 2037608, 1, 0, 4.48, 173
3923, 4262, 62, 51, 2041217, 2041217, 2041264, 2041264, 1, 0, 4.47, 172
3923, 3739, 62, 51, 2044317, 2044317, 2044321, 2044321, 1, 0, 4.47, 171
3923, 4017, 62, 66, 2047166, 2047166, 2047229, 2047229, 1, 0, 4.47, 170
3923, 2384, 63, 60, 2057457, 2057457, 2057474, 2057474, 1, 0, 4.48, 169
3923, 4086, 63, 57, 2057606, 2057606, 2057554, 2057554, 1, 0, 4.48, 168
3923, 4262, 63, 51, 2061217, 2061217, 2061197, 2061197, 1, 0, 4.48, 167
3923, 3739, 63, 51, 2064317, 2064317, 2064333, 2064333, 1, 0, 4.48, 166
3923, 4017, 63, 66, 2067166, 2067166, 2067196, 2067196, 1, 0, 4.48, 165
3923, 2384, 64, 60, 2077457, 2077457, 2077464, 2077464, 1, 0, 4.47, 164
3923, 4086, 64, 57, 2077606, 2077606, 2077630, 2077630, 1, 0, 4.47, 163
3923, 4262, 64, 50, 2081217, 2081217, 2081209, 2081209, 1, 0, 4.47, 162
3923, 3739, 64, 51, 2084317, 2084317, 2084268, 2084268, 1, 0, 4.47, 161
3923, 4017, 64, 66, 2087166, 2087166, 2087145, 2087145, 1, 0, 4.48, 160
3923, 2384, 65, 60, 2097457, 2097457, 2097435, 2097435, 1, 0, 4.48, 159
3923, 4086, 65, 57, 2097606, 2097606, 2097615, 2097615, 1, 0, 4.48, 158
3923, 4262, 65, 51, 2101217, 2101217, 2101236, 2101236, 1, 0, 4.48, 157
3923, 3739, 65, 51, 2104317, 2104317, 2104360, 2104360, 1, 0, 4.48, 156
3923, 4017, 65, 66, 2107166, 2107166, 2107185, 2107185, 1, 0, 4.48, 155
3923, 2384, 66, 60, 2117457, 2117457, 2117437, 2117437, 1, 0, 4.48, 154
3923, 4086, 66, 57, 2117606, 2117606, 2117593, 2117593, 1, 0, 4.48, 153
3923, 4262, 66, 51, 2121217, 2121217, 2121258, 2121258, 1, 0, 4.48, 152
3923, 3739, 66, 51, 2124317, 2124317, 2124333, 2124333, 1, 0, 4.48, 151
3923, 4017, 66, 66, 2127166, 2127166, 2127157, 2127157, 1, 0, 4.48, 150
3923, 2384, 67, 60, 2137457, 2137457, 2137478, 2137478, 1, 0, 4.49, 149
3923, 4086, 67, 57, 2137606, 2137606, 2137587, 2137587, 1, 0, 4.49, 148
3923, 4262, 67, 51, 2141217, 2141217, 2141200, 2141200, 1, 0, 4.49, 147
3923, 3739, 67, 51, 2144317, 2144317, 2144306, 2144306, 1, 0, 4.49, 146
3923, 4017, 67, 66, 2147166, 2147166, 2147161, 2147161, 1, 0, 4.48, 145
3923, 2384, 68, 60, 2157457, 2157457, 2157439, 2157439, 1, 0, 4.48, 144
3923, 4086, 68, 57, 2157606, 2157606, 2157586, 2157586, 1, 0, 4.48, 143
3923, 4262, 68, 51, 2161217, 2161217, 2161206, 2161206, 1, 0, 4.49, 142
3923, 3739, 68, 51, 2164317, 2164317, 2164294, 2164294, 1, 0, 4.49, 141
3923, 4017, 68, 66, 2167166, 2167166, 2167157, 2167157, 1, 0, 4.49, 140
3923, 2384, 69, 60, 2177457, 2177457, 2177451, 2177451, 1, 0, 4.48, 139
3923, 4086, 69, 57, 2177606, 2177606, 2177633, 2177633, 1, 0, 4.48, 138
3923, 4262, 69, 51, 2181217, 2181217, 2181212, 2181212, 1, 0, 4.48, 137
3923, 3739, 69, 51, 2184317, 2184317, 2184318, 2184318, 1, 0, 4.48, 136
3923, 4017, 69, 66, 2187166, 2187166, 2187191, 2187191, 1, 0, 4.48, 135
3923, 2384, 70, 60, 2197457, 2197457, 2197500, 2197500, 1, 0, 4.47, 134
3923, 4086, 70, 57, 2197606, 2197606, 2197594, 2197594, 1, 0, 4.47, 133
3923, 4262, 70, 51, 2201217, 2201217, 2201173, 2201173, 1, 0, 4.47, 132
3923, 3739, 70, 51, 2204317, 2204317, 2204325, 2204325, 1, 0, 4.47, 131
3923, 4017, 70, 66, 2207166, 2207166, 2207150, 2207150, 1, 0, 4.48, 130
3923, 2384, 71, 60, 2217457, 2217457, 2217487, 2217487, 1, 0, 4.48, 129
3923, 4086, 71, 57, 2217606, 2217606, 2217569, 2217569, 1, 0, 4.48, 128
3923, 4262, 71, 51, 2221217, 2221217, 2221239, 2221239, 1, 0, 4.49, 127
3923, 3739, 71, 51, 2224317, 2224317, 2224337, 2224337, 1, 0, 4.49, 126
3923, 4017, 71, 66, 2227166, 2227166, 2227211, 2227211, 1, 0, 4.49, 125
3923, 2384, 72, 60, 2237457, 2237457, 2237485, 2237485, 1, 0, 4.48, 124
3923, 4086, 72, 57, 2237606, 2237606, 2237576, 2237576, 1, 0, 4.48, 123
3923, 4262, 72, 51, 2241217, 2241217, 2241214, 2241214, 1, 0, 4.48, 122
3923, 3739, 72, 51, 2244317, 2244317, 2244303, 2244303, 1, 0, 4.48, 121
3923, 4017, 72, 66, 2247166, 2247166, 2247221, 2247221, 1, 0, 4.48, 120
3923, 2384, 73, 60, 2257457, 2257457, 2257452, 2257452, 1, 0, 4.48, 119
3923, 4086, 73, 57, 2257606, 2257606, 2257638, 2257638, 1, 0, 4.48, 118
3923, 4262, 73, 51, 2261217, 2261217, 2261216, 2261216, 1, 0, 4.48, 117
3923, 3739, 73, 51, 2264317, 2264317, 2264268, 2264268, 1, 0, 4.48, 116
3923, 4017, 73, 66, 2267166, 2267166, 2267151, 2267151, 1, 0, 4.47, 115
3923, 2384, 74, 60, 2277457, 2277457, 2277502, 2277502, 1, 0, 4.47, 114
3923, 4086, 74, 57, 2277606, 2277606, 2277589, 2277589, 1, 0, 4.47, 113
3923, 4262, 74, 51, 2281217, 2281217, 2281226, 2281226, 1, 0, 4.48, 112
3923, 3739, 74, 51, 2284317, 2284317, 2284305, 2284305, 1, 0, 4.48, 111
3923, 4017, 74, 66, 2287166, 2287166, 2287168, 2287168, 1, 0, 4.48, 110
3923, 2384, 75, 60, 2297457, 2297457, 2297449, 2297449, 1, 0, 4.48, 109
3923, 4086, 75, 57, 2297606, 2297606, 2297625, 2297625, 1, 0, 4.48, 108
3923, 4262, 75, 50, 2301217, 2301217, 2301248, 2301248, 1, 0, 4.48, 107
3923, 3739, 75, 51, 2304317, 2304317, 2304321, 2304321, 1, 0, 4.48, 106
3923, 4017, 75, 66, 2307166, 2307166, 2307132, 2307132, 1, 0, 4.48, 105
3923, 2384, 76, 60, 2317457, 2317457, 2317406, 2317406, 1, 0, 4.48, 104
3923, 4086, 76, 57, 2317606, 2317606, 2317596, 2317596, 1, 0, 4.48, 103
3923, 4262, 76, 51, 2321217, 2321217, 2321190, 2321190, 1, 0, 4.48, 102
3923, 3739, 76, 51, 2324317, 2324317, 2324298, 2324298, 1, 0, 4.48, 101
3923, 4017, 76, 66, 2327166, 2327166, 2327135, 2327135, 1, 0, 4.49, 100
3923, 2384, 77, 60, 2337457, 2337457, 2337474, 2337474, 1, 0, 4.49, 99
3923, 4086, 77, 57, 2337606, 2337606, 2337617, 2337617, 1, 0, 4.49, 98
3923, 4262, 77, 51, 2341217, 2341217, 2341240, 2341240, 1, 0, 4.49, 97
3923, 3739, 77, 51, 2344317, 2344317, 2344311, 2344311, 1, 0, 4.49, 96
3923, 4017, 77, 66, 2347166, 2347166, 2347193, 2347193, 1, 0, 4.49, 95
3923, 2384, 78, 60, 2357457, 2357457, 2357479, 2357479, 1, 0, 4.48, 94
3923, 4086, 78, 57, 2357606, 2357606, 2357591, 2357591, 1, 0, 4.48, 93
3923, 4262, 78, 51, 2361217, 2361217, 2361256, 2361256, 1, 0, 4.48, 92
3923, 3739, 78, 51, 2364317, 2364317, 2364342, 2364342, 1, 0, 4.48, 91
3923, 4017, 78, 66, 2367166, 2367166, 2367182, 2367182, 1, 0, 4.48, 90
3923, 2384, 79, 60, 2377457, 2377457, 2377460, 2377460, 1, 0, 4.48, 89
3923, 4086, 79, 57, 2377606, 2377606, 2377644, 2377644, 1, 0, 4.48, 88
3923, 4262, 79, 51, 2381217, 2381217, 2381218, 2381218, 1, 0, 4.48, 87
3923, 3739, 79, 51, 2384317, 2384317, 2384321, 2384321, 1, 0, 4.48, 86
3923, 4017, 79, 66, 2387166, 2387166, 2387137, 2387137, 1, 0, 4.48, 85
3923, 2384, 80, 60, 2397457, 2397457, 2397461, 2397461, 1, 0, 4.48, 84
3923, 4086, 80, 57, 2397606, 2397606, 2397634, 2397634, 1, 0, 4.48, 83
3923, 4262, 80, 51, 2401217, 2401217, 2401197, 2401197, 1, 0, 4.48, 82
3923, 3739, 80, 51, 2404317, 2404317, 2404318, 2404318, 1, 0, 4.48, 81
3923, 4017, 80, 66, 2407166, 2407166, 2407184, 2407184, 1, 0, 4.48, 80
3923, 2384, 81, 60, 2417457, 2417457, 2417489, 2417489, 1, 0, 4.50, 79
3923, 4086, 81, 57, 2417606, 2417606, 2417558, 2417558, 1, 0, 4.50, 78
3923, 4262, 81, 51, 2421217, 2421217, 2421236, 2421236, 1, 0, 4.50, 77
3923, 3739, 81, 51, 2424317, 2424317, 2424309, 2424309, 1, 0, 4.50, 76
3923, 4017, 81, 66, 2427166, 2427166, 2427171, 2427171, 1, 0, 4.50, 75
3923, 2384, 82, 60, 2437457, 2437457, 2437497, 2437497, 1, 0, 4.49, 74
3923, 4086, 82, 57, 2437606, 2437606, 2437613, 2437613, 1, 0, 4.49, 73
3923, 4262, 82, 51, 2441217, 2441217, 2441207, 2441207, 1, 0, 4.49, 72
3923, 3739, 82, 51, 2444317, 2444317, 2444304, 2444304, 1, 0, 4.49, 71
3923, 4017, 82, 66, 2447166, 2447166, 2447202, 2447202, 1, 0, 4.48, 70
3923, 2384, 83, 60, 2457457, 2457457, 2457463, 2457463, 1, 0, 4.48, 69
3923, 4086, 83, 57, 2457606, 2457606, 2457618, 2457618, 1, 0, 4.48, 68
3923, 4262, 83, 51, 2461217, 2461217, 2461257, 2461257, 1, 0, 4.49, 67
3923, 3739, 83, 51, 2464317, 2464317, 2464355, 2464355, 1, 0, 4.49, 66
3923, 4017, 83, 66, 2467166, 2467166, 2467120, 2467120, 1, 0, 4.49, 65
3923, 2384, 84, 60, 2477457, 2477457, 2477488, 2477488, 1, 0, 4.50, 64
3923, 4086, 84, 57, 2477606, 2477606, 2477621, 2477621, 1, 0, 4.50, 63
3923, 4262, 84, 51, 2481217, 2481217, 2481254, 2481254, 1, 0, 4.50, 62
3923, 3739, 84, 51, 2484317, 2484317, 2484302, 2484302, 1, 0, 4.50, 61
3923, 4017, 84, 66, 2487166, 2487166, 2487177, 2487177, 1, 0, 4.50, 60
3923, 2384, 85, 60, 2497457, 2497457, 2497469, 2497469, 1, 0, 4.50, 59
3923, 4086, 85, 57, 2497606, 2497606, 2497610, 2497610, 1, 0, 4.50, 58
3923, 4262, 85, 51, 2501217, 2501217, 2501197, 2501197, 1, 0, 4.50, 57
3923, 3739, 85, 51, 2504317, 2504317, 2504309, 2504309, 1, 0, 4.50, 56
3923, 4017, 85, 66, 2507166, 2507166, 2507138, 2507138, 1, 0, 4.49, 55
3923, 2384, 86, 60, 2517457, 2517457, 2517490, 2517490, 1, 0, 4.49, 54
3923, 4086, 86, 57, 2517606, 2517606, 2517609, 2517609, 1, 0, 4.49, 53
3923, 4262, 86, 51, 2521217, 2521217, 2521250, 2521250, 1, 0, 4.50, 52
3923, 3739, 86, 51, 2524317, 2524317, 2524312, 2524312, 1, 0, 4.50, 51
3923, 4017, 86, 66, 2527166, 2527166, 2527171, 2527171, 1, 0, 4.50, 50
3923, 2384, 87, 60, 2537457, 2537457, 2537470, 2537470, 1, 0, 4.49, 49
3923, 4086, 87, 57, 2537606, 2537606, 2537606, 2537606, 1, 0, 4.49, 48
3923, 4262, 87, 51, 2541217, 2541217, 2541252, 2541252, 1, 0, 4.49, 47
3923, 3739, 87, 51, 2544317, 2544317, 2544319, 2544319, 1, 0, 4.49, 46
3923, 4017, 87, 66, 2547166, 2547166, 2547137, 2547137, 1, 0, 4.49, 45
3923, 2384, 88, 60, 2557457, 2557457, 2557482, 2557482, 1, 0, 4.51, 44
3923, 4086, 88, 57, 2557606, 2557606, 2557599, 2557599, 1, 0, 4.51, 43
3923, 4262, 88, 51, 2561217, 2561217, 2561266, 2561266, 1, 0, 4.51, 42
3923, 3739, 88, 51, 2564317, 2564317, 2564322, 2564322, 1, 0, 4.51, 41
3923, 4017, 88, 66, 2567166, 2567166, 2567223, 2567223, 1, 0, 4.50, 40
3923, 2384, 89, 60, 2577457, 2577457, 2577447, 2577447, 1, 0, 4.50, 39
3923, 4086, 89, 57, 2577606, 2577606, 2577608, 2577608, 1, 0, 4.50, 38
3923, 4262, 89, 51, 2581217, 2581217, 2581195, 2581195, 1, 0, 4.49, 37
3923, 3739, 89, 51, 2584317, 2584317, 2584286, 2584286, 1, 0, 4.49, 36
3923, 4017, 89, 66, 2587166, 2587166, 2587135, 2587135, 1, 0, 4.49, 35
3923, 2384, 90, 60, 2597457, 2597457, 2597472, 2597472, 1, 0, 4.50, 34
3923, 4086, 90, 57, 2597606, 2597606, 2597628, 2597628, 1, 0, 4.50, 33
3923, 4262, 90, 51, 2601217, 2601217, 2601242, 2601242, 1, 0, 4.50, 32
3923, 3739, 90, 51, 2604317, 2604317, 2604345, 2604345, 1, 0, 4.50, 31
3923, 4017, 90, 66, 2607166, 2607166, 2607214, 2607214, 1, 0, 4.50, 30
3923, 2384, 91, 60, 2617457, 2617457, 2617437, 2617437, 1, 0, 4.49, 29
3923, 4086, 91, 57, 2617606, 2617606, 2617568, 2617568, 1, 0, 4.49, 28
3923, 4262, 91, 51, 2621217, 2621217, 2621230, 2621230, 1, 0, 4.49, 27
3923, 3739, 91, 51, 2624317, 2624317, 2624298, 2624298, 1, 0, 4.49, 26
3923, 4017, 91, 66, 2627166, 2627166, 2627129, 2627129, 1, 0, 4.50, 25
3923, 2384, 92, 60, 2637457, 2637457, 2637429, 2637429, 1, 0, 4.50, 24
3923, 4086, 92, 57, 2637606, 2637606, 2637640, 2637640, 1, 0, 4.50, 23
3923, 4262, 92, 51, 2641217, 2641217, 2641229, 2641229, 1, 0, 4.49, 22
3923, 3739, 92, 51, 2644317, 2644317, 2644320, 2644320, 1, 0, 4.49, 21
3923, 4017, 92, 66, 2647166, 2647166, 2647208, 2647208, 1, 0, 4.49, 20
3923, 2384, 93, 60, 2657457, 2657457, 2657475, 2657475, 1, 0, 4.51, 19
3923, 4086, 93, 57, 2657606, 2657606, 2657584, 2657584, 1, 0, 4.51, 18
3923, 4262, 93, 51, 2661217, 2661217, 2661249, 2661249, 1, 0, 4.51, 17
3923, 3739, 93, 51, 2664317, 2664317, 2664357, 2664357, 1, 0, 4.51, 16
3923, 4017, 93, 66, 2667166, 2667166, 2667203, 2667203, 1, 0, 4.51, 15
3923, 2384, 94, 60, 2677457, 2677457, 2677432, 2677432, 1, 0, 4.49, 14
