4262, 4086, 0, 49, 797606, 797606, 797613, 797613, 1, 0, 4.33, 484
4262, 2384, 0, 69, 797457, 797457, 797476, 797476, 1, 0, 4.33, 483
4262, 3739, 0, 46, 804317, 804317, 804279, 804279, 1, 0, 4.33, 482
4262, 4017, 0, 54, 807166, 807166, 807154, 807154, 1, 0, 4.33, 481
4262, 3923, 0, 51, 810236, 810236, 810204, 810204, 1, 0, 4.32, 480
4262, 2384, 1, 68, 817457, 817457, 817464, 817464, 1, 0, 4.32, 479
4262, 4086, 1, 48, 817606, 817606, 817586, 817586, 1, 0, 4.32, 478
4262, 3739, 1, 46, 824317, 824317, 824324, 824324, 1, 0, 4.32, 477
4262, 4017, 1, 55, 827166, 827166, 827152, 827152, 1, 0, 4.32, 476
4262, 3923, 1, 51, 830236, 830236, 830224, 830224, 1, 0, 4.32, 475
4262, 2384, 2, 69, 837457, 837457, 837438, 837438, 1, 0, 4.32, 474
4262, 4086, 2, 48, 837606, 837606, 837617, 837617, 1, 0, 4.32, 473
4262, 3739, 2, 46, 844317, 844317, 844308, 844308, 1, 0, 4.33, 472
4262, 4017, 2, 55, 847166, 847166, 847171, 847171, 1, 0, 4.33, 471
4262, 3923, 2, 51, 850236, 850236, 850282, 850282, 1, 0, 4.33, 470
4262, 4086, 3, 48, 857606, 857606, 857622, 857622, 1, 0, 4.34, 469
4262, 2384, 3, 69, 857457, 857457, 857477, 857477, 1, 0, 4.34, 468
4262, 3739, 3, 46, 864317, 864317, 864375, 864375, 1, 0, 4.34, 467
4262, 4017, 3, 55, 867166, 867166, 867179, 867179, 1, 0, 4.34, 466
4262, 3923, 3, 51, 870236, 870236, 870242, 870242, 1, 0, 4.33, 465
4262, 4086, 4, 49, 877606, 877606, 877564, 877564, 1, 0, 4.33, 464
4262, 2384, 4, 69, 877457, 877457, 877411, 877411, 1, 0, 4.33, 463
4262, 3739, 4, 45, 884317, 884317, 884339, 884339, 1, 0, 4.33, 462
4262, 4017, 4, 55, 887166, 887166, 887168, 887168, 1, 0, 4.35, 461
4262, 3923, 4, 51, 890236, 890236, 890227, 890227, 1, 0, 4.35, 460
4262, 2384, 5, 69, 897457, 897457, 897456, 897456, 1, 0, 4.35, 459
4262, 4086, 5, 48, 897606, 897606, 897640, 897640, 1, 0, 4.35, 458
4262, 3739, 5, 46, 904317, 904317, 904289, 904289, 1, 0, 4.34, 457
4262, 4017, 5, 55, 907166, 907166, 907164, 907164, 1, 0, 4.34, 456
4262, 3923, 5, 51, 910236, 910236, 910232, 910232, 1, 0, 4.34, 455
4262, 2384, 6, 68, 917457, 917457, 917399, 917399, 1, 0, 4.34, 454
4262, 4086, 6, 48, 917606, 917606, 917574, 917574, 1, 0, 4.34, 453
4262, 3739, 6, 46, 924317, 924317, 924294, 924294, 1, 0, 4.34, 452
4262, 4017, 6, 55, 927166, 927166, 927176, 927176, 1, 0, 4.34, 451
4262, 3923, 6, 51, 930236, 930236, 930223, 930223, 1, 0, 4.35, 450
4262, 2384, 7, 68, 937457, 937457, 937457, 937457, 1, 0, 4.35, 449
4262, 4086, 7, 48, 937606, 937606, 937560, 937560, 1, 0, 4.35, 448
4262, 3739, 7, 46, 944317, 944317, 944338, 944338, 1, 0, 4.35, 447
4262, 4017, 7, 55, 947166, 947166, 947181, 947181, 1, 0, 4.35, 446
4262, 3923, 7, 51, 950236, 950236, 950233, 950233, 1, 0, 4.35, 445
4262, 2384, 8, 69, 957457, 957457, 957469, 957469, 1, 0, 4.35, 444
4262, 4086, 8, 49, 957606, 957606, 957572, 957572, 1, 0, 4.35, 443
4262, 3739, 8, 46, 964317, 964317, 964314, 964314, 1, 0, 4.35, 442
4262, 4017, 8, 55, 967166, 967166, 967201, 967201, 1, 0, 4.35, 441
4262, 3923, 8, 51, 970236, 970236, 970227, 970227, 1, 0, 4.35, 440
4262, 4086, 9, 48, 977606, 977606, 977633, 977633, 1, 0, 4.35, 439
4262, 2384, 9, 69, 977457, 977457, 977501, 977501, 1, 0, 4.35, 438
4262, 3739, 9, 46, 984317, 984317, 984316, 984316, 1, 0, 4.35, 437
4262, 4017, 9, 55, 987166, 987166, 987146, 987146, 1, 0, 4.35, 436
4262, 3923, 9, 51, 990236, 990236, 990234, 990234, 1, 0, 4.36, 435
4262, 2384, 10, 69, 997457, 997457, 997434, 997434, 1, 0, 4.36, 434
4262, 4086, 10, 48, 997606, 997606, 997583, 997583, 1, 0, 4.36, 433
4262, 3739, 10, 46, 1004317, 1004317, 1004294, 1004294, 1, 0, 4.36, 432
4262, 4017, 10, 55, 1007166, 1007166, 1007118, 1007118, 1, 0, 4.35, 431
4262, 3923, 10, 51, 1010236, 1010236, 1010205, 1010205, 1, 0, 4.35, 430
4262, 2384, 11, 69, 1017457, 1017457, 1017433, 1017433, 1, 0, 4.35, 429
4262, 4086, 11, 48, 1017606, 1017606, 1017579, 1017579, 1, 0, 4.35, 428
4262, 3739, 11, 46, 1024317, 1024317, 1024321, 1024321, 1, 0, 4.35, 427
4262, 4017, 11, 55, 1027166, 1027166, 1027218, 1027218, 1, 0, 4.35, 426
4262, 3923, 11, 51, 1030236, 1030236, 1030270, 1030270, 1, 0, 4.35, 425
4262, 2384, 12, 69, 1037457, 1037457, 1037466, 1037466, 1, 0, 4.35, 424
4262, 4086, 12, 48, 1037606, 1037606, 1037651, 1037651, 1, 0, 4.35, 423
4262, 3739, 12, 46, 1044317, 1044317, 1044305, 1044305, 1, 0, 4.35, 422
4262, 4017, 12, 55, 1047166, 1047166, 1047152, 1047152, 1, 0, 4.35, 421
4262, 3923, 12, 51, 1050236, 1050236, 1050185, 1050185, 1, 0, 4.36, 420
4262, 4086, 13, 48, 1057606, 1057606, 1057574, 1057574, 1, 0, 4.36, 419
4262, 2384, 13, 69, 1057457, 1057457, 1057450, 1057450, 1, 0, 4.36, 418
4262, 3739, 13, 46, 1064317, 1064317, 1064267, 1064267, 1, 0, 4.36, 417
4262, 4017, 13, 55, 1067166, 1067166, 1067193, 1067193, 1, 0, 4.34, 416
4262, 3923, 13, 51, 1070236, 1070236, 1070241, 1070241, 1, 0, 4.34, 415
4262, 4086, 14, 48, 1077606, 1077606, 1077643, 1077643, 1, 0, 4.34, 414
4262, 2384, 14, 69, 1077457, 1077457, 1077464, 1077464, 1, 0, 4.34, 413
4262, 3739, 14, 46, 1084317, 1084317, 1084266, 1084266, 1, 0, 4.38, 412
4262, 4017, 14, 55, 1087166, 1087166, 1087121, 1087121, 1, 0, 4.38, 411
4262, 3923, 14, 51, 1090236, 1090236, 1090245, 1090245, 1, 0, 4.38, 410
4262, 4086, 15, 49, 1097606, 1097606, 1097607, 1097607, 1, 0, 4.36, 409
4262, 2384, 15, 69, 1097457, 1097457, 1097415, 1097415, 1, 0, 4.36, 408
4262, 3739, 15, 46, 1104317, 1104317, 1104332, 1104332, 1, 0, 4.36, 407
4262, 4017, 15, 55, 1107166, 1107166, 1107196, 1107196, 1, 0, 4.36, 406
4262, 3923, 15, 51, 1110236, 1110236, 1110235, 1110235, 1, 0, 4.35, 405
4262, 2384, 16, 69, 1117457, 1117457, 1117490, 1117490, 1, 0, 4.35, 404
4262, 4086, 16, 48, 1117606, 1117606, 1117617, 1117617, 1, 0, 4.35, 403
4262, 3739, 16, 45, 1124317, 1124317, 1124293, 1124293, 1, 0, 4.35, 402
4262, 4017, 16, 55, 1127166, 1127166, 1127162, 1127162, 1, 0, 4.35, 401
4262, 3923, 16, 51, 1130236, 1130236, 1130225, 1130225, 1, 0, 4.35, 400
4262, 4086, 17, 49, 1137606, 1137606, 1137559, 1137559, 1, 0, 4.35, 399
4262, 2384, 17, 68, 1137457, 1137457, 1137440, 1137440, 1, 0, 4.35, 398
4262, 3739, 17, 45, 1144317, 1144317, 1144355, 1144355, 1, 0, 4.37, 397
4262, 4017, 17, 55, 1147166, 1147166, 1147160, 1147160, 1, 0, 4.37, 396
4262, 3923, 17, 51, 1150236, 1150236, 1150232, 1150232, 1, 0, 4.37, 395
4262, 2384, 18, 69, 1157457, 1157457, 1157499, 1157499, 1, 0, 4.36, 394
4262, 4086, 18, 48, 1157606, 1157606, 1157648, 1157648, 1, 0, 4.36, 393
4262, 3739, 18, 46, 1164317, 1164317, 1164347, 1164347, 1, 0, 4.36, 392
4262, 4017, 18, 55, 1167166, 1167166, 1167192, 1167192, 1, 0, 4.36, 391
4262, 3923, 18, 51, 1170236, 1170236, 1170230, 1170230, 1, 0, 4.35, 390
4262, 2384, 19, 68, 1177457, 1177457, 1177441, 1177441, 1, 0, 4.35, 389
4262, 4086, 19, 49, 1177606, 1177606, 1177609, 1177609, 1, 0, 4.35, 388
4262, 3739, 19, 45, 1184317, 1184317, 1184292, 1184292, 1, 0, 4.35, 387
4262, 4017, 19, 55, 1187166, 1187166, 1187173, 1187173, 1, 0, 4.38, 386
4262, 3923, 19, 51, 1190236, 1190236, 1190204, 1190204, 1, 0, 4.38, 385
4262, 4086, 20, 48, 1197606, 1197606, 1197611, 1197611, 1, 0, 4.38, 384
4262, 2384, 20, 69, 1197457, 1197457, 1197425, 1197425, 1, 0, 4.38, 383
4262, 3739, 20, 46, 1204317, 1204317, 1204319, 1204319, 1, 0, 4.39, 382
4262, 4017, 20, 55, 1207166, 1207166, 1207177, 1207177, 1, 0, 4.39, 381
4262, 3923, 20, 51, 1210236, 1210236, 1210248, 1210248, 1, 0, 4.39, 380
4262, 2384, 21, 69, 1217457, 1217457, 1217458, 1217458, 1, 0, 4.38, 379
4262, 4086, 21, 48, 1217606, 1217606, 1217586, 1217586, 1, 0, 4.38, 378
4262, 3739, 21, 45, 1224317, 1224317, 1224297, 1224297, 1, 0, 4.38, 377
4262, 4017, 21, 55, 1227166, 1227166, 1227206, 1227206, 1, 0, 4.38, 376
4262, 3923, 21, 51, 1230236, 1230236, 1230190, 1230190, 1, 0, 4.37, 375
4262, 4086, 22, 48, 1237606, 1237606, 1237616, 1237616, 1, 0, 4.37, 374
4262, 2384, 22, 69, 1237457, 1237457, 1237429, 1237429, 1, 0, 4.37, 373
4262, 3739, 22, 45, 1244317, 1244317, 1244321, 1244321, 1, 0, 4.37, 372
4262, 4017, 22, 55, 1247166, 1247166, 1247207, 1247207, 1, 0, 4.39, 371
4262, 3923, 22, 51, 1250236, 1250236, 1250268, 1250268, 1, 0, 4.39, 370
4262, 2384, 23, 69, 1257457, 1257457, 1257407, 1257407, 1, 0, 4.39, 369
4262, 4086, 23, 48, 1257606, 1257606, 1257561, 1257561, 1, 0, 4.39, 368
4262, 3739, 23, 46, 1264317, 1264317, 1264343, 1264343, 1, 0, 4.39, 367
4262, 4017, 23, 55, 1267166, 1267166, 1267177, 1267177, 1, 0, 4.39, 366
4262, 3923, 23, 51, 1270236, 1270236, 1270268, 1270268, 1, 0, 4.39, 365
4262, 2384, 24, 69, 1277457, 1277457, 1277468, 1277468, 1, 0, 4.40, 364
4262, 4086, 24, 48, 1277606, 1277606, 1277652, 1277652, 1, 0, 4.40, 363
4262, 3739, 24, 46, 1284317, 1284317, 1284338, 1284338, 1, 0, 4.40, 362
4262, 4017, 24, 55, 1287166, 1287166, 1287191, 1287191, 1, 0, 4.40, 361
4262, 3923, 24, 51, 1290236, 1290236, 1290283, 1290283, 1, 0, 4.39, 360
4262, 2384, 25, 69, 1297457, 1297457, 1297488, 1297488, 1, 0, 4.39, 359
4262, 4086, 25, 48, 1297606, 1297606, 1297613, 1297613, 1, 0, 4.39, 358
4262, 3739, 25, 45, 1304317, 1304317, 1304314, 1304314, 1, 0, 4.39, 357
4262, 4017, 25, 55, 1307166, 1307166, 1307151, 1307151, 1, 0, 4.38, 356
4262, 3923, 25, 51, 1310236, 1310236, 1310248, 1310248, 1, 0, 4.38, 355
4262, 2384, 26, 69, 1317457, 1317457, 1317452, 1317452, 1, 0, 4.38, 354
4262, 4086, 26, 48, 1317606, 1317606, 1317590, 1317590, 1, 0, 4.38, 353
4262, 3739, 26, 45, 1324317, 1324317, 1324350, 1324350, 1, 0, 4.39, 352
4262, 4017, 26, 55, 1327166, 1327166, 1327199, 1327199, 1, 0, 4.39, 351
4262, 3923, 26, 51, 1330236, 1330236, 1330212, 1330212, 1, 0, 4.39, 350
4262, 4086, 27, 49, 1337606, 1337606, 1337587, 1337587, 1, 0, 4.39, 349
4262, 2384, 27, 69, 1337457, 1337457, 1337470, 1337470, 1, 0, 4.39, 348
4262, 3739, 27, 46, 1344317, 1344317, 1344317, 1344317, 1, 0, 4.39, 347
4262, 4017, 27, 55, 1347166, 1347166, 1347129, 1347129, 1, 0, 4.39, 346
4262, 3923, 27, 51, 1350236, 1350236, 1350244, 1350244, 1, 0, 4.41, 345
4262, 4086, 28, 49, 1357606, 1357606, 1357605, 1357605, 1, 0, 4.41, 344
4262, 2384, 28, 69, 1357457, 1357457, 1357437, 1357437, 1, 0, 4.41, 343
4262, 3739, 28, 45, 1364317, 1364317, 1364268, 1364268, 1, 0, 4.41, 342
4262, 4017, 28, 55, 1367166, 1367166, 1367118, 1367118, 1, 0, 4.41, 341
4262, 3923, 28, 51, 1370236, 1370236, 1370195, 1370195, 1, 0, 4.41, 340
4262, 2384, 29, 69, 1377457, 1377457, 1377455, 1377455, 1, 0, 4.41, 339
4262, 4086, 29, 48, 1377606, 1377606, 1377579, 1377579, 1, 0, 4.41, 338
4262, 3739, 29, 45, 1384317, 1384317, 1384258, 1384258, 1, 0, 4.40, 337
4262, 4017, 29, 55, 1387166, 1387166, 1387160, 1387160, 1, 0, 4.40, 336
4262, 3923, 29, 51, 1390236, 1390236, 1390270, 1390270, 1, 0, 4.40, 335
4262, 4086, 30, 49, 1397606, 1397606, 1397585, 1397585, 1, 0, 4.42, 334
4262, 2384, 30, 69, 1397457, 1397457, 1397412, 1397412, 1, 0, 4.42, 333
4262, 3739, 30, 46, 1404317, 1404317, 1404319, 1404319, 1, 0, 4.42, 332
4262, 4017, 30, 55, 1407166, 1407166, 1407180, 1407180, 1, 0, 4.42, 331
4262, 3923, 30, 51, 1410236, 1410236, 1410258, 1410258, 1, 0, 4.42, 330
4262, 4086, 31, 49, 1417606, 1417606, 1417613, 1417613, 1, 0, 4.42, 329
4262, 2384, 31, 69, 1417457, 1417457, 1417471, 1417471, 1, 0, 4.42, 328
4262, 3739, 31, 45, 1424317, 1424317, 1424285, 1424285, 1, 0, 4.42, 327
4262, 4017, 31, 55, 1427166, 1427166, 1427167, 1427167, 1, 0, 4.43, 326
4262, 3923, 31, 51, 1430236, 1430236, 1430216, 1430216, 1, 0, 4.43, 325
4262, 4086, 32, 48, 1437606, 1437606, 1437589, 1437589, 1, 0, 4.43, 324
4262, 2384, 32, 69, 1437457, 1437457, 1437470, 1437470, 1, 0, 4.43, 323
4262, 3739, 32, 45, 1444317, 1444317, 1444293, 1444293, 1, 0, 4.41, 322
4262, 4017, 32, 55, 1447166, 1447166, 1447154, 1447154, 1, 0, 4.41, 321
4262, 3923, 32, 51, 1450236, 1450236, 1450222, 1450222, 1, 0, 4.41, 320
4262, 4086, 33, 49, 1457606, 1457606, 1457574, 1457574, 1, 0, 4.41, 319
4262, 2384, 33, 69, 1457457, 1457457, 1457444, 1457444, 1, 0, 4.41, 318
4262, 3739, 33, 45, 1464317, 1464317, 1464308, 1464308, 1, 0, 4.41, 317
4262, 4017, 33, 55, 1467166, 1467166, 1467139, 1467139, 1, 0, 4.41, 316
4262, 3923, 33, 51, 1470236, 1470236, 1470249, 1470249, 1, 0, 4.43, 315
4262, 4086, 34, 48, 1477606, 1477606, 1477659, 1477659, 1, 0, 4.43, 314
4262, 2384, 34, 69, 1477457, 1477457, 1477483, 1477483, 1, 0, 4.43, 313
4262, 3739, 34, 45, 1484317, 1484317, 1484320, 1484320, 1, 0, 4.43, 312
4262, 4017, 34, 55, 1487166, 1487166, 1487200, 1487200, 1, 0, 4.43, 311
4262, 3923, 34, 51, 1490236, 1490236, 1490243, 1490243, 1, 0, 4.43, 310
4262, 2384, 35, 69, 1497457, 1497457, 1497464, 1497464, 1, 0, 4.43, 309
4262, 4086, 35, 49, 1497606, 1497606, 1497637, 1497637, 1, 0, 4.43, 308
4262, 3739, 35, 46, 1504317, 1504317, 1504350, 1504350, 1, 0, 4.43, 307
4262, 4017, 35, 55, 1507166, 1507166, 1507223, 1507223, 1, 0, 4.43, 306
4262, 3923, 35, 51, 1510236, 1510236, 1510190, 1510190, 1, 0, 4.43, 305
4262, 4086, 36, 48, 1517606, 1517606, 1517625, 1517625, 1, 0, 4.42, 304
4262, 2384, 36, 69, 1517457, 1517457, 1517491, 1517491, 1, 0, 4.42, 303
4262, 3739, 36, 46, 1524317, 1524317, 1524319, 1524319, 1, 0, 4.42, 302
4262, 4017, 36, 55, 1527166, 1527166, 1527202, 1527202, 1, 0, 4.42, 301
4262, 3923, 36, 51, 1530236, 1530236, 1530261, 1530261, 1, 0, 4.41, 300
4262, 2384, 37, 69, 1537457, 1537457, 1537486, 1537486, 1, 0, 4.41, 299
4262, 4086, 37, 49, 1537606, 1537606, 1537648, 1537648, 1, 0, 4.41, 298
4262, 3739, 37, 45, 1544317, 1544317, 1544312, 1544312, 1, 0, 4.41, 297
4262, 4017, 37, 55, 1547166, 1547166, 1547133, 1547133, 1, 0, 4.46, 296
4262, 3923, 37, 51, 1550236, 1550236, 1550206, 1550206, 1, 0, 4.46, 295
4262, 2384, 38, 69, 1557457, 1557457, 1557454, 1557454, 1, 0, 4.46, 294
4262, 4086, 38, 49, 1557606, 1557606, 1557568, 1557568, 1, 0, 4.46, 293
4262, 3739, 38, 45, 1564317, 1564317, 1564262, 1564262, 1, 0, 4.43, 292
4262, 4017, 38, 55, 1567166, 1567166, 1567190, 1567190, 1, 0, 4.43, 291
4262, 3923, 38, 51, 1570236, 1570236, 1570280, 1570280, 1, 0, 4.43, 290
4262, 4086, 39, 48, 1577606, 1577606, 1577632, 1577632, 1, 0, 4.44, 289
4262, 2384, 39, 69, 1577457, 1577457, 1577503, 1577503, 1, 0, 4.44, 288
4262, 3739, 39, 45, 1584317, 1584317, 1584332, 1584332, 1, 0, 4.44, 287
4262, 4017, 39, 55, 1587166, 1587166, 1587203, 1587203, 1, 0, 4.44, 286
4262, 3923, 39, 51, 1590236, 1590236, 1590221, 1590221, 1, 0, 4.44, 285
4262, 2384, 40, 68, 1597457, 1597457, 1597429, 1597429, 1, 0, 4.44, 284
4262, 4086, 40, 49, 1597606, 1597606, 1597584, 1597584, 1, 0, 4.44, 283
4262, 3739, 40, 46, 1604317, 1604317, 1604280, 1604280, 1, 0, 4.44, 282
4262, 4017, 40, 55, 1607166, 1607166, 1607188, 1607188, 1, 0, 4.44, 281
4262, 3923, 40, 51, 1610236, 1610236, 1610226, 1610226, 1, 0, 4.44, 280
4262, 2384, 41, 69, 1617457, 1617457, 1617507, 1617507, 1, 0, 4.44, 279
4262, 4086, 41, 49, 1617606, 1617606, 1617627, 1617627, 1, 0, 4.44, 278
4262, 3739, 41, 46, 1624317, 1624317, 1624324, 1624324, 1, 0, 4.44, 277
4262, 4017, 41, 55, 1627166, 1627166, 1627121, 1627121, 1, 0, 4.44, 276
4262, 3923, 41, 51, 1630236, 1630236, 1630274, 1630274, 1, 0, 4.44, 275
4262, 2384, 42, 69, 1637457, 1637457, 1637412, 1637412, 1, 0, 4.44, 274
4262, 4086, 42, 49, 1637606, 1637606, 1637554, 1637554, 1, 0, 4.44, 273
4262, 3739, 42, 46, 1644317, 1644317, 1644260, 1644260, 1, 0, 4.44, 272
4262, 4017, 42, 55, 1647166, 1647166, 1647196, 1647196, 1, 0, 4.44, 271
4262, 3923, 42, 51, 1650236, 1650236, 1650253, 1650253, 1, 0, 4.46, 270
4262, 2384, 43, 69, 1657457, 1657457, 1657467, 1657467, 1, 0, 4.46, 269
4262, 4086, 43, 48, 1657606, 1657606, 1657622, 1657622, 1, 0, 4.46, 268
4262, 3739, 43, 46, 1664317, 1664317, 1664350, 1664350, 1, 0, 4.46, 267
4262, 4017, 43, 55, 1667166, 1667166, 1667200, 1667200, 1, 0, 4.47, 266
4262, 3923, 43, 51, 1670236, 1670236, 1670249, 1670249, 1, 0, 4.47, 265
4262, 4086, 44, 49, 1677606, 1677606, 1677584, 1677584, 1, 0, 4.47, 264
4262, 2384, 44, 69, 1677457, 1677457, 1677433, 1677433, 1, 0, 4.47, 263
4262, 3739, 44, 46, 1684317, 1684317, 1684321, 1684321, 1, 0, 4.44, 262
4262, 4017, 44, 55, 1687166, 1687166, 1687181, 1687181, 1, 0, 4.44, 261
4262, 3923, 44, 51, 1690236, 1690236, 1690214, 1690214, 1, 0, 4.44, 260
4262, 2384, 45, 69, 1697457, 1697457, 1697408, 1697408, 1, 0, 4.47, 259
4262, 4086, 45, 49, 1697606, 1697606, 1697582, 1697582, 1, 0, 4.47, 258
4262, 3739, 45, 46, 1704317, 1704317, 1704298, 1704298, 1, 0, 4.47, 257
4262, 4017, 45, 55, 1707166, 1707166, 1707156, 1707156, 1, 0, 4.47, 256
4262, 3923, 45, 51, 1710236, 1710236, 1710204, 1710204, 1, 0, 4.47, 255
4262, 2384, 46, 69, 1717457, 1717457, 1717446, 1717446, 1, 0, 4.47, 254
4262, 4086, 46, 48, 1717606, 1717606, 1717590, 1717590, 1, 0, 4.47, 253
4262, 3739, 46, 46, 1724317, 1724317, 1724303, 1724303, 1, 0, 4.47, 252
4262, 4017, 46, 55, 1727166, 1727166, 1727175, 1727175, 1, 0, 4.46, 251
4262, 3923, 46, 51, 1730236, 1730236, 1730212, 1730212, 1, 0, 4.46, 250
4262, 4086, 47, 49, 1737606, 1737606, 1737571, 1737571, 1, 0, 4.46, 249
4262, 2384, 47, 69, 1737457, 1737457, 1737414, 1737414, 1, 0, 4.46, 248
4262, 3739, 47, 46, 1744317, 1744317, 1744299, 1744299, 1, 0, 4.47, 247
4262, 4017, 47, 55, 1747166, 1747166, 1747161, 1747161, 1, 0, 4.47, 246
4262, 3923, 47, 51, 1750236, 1750236, 1750254, 1750254, 1, 0, 4.47, 245
4262, 2384, 48, 69, 1757457, 1757457, 1757488, 1757488, 1, 0, 4.47, 244
4262, 4086, 48, 49, 1757606, 1757606, 1757627, 1757627, 1, 0, 4.47, 243
4262, 3739, 48, 46, 1764317, 1764317, 1764335, 1764335, 1, 0, 4.47, 242
4262, 4017, 48, 55, 1767166, 1767166, 1767215, 1767215, 1, 0, 4.47, 241
4262, 3923, 48, 51, 1770236, 1770236, 1770244, 1770244, 1, 0, 4.48, 240
4262, 2384, 49, 69, 1777457, 1777457, 1777497, 1777497, 1, 0, 4.48, 239
4262, 4086, 49, 49, 1777606, 1777606, 1777614, 1777614, 1, 0, 4.48, 238
4262, 3739, 49, 46, 1784317, 1784317, 1784343, 1784343, 1, 0, 4.48, 237
4262, 4017, 49, 55, 1787166, 1787166, 1787149, 1787149, 1, 0, 4.48, 236
4262, 3923, 49, 51, 1790236, 1790236, 1790205, 1790205, 1, 0, 4.48, 235
4262, 4086, 50, 49, 1797606, 1797606, 1797602, 1797602, 1, 0, 4.48, 234
4262, 2384, 50, 69, 1797457, 1797457, 1797414, 1797414, 1, 0, 4.48, 233
4262, 3739, 50, 46, 1804317, 1804317, 1804327, 1804327, 1, 0, 4.47, 232
4262, 4017, 50, 55, 1807166, 1807166, 1807197, 1807197, 1, 0, 4.47, 231
4262, 3923, 50, 51, 1810236, 1810236, 1810256, 1810256, 1, 0, 4.47, 230
4262, 2384, 51, 68, 1817457, 1817457, 1817480, 1817480, 1, 0, 4.49, 229
4262, 4086, 51, 49, 1817606, 1817606, 1817588, 1817588, 1, 0, 4.49, 228
4262, 3739, 51, 46, 1824317, 1824317, 1824292, 1824292, 1, 0, 4.49, 227
4262, 4017, 51, 55, 1827166, 1827166, 1827164, 1827164, 1, 0, 4.49, 226
4262, 3923, 51, 51, 1830236, 1830236, 1830197, 1830197, 1, 0, 4.50, 225
4262, 4086, 52, 48, 1837606, 1837606, 1837617, 1837617, 1, 0, 4.50, 224
4262, 2384, 52, 69, 1837457, 1837457, 1837475, 1837475, 1, 0, 4.50, 223
4262, 3739, 52, 45, 1844317, 1844317, 1844305, 1844305, 1, 0, 4.50, 222
4262, 4017, 52, 55, 1847166, 1847166, 1847173, 1847173, 1, 0, 4.48, 221
4262, 3923, 52, 51, 1850236, 1850236, 1850240, 1850240, 1, 0, 4.48, 220
4262, 4086, 53, 49, 1857606, 1857606, 1857552, 1857552, 1, 0, 4.48, 219
4262, 2384, 53, 69, 1857457, 1857457, 1857425, 1857425, 1, 0, 4.48, 218
4262, 3739, 53, 46, 1864317, 1864317, 1864329, 1864329, 1, 0, 4.48, 217
4262, 4017, 53, 55, 1867166, 1867166, 1867179, 1867179, 1, 0, 4.48, 216
4262, 3923, 53, 51, 1870236, 1870236, 1870218, 1870218, 1, 0, 4.48, 215
4262, 2384, 54, 69, 1877457, 1877457, 1877476, 1877476, 1, 0, 4.50, 214
4262, 4086, 54, 49, 1877606, 1877606, 1877626, 1877626, 1, 0, 4.50, 213
4262, 3739, 54, 46, 1884317, 1884317, 1884296, 1884296, 1, 0, 4.50, 212
4262, 4017, 54, 55, 1887166, 1887166, 1887141, 1887141, 1, 0, 4.50, 211
4262, 3923, 54, 51, 1890236, 1890236, 1890222, 1890222, 1, 0, 4.49, 210
4262, 2384, 55, 69, 1897457, 1897457, 1897484, 1897484, 1, 0, 4.49, 209
4262, 4086, 55, 49, 1897606, 1897606, 1897620, 1897620, 1, 0, 4.49, 208
4262, 3739, 55, 46, 1904317, 1904317, 1904341, 1904341, 1, 0, 4.49, 207
4262, 4017, 55, 55, 1907166, 1907166, 1907141, 1907141, 1, 0, 4.50, 206
4262, 3923, 55, 51, 1910236, 1910236, 1910200, 1910200, 1, 0, 4.50, 205
4262, 4086, 56, 49, 1917606, 1917606, 1917608, 1917608, 1, 0, 4.50, 204
4262, 2384, 56, 69, 1917457, 1917457, 1917509, 1917509, 1, 0, 4.50, 203
4262, 3739, 56, 46, 1924317, 1924317, 1924314, 1924314, 1, 0, 4.51, 202
4262, 4017, 56, 55, 1927166, 1927166, 1927175, 1927175, 1, 0, 4.51, 201
4262, 3923, 56, 51, 1930236, 1930236, 1930262, 1930262, 1, 0, 4.51, 200
4262, 2384, 57, 68, 1937457, 1937457, 1937436, 1937436, 1, 0, 4.49, 199
4262, 4086, 57, 48, 1937606, 1937606, 1937593, 1937593, 1, 0, 4.49, 198
4262, 3739, 57, 46, 1944317, 1944317, 1944301, 1944301, 1, 0, 4.49, 197
4262, 4017, 57, 55, 1947166, 1947166, 1947231, 1947231, 1, 0, 4.49, 196
4262, 3923, 57, 51, 1950236, 1950236, 1950290, 1950290, 1, 0, 4.50, 195
4262, 4086, 58, 49, 1957606, 1957606, 1957589, 1957589, 1, 0, 4.50, 194
4262, 2384, 58, 69, 1957457, 1957457, 1957415, 1957415, 1, 0, 4.50, 193
4262, 3739, 58, 46, 1964317, 1964317, 1964353, 1964353, 1, 0, 4.50, 192
4262, 4017, 58, 55, 1967166, 1967166, 1967173, 1967173, 1, 0, 4.49, 191
4262, 3923, 58, 51, 1970236, 1970236, 1970236, 1970236, 1, 0, 4.49, 190
4262, 2384, 59, 69, 1977457, 1977457, 1977479, 1977479, 1, 0, 4.49, 189
4262, 4086, 59, 49, 1977606, 1977606, 1977622, 1977622, 1, 0, 4.49, 188
4262, 3739, 59, 46, 1984317, 1984317, 1984352, 1984352, 1, 0, 4.51, 187
4262, 4017, 59, 55, 1987166, 1987166, 1987173, 1987173, 1, 0, 4.51, 186
4262, 3923, 59, 51, 1990236, 1990236, 1990217, 1990217, 1, 0, 4.51, 185
4262, 4086, 60, 48, 1997606, 1997606, 1997589, 1997589, 1, 0, 4.51, 184
4262, 2384, 60, 69, 1997457, 1997457, 1997480, 1997480, 1, 0, 4.51, 183
4262, 3739, 60, 46, 2004317, 2004317, 2004269, 2004269, 1, 0, 4.51, 182
4262, 4017, 60, 55, 2007166, 2007166, 2007154, 2007154, 1, 0, 4.51, 181
4262, 3923, 60, 51, 2010236, 2010236, 2010248, 2010248, 1, 0, 4.52, 180
4262, 2384, 61, 69, 2017457, 2017457, 2017514, 2017514, 1, 0, 4.52, 179
4262, 4086, 61, 49, 2017606, 2017606, 2017625, 2017625, 1, 0, 4.52, 178
4262, 3739, 61, 46, 2024317, 2024317, 2024304, 2024304, 1, 0, 4.52, 177
4262, 4017, 61, 55, 2027166, 2027166, 2027166, 2027166, 1, 0, 4.52, 176
4262, 3923, 61, 51, 2030236, 2030236, 2030205, 2030205, 1, 0, 4.52, 175
4262, 4086, 62, 49, 2037606, 2037606, 2037610, 2037610, 1, 0, 4.52, 174
4262, 2384, 62, 69, 2037457, 2037457, 2037481, 2037481, 1, 0, 4.52, 173
4262, 3739, 62, 45, 2044317, 2044317, 2044328, 2044328, 1, 0, 4.51, 172
4262, 4017, 62, 55, 2047166, 2047166, 2047130, 2047130, 1, 0, 4.51, 171
4262, 3923, 62, 51, 2050236, 2050236, 2050239, 2050239, 1, 0, 4.51, 170
4262, 2384, 63, 69, 2057457, 2057457, 2057426, 2057426, 1, 0, 4.53, 169
4262, 4086, 63, 48, 2057606, 2057606, 2057571, 2057571, 1, 0, 4.53, 168
4262, 3739, 63, 46, 2064317, 2064317, 2064285, 2064285, 1, 0, 4.53, 167
4262, 4017, 63, 55, 2067166, 2067166, 2067144, 2067144, 1, 0, 4.53, 166
4262, 3923, 63, 51, 2070236, 2070236, 2070184, 2070184, 1, 0, 4.53, 165
4262, 4086, 64, 49, 2077606, 2077606, 2077578, 2077578, 1, 0, 4.53, 164
4262, 2384, 64, 69, 2077457, 2077457, 2077407, 2077407, 1, 0, 4.53, 163
4262, 3739, 64, 46, 2084317, 2084317, 2084340, 2084340, 1, 0, 4.53, 162
4262, 4017, 64, 55, 2087166, 2087166, 2087170, 2087170, 1, 0, 4.53, 161
4262, 3923, 64, 51, 2090236, 2090236, 2090271, 2090271, 1, 0, 4.53, 160
4262, 4086, 65, 49, 2097606, 2097606, 2097553, 2097553, 1, 0, 4.53, 159
4262, 2384, 65, 69, 2097457, 2097457, 2097434, 2097434, 1, 0, 4.53, 158
4262, 3739, 65, 46, 2104317, 2104317, 2104336, 2104336, 1, 0, 4.54, 157
4262, 4017, 65, 55, 2107166, 2107166, 2107219, 2107219, 1, 0, 4.54, 156
4262, 3923, 65, 51, 2110236, 2110236, 2110271, 2110271, 1, 0, 4.54, 155
4262, 2384, 66, 68, 2117457, 2117457, 2117448, 2117448, 1, 0, 4.53, 154
4262, 4086, 66, 49, 2117606, 2117606, 2117602, 2117602, 1, 0, 4.53, 153
4262, 3739, 66, 46, 2124317, 2124317, 2124290, 2124290, 1, 0, 4.53, 152
4262, 4017, 66, 55, 2127166, 2127166, 2127170, 2127170, 1, 0, 4.53, 151
4262, 3923, 66, 51, 2130236, 2130236, 2130240, 2130240, 1, 0, 4.54, 150
4262, 2384, 67, 69, 2137457, 2137457, 2137436, 2137436, 1, 0, 4.54, 149
4262, 4086, 67, 49, 2137606, 2137606, 2137602, 2137602, 1, 0, 4.54, 148
4262, 3739, 67, 46, 2144317, 2144317, 2144308, 2144308, 1, 0, 4.54, 147
4262, 4017, 67, 55, 2147166, 2147166, 2147184, 2147184, 1, 0, 4.54, 146
4262, 3923, 67, 51, 2150236, 2150236, 2150205, 2150205, 1, 0, 4.54, 145
4262, 2384, 68, 68, 2157457, 2157457, 2157432, 2157432, 1, 0, 4.54, 144
4262, 4086, 68, 49, 2157606, 2157606, 2157584, 2157584, 1, 0, 4.54, 143
4262, 3739, 68, 46, 2164317, 2164317, 2164369, 2164369, 1, 0, 4.54, 142
4262, 4017, 68, 55, 2167166, 2167166, 2167165, 2167165, 1, 0, 4.54, 141
4262, 3923, 68, 51, 2170236, 2170236, 2170241, 2170241, 1, 0, 4.54, 140
4262, 2384, 69, 69, 2177457, 2177457, 2177456, 2177456, 1, 0, 4.53, 139
4262, 4086, 69, 48, 2177606, 2177606, 2177636, 2177636, 1, 0, 4.53, 138
4262, 3739, 69, 46, 2184317, 2184317, 2184317, 2184317, 1, 0, 4.53, 137
4262, 4017, 69, 55, 2187166, 2187166, 2187177, 2187177, 1, 0, 4.53, 136
4262, 3923, 69, 51, 2190236, 2190236, 2190236, 2190236, 1, 0, 4.52, 135
4262, 2384, 70, 69, 2197457, 2197457, 2197425, 2197425, 1, 0, 4.52, 134
4262, 4086, 70, 49, 2197606, 2197606, 2197576, 2197576, 1, 0, 4.52, 133
4262, 3739, 70, 46, 2204317, 2204317, 2204289, 2204289, 1, 0, 4.52, 132
4262, 4017, 70, 55, 2207166, 2207166, 2207181, 2207181, 1, 0, 4.52, 131
4262, 3923, 70, 51, 2210236, 2210236, 2210268, 2210268, 1, 0, 4.52, 130
4262, 2384, 71, 69, 2217457, 2217457, 2217467, 2217467, 1, 0, 4.52, 129
4262, 4086, 71, 49, 2217606, 2217606, 2217611, 2217611, 1, 0, 4.52, 128
4262, 3739, 71, 46, 2224317, 2224317, 2224329, 2224329, 1, 0, 4.54, 127
4262, 4017, 71, 55, 2227166, 2227166, 2227193, 2227193, 1, 0, 4.54, 126
4262, 3923, 71, 51, 2230236, 2230236, 2230213, 2230213, 1, 0, 4.54, 125
4262, 2384, 72, 69, 2237457, 2237457, 2237477, 2237477, 1, 0, 4.54, 124
4262, 4086, 72, 49, 2237606, 2237606, 2237567, 2237567, 1, 0, 4.54, 123
4262, 3739, 72, 46, 2244317, 2244317, 2244303, 2244303, 1, 0, 4.54, 122
4262, 4017, 72, 55, 2247166, 2247166, 2247171, 2247171, 1, 0, 4.54, 121
4262, 3923, 72, 51, 2250236, 2250236, 2250193, 2250193, 1, 0, 4.54, 120
4262, 4086, 73, 49, 2257606, 2257606, 2257578, 2257578, 1, 0, 4.54, 119
4262, 2384, 73, 69, 2257457, 2257457, 2257394, 2257394, 1, 0, 4.54, 118
4262, 3739, 73, 46, 2264317, 2264317, 2264336, 2264336, 1, 0, 4.54, 117
4262, 4017, 73, 55, 2267166, 2267166, 2267154, 2267154, 1, 0, 4.54, 116
4262, 3923, 73, 51, 2270236, 2270236, 2270242, 2270242, 1, 0, 4.54, 115
4262, 2384, 74, 68, 2277457, 2277457, 2277422, 2277422, 1, 0, 4.54, 114
4262, 4086, 74, 48, 2277606, 2277606, 2277579, 2277579, 1, 0, 4.54, 113
4262, 3739, 74, 46, 2284317, 2284317, 2284299, 2284299, 1, 0, 4.51, 112
4262, 4017, 74, 55, 2287166, 2287166, 2287164, 2287164, 1, 0, 4.51, 111
4262, 3923, 74, 51, 2290236, 2290236, 2290230, 2290230, 1, 0, 4.51, 110
4262, 4086, 75, 48, 2297606, 2297606, 2297587, 2297587, 1, 0, 4.54, 109
4262, 2384, 75, 68, 2297457, 2297457, 2297409, 2297409, 1, 0, 4.54, 108
4262, 3739, 75, 46, 2304317, 2304317, 2304349, 2304349, 1, 0, 4.54, 107
4262, 4017, 75, 55, 2307166, 2307166, 2307138, 2307138, 1, 0, 4.54, 106
4262, 3923, 75, 51, 2310236, 2310236, 2310182, 2310182, 1, 0, 4.54, 105
4262, 4086, 76, 48, 2317606, 2317606, 2317558, 2317558, 1, 0, 4.54, 104
4262, 2384, 76, 69, 2317457, 2317457, 2317430, 2317430, 1, 0, 4.54, 103
4262, 3739, 76, 45, 2324317, 2324317, 2324330, 2324330, 1, 0, 4.54, 102
4262, 4017, 76, 55, 2327166, 2327166, 2327163, 2327163, 1, 0, 4.53, 101
4262, 3923, 76, 51, 2330236, 2330236, 2330264, 2330264, 1, 0, 4.53, 100
4262, 2384, 77, 69, 2337457, 2337457, 2337497, 2337497, 1, 0, 4.53, 99
4262, 4086, 77, 48, 2337606, 2337606, 2337641, 2337641, 1, 0, 4.53, 98
4262, 3739, 77, 46, 2344317, 2344317, 2344282, 2344282, 1, 0, 4.54, 97
4262, 4017, 77, 55, 2347166, 2347166, 2347179, 2347179, 1, 0, 4.54, 96
4262, 3923, 77, 51, 2350236, 2350236, 2350230, 2350230, 1, 0, 4.54, 95
4262, 2384, 78, 69, 2357457, 2357457, 2357490, 2357490, 1, 0, 4.54, 94
4262, 4086, 78, 48, 2357606, 2357606, 2357604, 2357604, 1, 0, 4.54, 93
4262, 3739, 78, 46, 2364317, 2364317, 2364292, 2364292, 1, 0, 4.54, 92
4262, 4017, 78, 55, 2367166, 2367166, 2367135, 2367135, 1, 0, 4.54, 91
4262, 3923, 78, 51, 2370236, 2370236, 2370244, 2370244, 1, 0, 4.54, 90
4262, 4086, 79, 49, 2377606, 2377606, 2377639, 2377639, 1, 0, 4.54, 89
4262, 2384, 79, 69, 2377457, 2377457, 2377514, 2377514, 1, 0, 4.54, 88
4262, 3739, 79, 46, 2384317, 2384317, 2384306, 2384306, 1, 0, 4.54, 87
4262, 4017, 79, 55, 2387166, 2387166, 2387134, 2387134, 1, 0, 4.54, 86
4262, 3923, 79, 51, 2390236, 2390236, 2390246, 2390246, 1, 0, 4.54, 85
4262, 2384, 80, 69, 2397457, 2397457, 2397426, 2397426, 1, 0, 4.54, 84
4262, 4086, 80, 49, 2397606, 2397606, 2397600, 2397600, 1, 0, 4.54, 83
4262, 3739, 80, 45, 2404317, 2404317, 2404318, 2404318, 1, 0, 4.53, 82
4262, 4017, 80, 55, 2407166, 2407166, 2407204, 2407204, 1, 0, 4.53, 81
4262, 3923, 80, 51, 2410236, 2410236, 2410262, 2410262, 1, 0, 4.53, 80
4262, 2384, 81, 69, 2417457, 2417457, 2417408, 2417408, 1, 0, 4.53, 79
4262, 4086, 81, 49, 2417606, 2417606, 2417606, 2417606, 1, 0, 4.53, 78
4262, 3739, 81, 45, 2424317, 2424317, 2424346, 2424346, 1, 0, 4.53, 77
4262, 4017, 81, 55, 2427166, 2427166, 2427144, 2427144, 1, 0, 4.53, 76
4262, 3923, 81, 51, 2430236, 2430236, 2430208, 2430208, 1, 0, 4.54, 75
4262, 4086, 82, 48, 2437606, 2437606, 2437615, 2437615, 1, 0, 4.54, 74
4262, 2384, 82, 69, 2437457, 2437457, 2437433, 2437433, 1, 0, 4.54, 73
4262, 3739, 82, 45, 2444317, 2444317, 2444371, 2444371, 1, 0, 4.54, 72
4262, 4017, 82, 55, 2447166, 2447166, 2447204, 2447204, 1, 0, 4.54, 71
4262, 3923, 82, 51, 2450236, 2450236, 2450248, 2450248, 1, 0, 4.54, 70
4262, 4086, 83, 49, 2457606, 2457606, 2457639, 2457639, 1, 0, 4.54, 69
4262, 2384, 83, 69, 2457457, 2457457, 2457485, 2457485, 1, 0, 4.54, 68
4262, 3739, 83, 46, 2464317, 2464317, 2464311, 2464311, 1, 0, 4.54, 67
4262, 4017, 83, 55, 2467166, 2467166, 2467125, 2467125, 1, 0, 4.54, 66
4262, 3923, 83, 51, 2470236, 2470236, 2470222, 2470222, 1, 0, 4.54, 65
4262, 4086, 84, 49, 2477606, 2477606, 2477627, 2477627, 1, 0, 4.54, 64
4262, 2384, 84, 69, 2477457, 2477457, 2477492, 2477492, 1, 0, 4.54, 63
4262, 3739, 84, 46, 2484317, 2484317, 2484333, 2484333, 1, 0, 4.54, 62
4262, 4017, 84, 55, 2487166, 2487166, 2487143, 2487143, 1, 0, 4.54, 61
4262, 3923, 84, 51, 2490236, 2490236, 2490250, 2490250, 1, 0, 4.53, 60
4262, 2384, 85, 69, 2497457, 2497457, 2497473, 2497473, 1, 0, 4.53, 59
4262, 4086, 85, 48, 2497606, 2497606, 2497606, 2497606, 1, 0, 4.53, 58
4262, 3739, 85, 46, 2504317, 2504317, 2504287, 2504287, 1, 0, 4.53, 57
4262, 4017, 85, 55, 2507166, 2507166, 2507124, 2507124, 1, 0, 4.53, 56
4262, 3923, 85, 51, 2510236, 2510236, 2510223, 2510223, 1, 0, 4.53, 55
4262, 4086, 86, 49, 2517606, 2517606, 2517581, 2517581, 1, 0, 4.53, 54
4262, 2384, 86, 69, 2517457, 2517457, 2517464, 2517464, 1, 0, 4.53, 53
4262, 3739, 86, 45, 2524317, 2524317, 2524321, 2524321, 1, 0, 4.53, 52
4262, 4017, 86, 55, 2527166, 2527166, 2527194, 2527194, 1, 0, 4.53, 51
4262, 3923, 86, 51, 2530236, 2530236, 2530263, 2530263, 1, 0, 4.53, 50
4262, 2384, 87, 69, 2537457, 2537457, 2537504, 2537504, 1, 0, 4.54, 49
4262, 4086, 87, 49, 2537606, 2537606, 2537643, 2537643, 1, 0, 4.54, 48
4262, 3739, 87, 46, 2544317, 2544317, 2544339, 2544339, 1, 0, 4.54, 47
4262, 4017, 87, 55, 2547166, 2547166, 2547152, 2547152, 1, 0, 4.54, 46
4262, 3923, 87, 52, 2550236, 2550236, 2550247, 2550247, 1, 0, 4.54, 45
4262, 4086, 88, 49, 2557606, 2557606, 2557612, 2557612, 1, 0, 4.54, 44
4262, 2384, 88, 69, 2557457, 2557457, 2557433, 2557433, 1, 0, 4.54, 43
4262, 3739, 88, 46, 2564317, 2564317, 2564269, 2564269, 1, 0, 4.54, 42
4262, 4017, 88, 55, 2567166, 2567166, 2567116, 2567116, 1, 0, 4.54, 41
4262, 3923, 88, 52, 2570236, 2570236, 2570207, 2570207, 1, 0, 4.54, 40
4262, 2384, 89, 68, 2577457, 2577457, 2577422, 2577422, 1, 0, 4.54, 39
4262, 4086, 89, 49, 2577606, 2577606, 2577580, 2577580, 1, 0, 4.54, 38
4262, 3739, 89, 46, 2584317, 2584317, 2584323, 2584323, 1, 0, 4.54, 37
4262, 4017, 89, 55, 2587166, 2587166, 2587184, 2587184, 1, 0, 4.54, 36
4262, 3923, 89, 51, 2590236, 2590236, 2590286, 2590286, 1, 0, 4.54, 35
4262, 2384, 90, 69, 2597457, 2597457, 2597466, 2597466, 1, 0, 4.53, 34
4262, 4086, 90, 49, 2597606, 2597606, 2597622, 2597622, 1, 0, 4.53, 33
4262, 3739, 90, 46, 2604317, 2604317, 2604327, 2604327, 1, 0, 4.53, 32
4262, 4017, 90, 55, 2607166, 2607166, 2607131, 2607131, 1, 0, 4.53, 31
4262, 3923, 90, 51, 2610236, 2610236, 2610215, 2610215, 1, 0, 4.53, 30
4262, 2384, 91, 69, 2617457, 2617457, 2617445, 2617445, 1, 0, 4.53, 29
4262, 4086, 91, 49, 2617606, 2617606, 2617634, 2617634, 1, 0, 4.53, 28
4262, 3739, 91, 46, 2624317, 2624317, 2624329, 2624329, 1, 0, 4.53, 27
4262, 4017, 91, 55, 2627166, 2627166, 2627166, 2627166, 1, 0, 4.54, 26
4262, 3923, 91, 51, 2630236, 2630236, 2630276, 2630276, 1, 0, 4.54, 25
4262, 4086, 92, 49, 2637606, 2637606, 2637625, 2637625, 1, 0, 4.54, 24
4262, 2384, 92, 69, 2637457, 2637457, 2637477, 2637477, 1, 0, 4.54, 23
4262, 3739, 92, 46, 2644317, 2644317, 2644328, 2644328, 1, 0, 4.54, 22
4262, 4017, 92, 55, 2647166, 2647166, 2647209, 2647209, 1, 0, 4.54, 21
4262, 3923, 92, 52, 2650236, 2650236, 2650238, 2650238, 1, 0, 4.54, 20
4262, 2384, 93, 69, 2657457, 2657457, 2657495, 2657495, 1, 0, 4.51, 19
4262, 4086, 93, 49, 2657606, 2657606, 2657610, 2657610, 1, 0, 4.51, 18
4262, 3739, 93, 46, 2664317, 2664317, 2664331, 2664331, 1, 0, 4.51, 17
4262, 4017, 93, 55, 2667166, 2667166, 2667177, 2667177, 1, 0, 4.51, 16
4262, 3923, 93, 51, 2670236, 2670236, 2670213, 2670213, 1, 0, 4.54, 15
