4262, 4365, 0, 33, 246808, 246808, 246802, 246802, 1, 0, 4.53, 66011
4262, 3735, 0, 39, 248046, 248046, 248055, 248055, 1, 0, 4.53, 66010
4262, 4339, 0, 38, 249979, 249979, 249990, 249990, 1, 0, 4.53, 66009
4262, 2587, 0, 36, 250392, 250392, 250355, 250355, 1, 0, 4.53, 66008
4262, 3146, 0, 25, 251776, 251776, 251737, 251737, 1, 0, 4.53, 66007
4262, 4204, 0, 45, 252348, 252348, 252382, 252382, 1, 0, 4.53, 66006
4262, 3014, 0, 27, 253570, 253570, 253547, 253547, 1, 0, 4.53, 66005
4262, 2384, 0, 36, 254659, 254659, 254695, 254695, 1, 0, 4.53, 66004
4262, 3739, 0, 37, 254972, 254972, 255003, 255003, 1, 0, 4.53, 66003
4262, 2458, 0, 25, 256421, 256421, 256449, 256449, 1, 0, 4.53, 66002
4262, 2376, 0, 32, 257612, 257612, 257575, 257575, 1, 0, 4.53, 66001
4262, 4086, 0, 54, 259674, 259674, 259706, 259706, 1, 0, 4.53, 66000
4262, 3923, 0, 31, 263176, 263176, 263140, 263140, 1, 0, 4.53, 65999
4262, 2433, 0, 36, 264016, 264016, 264040, 264040, 1, 0, 4.53, 65998
4262, 4365, 1, 33, 266808, 266808, 266830, 266830, 1, 0, 4.53, 65997
4262, 3735, 1, 38, 268046, 268046, 268089, 268089, 1, 0, 4.53, 65996
4262, 4339, 1, 39, 269979, 269979, 269977, 269977, 1, 0, 4.53, 65995
4262, 2587, 1, 36, 270392, 270392, 270357, 270357, 1, 0, 4.53, 65994
4262, 3146, 1, 25, 271776, 271776, 271772, 271772, 1, 0, 4.53, 65993
4262, 4204, 1, 45, 272348, 272348, 272344, 272344, 1, 0, 4.53, 65992
4262, 3014, 1, 27, 273570, 273570, 273519, 273519, 1, 0, 4.53, 65991
4262, 2384, 1, 37, 274659, 274659, 274639, 274639, 1, 0, 4.53, 65990
4262, 3739, 1, 37, 274972, 274972, 274928, 274928, 1, 0, 4.53, 65989
4262, 2458, 1, 25, 276421, 276421, 276386, 276386, 1, 0, 4.53, 65988
4262, 2376, 1, 33, 277612, 277612, 277581, 277581, 1, 0, 4.53, 65987
4262, 4086, 1, 54, 279674, 279674, 279677, 279677, 1, 0, 4.53, 65986
4262, 3923, 1, 31, 283176, 283176, 283193, 283193, 1, 0, 4.53, 65985
4262, 2433, 1, 36, 284016, 284016, 284047, 284047, 1, 0, 4.53, 65984
4262, 4365, 2, 32, 286808, 286808, 286787, 286787, 1, 0, 4.50, 65983
4262, 3735, 2, 36, 288046, 288046, 288004, 288004, 1, 0, 4.50, 65982
4262, 4339, 2, 37, 289979, 289979, 289984, 289984, 1, 0, 4.50, 65981
4262, 2587, 2, 36, 290392, 290392, 290419, 290419, 1, 0, 4.50, 65980
4262, 3146, 2, 30, 291776, 291776, 291788, 291788, 1, 0, 4.50, 65979
4262, 4204, 2, 45, 292348, 292348, 292380, 292380, 1, 0, 4.50, 65978
4262, 3014, 2, 36, 293570, 293570, 293582, 293582, 1, 0, 4.50, 65977
4262, 2384, 2, 37, 294659, 294659, 294647, 294647, 1, 0, 4.50, 65976
4262, 3739, 2, 39, 294972, 294972, 295007, 295007, 1, 0, 4.50, 65975
4262, 2458, 2, 20, 296421, 296421, 296447, 296447, 1, 0, 4.50, 65974
4262, 2376, 2, 32, 297612, 297612, 297587, 297587, 1, 0, 4.50, 65973
4262, 4086, 2, 54, 299674, 299674, 299682, 299682, 1, 0, 4.50, 65972
4262, 3923, 2, 30, 303176, 303176, 303173, 303173, 1, 0, 4.49, 65971
4262, 2433, 2, 36, 304016, 304016, 304007, 304007, 1, 0, 4.49, 65970
4262, 4365, 3, 36, 306808, 306808, 306810, 306810, 1, 0, 4.49, 65969
4262, 3735, 3, 38, 308046, 308046, 308031, 308031, 1, 0, 4.49, 65968
4262, 4339, 3, 38, 309979, 309979, 309957, 309957, 1, 0, 4.49, 65967
4262, 2587, 3, 33, 310392, 310392, 310350, 310350, 1, 0, 4.49, 65966
4262, 3146, 3, 27, 311776, 311776, 311783, 311783, 1, 0, 4.49, 65965
4262, 4204, 3, 45, 312348, 312348, 312322, 312322, 1, 0, 4.49, 65964
4262, 3014, 3, 27, 313570, 313570, 313526, 313526, 1, 0, 4.49, 65963
4262, 3739, 3, 37, 314972, 314972, 314945, 314945, 1, 0, 4.54, 65962
4262, 2384, 3, 36, 314659, 314659, 314674, 314674, 1, 0, 4.54, 65961
4262, 2458, 3, 28, 316421, 316421, 316418, 316418, 1, 0, 4.54, 65960
4262, 2376, 3, 31, 317612, 317612, 317634, 317634, 1, 0, 4.54, 65959
4262, 4086, 3, 54, 319674, 319674, 319629, 319629, 1, 0, 4.54, 65958
4262, 3923, 3, 30, 323176, 323176, 323171, 323171, 1, 0, 4.54, 65957
4262, 2433, 3, 36, 324016, 324016, 323979, 323979, 1, 0, 4.54, 65956
4262, 4365, 4, 33, 326808, 326808, 326820, 326820, 1, 0, 4.54, 65955
4262, 3735, 4, 38, 328046, 328046, 328054, 328054, 1, 0, 4.54, 65954
4262, 4339, 4, 39, 329979, 329979, 329970, 329970, 1, 0, 4.53, 65953
4262, 2587, 4, 33, 330392, 330392, 330411, 330411, 1, 0, 4.53, 65952
4262, 3146, 4, 28, 331776, 331776, 331761, 331761, 1, 0, 4.53, 65951
4262, 4204, 4, 45, 332348, 332348, 332396, 332396, 1, 0, 4.53, 65950
4262, 3014, 4, 27, 333570, 333570, 333612, 333612, 1, 0, 4.53, 65949
4262, 3739, 4, 37, 334972, 334972, 334920, 334920, 1, 0, 4.53, 65948
4262, 2384, 4, 36, 334659, 334659, 334645, 334645, 1, 0, 4.53, 65947
4262, 2458, 4, 28, 336421, 336421, 336379, 336379, 1, 0, 4.53, 65946
4262, 2376, 4, 31, 337612, 337612, 337638, 337638, 1, 0, 4.53, 65945
4262, 4086, 4, 54, 339674, 339674, 339629, 339629, 1, 0, 4.53, 65944
4262, 3923, 4, 30, 343176, 343176, 343164, 343164, 1, 0, 4.53, 65943
4262, 2433, 4, 36, 344016, 344016, 344039, 344039, 1, 0, 4.53, 65942
4262, 4365, 5, 33, 346808, 346808, 346784, 346784, 1, 0, 4.52, 65941
4262, 3735, 5, 38, 348046, 348046, 348056, 348056, 1, 0, 4.52, 65940
4262, 4339, 5, 39, 349979, 349979, 350012, 350012, 1, 0, 4.52, 65939
4262, 2587, 5, 33, 350392, 350392, 350386, 350386, 1, 0, 4.52, 65938
4262, 3146, 5, 28, 351776, 351776, 351792, 351792, 1, 0, 4.52, 65937
4262, 4204, 5, 45, 352348, 352348, 352342, 352342, 1, 0, 4.52, 65936
4262, 3014, 5, 27, 353570, 353570, 353539, 353539, 1, 0, 4.52, 65935
4262, 3739, 5, 37, 354972, 354972, 354966, 354966, 1, 0, 4.52, 65934
4262, 2384, 5, 36, 354659, 354659, 354678, 354678, 1, 0, 4.52, 65933
4262, 2458, 5, 28, 356421, 356421, 356446, 356446, 1, 0, 4.52, 65932
4262, 2376, 5, 30, 357612, 357612, 357654, 357654, 1, 0, 4.52, 65931
4262, 4086, 5, 54, 359674, 359674, 359646, 359646, 1, 0, 4.52, 65930
4262, 3923, 5, 30, 363176, 363176, 363154, 363154, 1, 0, 4.54, 65929
4262, 2433, 5, 36, 364016, 364016, 364010, 364010, 1, 0, 4.54, 65928
4262, 4365, 6, 33, 366808, 366808, 366839, 366839, 1, 0, 4.54, 65927
4262, 3735, 6, 39, 368046, 368046, 368029, 368029, 1, 0, 4.54, 65926
4262, 4339, 6, 39, 369979, 369979, 369981, 369981, 1, 0, 4.54, 65925
4262, 2587, 6, 33, 370392, 370392, 370347, 370347, 1, 0, 4.54, 65924
4262, 3146, 6, 28, 371776, 371776, 371745, 371745, 1, 0, 4.54, 65923
4262, 4204, 6, 45, 372348, 372348, 372380, 372380, 1, 0, 4.54, 65922
4262, 3014, 6, 27, 373570, 373570, 373597, 373597, 1, 0, 4.54, 65921
4262, 2384, 6, 36, 374659, 374659, 374638, 374638, 1, 0, 4.53, 65920
4262, 3739, 6, 37, 374972, 374972, 374937, 374937, 1, 0, 4.53, 65919
4262, 2458, 6, 28, 376421, 376421, 376412, 376412, 1, 0, 4.53, 65918
4262, 2376, 6, 30, 377612, 377612, 377625, 377625, 1, 0, 4.53, 65917
4262, 4086, 6, 54, 379674, 379674, 379667, 379667, 1, 0, 4.53, 65916
4262, 3923, 6, 30, 383176, 383176, 383155, 383155, 1, 0, 4.53, 65915
4262, 2433, 6, 36, 384016, 384016, 383966, 383966, 1, 0, 4.53, 65914
4262, 4365, 7, 33, 386808, 386808, 386794, 386794, 1, 0, 4.53, 65913
4262, 3735, 7, 38, 388046, 388046, 388024, 388024, 1, 0, 4.53, 65912
4262, 4339, 7, 39, 389979, 389979, 389986, 389986, 1, 0, 4.52, 65911
4262, 2587, 7, 33, 390392, 390392, 390406, 390406, 1, 0, 4.52, 65910
4262, 3146, 7, 27, 391776, 391776, 391796, 391796, 1, 0, 4.52, 65909
4262, 4204, 7, 45, 392348, 392348, 392358, 392358, 1, 0, 4.52, 65908
4262, 3014, 7, 27, 393570, 393570, 393519, 393519, 1, 0, 4.52, 65907
4262, 3739, 7, 37, 394972, 394972, 394969, 394969, 1, 0, 4.52, 65906
4262, 2384, 7, 36, 394659, 394659, 394649, 394649, 1, 0, 4.52, 65905
4262, 2458, 7, 28, 396421, 396421, 396411, 396411, 1, 0, 4.52, 65904
4262, 2376, 7, 30, 397612, 397612, 397655, 397655, 1, 0, 4.52, 65903
4262, 4086, 7, 54, 399674, 399674, 399630, 399630, 1, 0, 4.52, 65902
4262, 3923, 7, 30, 403176, 403176, 403188, 403188, 1, 0, 4.52, 65901
4262, 2433, 7, 36, 404016, 404016, 404011, 404011, 1, 0, 4.52, 65900
4262, 4365, 8, 33, 406808, 406808, 406812, 406812, 1, 0, 4.53, 65899
4262, 3735, 8, 38, 408046, 408046, 408050, 408050, 1, 0, 4.53, 65898
4262, 4339, 8, 38, 409979, 409979, 409974, 409974, 1, 0, 4.53, 65897
4262, 2587, 8, 33, 410392, 410392, 410386, 410386, 1, 0, 4.53, 65896
4262, 3146, 8, 28, 411776, 411776, 411745, 411745, 1, 0, 4.53, 65895
4262, 4204, 8, 45, 412348, 412348, 412347, 412347, 1, 0, 4.53, 65894
4262, 3014, 8, 27, 413570, 413570, 413568, 413568, 1, 0, 4.53, 65893
4262, 3739, 8, 37, 414972, 414972, 414986, 414986, 1, 0, 4.53, 65892
4262, 2384, 8, 36, 414659, 414659, 414644, 414644, 1, 0, 4.53, 65891
4262, 2458, 8, 28, 416421, 416421, 416384, 416384, 1, 0, 4.53, 65890
4262, 2376, 8, 30, 417612, 417612, 417662, 417662, 1, 0, 4.53, 65889
4262, 4086, 8, 54, 419674, 419674, 419675, 419675, 1, 0, 4.53, 65888
4262, 3923, 8, 30, 423176, 423176, 423183, 423183, 1, 0, 4.54, 65887
4262, 2433, 8, 36, 424016, 424016, 424013, 424013, 1, 0, 4.54, 65886
4262, 4365, 9, 33, 426808, 426808, 426815, 426815, 1, 0, 4.54, 65885
4262, 3735, 9, 38, 428046, 428046, 428090, 428090, 1, 0, 4.54, 65884
4262, 4339, 9, 39, 429979, 429979, 429946, 429946, 1, 0, 4.54, 65883
4262, 2587, 9, 33, 430392, 430392, 430383, 430383, 1, 0, 4.54, 65882
4262, 3146, 9, 28, 431776, 431776, 431733, 431733, 1, 0, 4.54, 65881
4262, 4204, 9, 45, 432348, 432348, 432345, 432345, 1, 0, 4.54, 65880
4262, 3014, 9, 27, 433570, 433570, 433580, 433580, 1, 0, 4.54, 65879
4262, 2384, 9, 36, 434659, 434659, 434699, 434699, 1, 0, 4.53, 65878
4262, 3739, 9, 37, 434972, 434972, 435026, 435026, 1, 0, 4.53, 65877
4262, 2458, 9, 28, 436421, 436421, 436472, 436472, 1, 0, 4.53, 65876
4262, 2376, 9, 30, 437612, 437612, 437610, 437610, 1, 0, 4.53, 65875
4262, 4086, 9, 54, 439674, 439674, 439683, 439683, 1, 0, 4.53, 65874
4262, 3923, 9, 30, 443176, 443176, 443204, 443204, 1, 0, 4.53, 65873
4262, 2433, 9, 36, 444016, 444016, 443956, 443956, 1, 0, 4.53, 65872
4262, 4365, 10, 33, 446808, 446808, 446781, 446781, 1, 0, 4.53, 65871
4262, 3735, 10, 38, 448046, 448046, 448056, 448056, 1, 0, 4.53, 65870
4262, 4339, 10, 38, 449979, 449979, 449963, 449963, 1, 0, 4.54, 65869
4262, 2587, 10, 33, 450392, 450392, 450416, 450416, 1, 0, 4.54, 65868
4262, 3146, 10, 27, 451776, 451776, 451774, 451774, 1, 0, 4.54, 65867
4262, 4204, 10, 45, 452348, 452348, 452376, 452376, 1, 0, 4.54, 65866
4262, 3014, 10, 27, 453570, 453570, 453595, 453595, 1, 0, 4.54, 65865
4262, 2384, 10, 36, 454659, 454659, 454706, 454706, 1, 0, 4.54, 65864
4262, 3739, 10, 37, 454972, 454972, 454994, 454994, 1, 0, 4.54, 65863
4262, 2458, 10, 28, 456421, 456421, 456473, 456473, 1, 0, 4.54, 65862
4262, 2376, 10, 30, 457612, 457612, 457593, 457593, 1, 0, 4.54, 65861
4262, 4086, 10, 54, 459674, 459674, 459699, 459699, 1, 0, 4.54, 65860
4262, 3923, 10, 30, 463176, 463176, 463141, 463141, 1, 0, 4.54, 65859
4262, 2433, 10, 36, 464016, 464016, 464025, 464025, 1, 0, 4.54, 65858
4262, 4365, 11, 33, 466808, 466808, 466780, 466780, 1, 0, 4.53, 65857
4262, 3735, 11, 38, 468046, 468046, 468026, 468026, 1, 0, 4.53, 65856
4262, 4339, 11, 38, 469979, 469979, 469965, 469965, 1, 0, 4.53, 65855
4262, 2587, 11, 33, 470392, 470392, 470358, 470358, 1, 0, 4.53, 65854
4262, 3146, 11, 28, 471776, 471776, 471778, 471778, 1, 0, 4.53, 65853
4262, 4204, 11, 45, 472348, 472348, 472337, 472337, 1, 0, 4.53, 65852
4262, 3014, 11, 26, 473570, 473570, 473504, 473504, 1, 0, 4.53, 65851
4262, 2384, 11, 36, 474659, 474659, 474677, 474677, 1, 0, 4.53, 65850
4262, 3739, 11, 37, 474972, 474972, 474932, 474932, 1, 0, 4.53, 65849
4262, 2458, 11, 28, 476421, 476421, 476431, 476431, 1, 0, 4.53, 65848
4262, 2376, 11, 30, 477612, 477612, 477612, 477612, 1, 0, 4.53, 65847
4262, 4086, 11, 54, 479674, 479674, 479618, 479618, 1, 0, 4.53, 65846
4262, 3923, 11, 30, 483176, 483176, 483203, 483203, 1, 0, 4.52, 65845
4262, 2433, 11, 36, 484016, 484016, 484026, 484026, 1, 0, 4.52, 65844
4262, 4365, 12, 33, 486808, 486808, 486771, 486771, 1, 0, 4.52, 65843
4262, 3735, 12, 38, 488046, 488046, 488017, 488017, 1, 0, 4.52, 65842
4262, 4339, 12, 38, 489979, 489979, 489928, 489928, 1, 0, 4.52, 65841
4262, 2587, 12, 33, 490392, 490392, 490379, 490379, 1, 0, 4.52, 65840
4262, 3146, 12, 28, 491776, 491776, 491723, 491723, 1, 0, 4.52, 65839
4262, 4204, 12, 45, 492348, 492348, 492356, 492356, 1, 0, 4.52, 65838
4262, 3014, 12, 27, 493570, 493570, 493587, 493587, 1, 0, 4.52, 65837
4262, 2384, 12, 36, 494659, 494659, 494637, 494637, 1, 0, 4.53, 65836
4262, 3739, 12, 37, 494972, 494972, 494916, 494916, 1, 0, 4.53, 65835
4262, 2458, 12, 28, 496421, 496421, 496410, 496410, 1, 0, 4.53, 65834
4262, 2376, 12, 31, 497612, 497612, 497615, 497615, 1, 0, 4.53, 65833
4262, 4086, 12, 54, 499674, 499674, 499616, 499616, 1, 0, 4.53, 65832
4262, 3923, 12, 30, 503176, 503176, 503175, 503175, 1, 0, 4.53, 65831
4262, 2433, 12, 36, 504016, 504016, 504027, 504027, 1, 0, 4.53, 65830
4262, 4365, 13, 33, 506808, 506808, 506760, 506760, 1, 0, 4.53, 65829
4262, 3735, 13, 38, 508046, 508046, 508058, 508058, 1, 0, 4.53, 65828
4262, 4339, 13, 38, 509979, 509979, 509977, 509977, 1, 0, 4.54, 65827
4262, 2587, 13, 33, 510392, 510392, 510366, 510366, 1, 0, 4.54, 65826
4262, 3146, 13, 27, 511776, 511776, 511819, 511819, 1, 0, 4.54, 65825
4262, 4204, 13, 45, 512348, 512348, 512364, 512364, 1, 0, 4.54, 65824
4262, 3014, 13, 27, 513570, 513570, 513582, 513582, 1, 0, 4.54, 65823
4262, 2384, 13, 36, 514659, 514659, 514702, 514702, 1, 0, 4.54, 65822
4262, 3739, 13, 37, 514972, 514972, 515012, 515012, 1, 0, 4.54, 65821
4262, 2458, 13, 28, 516421, 516421, 516409, 516409, 1, 0, 4.54, 65820
4262, 2376, 13, 31, 517612, 517612, 517617, 517617, 1, 0, 4.54, 65819
4262, 4086, 13, 54, 519674, 519674, 519661, 519661, 1, 0, 4.54, 65818
4262, 3923, 13, 30, 523176, 523176, 523203, 523203, 1, 0, 4.54, 65817
4262, 2433, 13, 36, 524016, 524016, 524044, 524044, 1, 0, 4.54, 65816
4262, 4365, 14, 33, 526808, 526808, 526796, 526796, 1, 0, 4.53, 65815
4262, 3735, 14, 38, 528046, 528046, 528023, 528023, 1, 0, 4.53, 65814
4262, 4339, 14, 38, 529979, 529979, 529971, 529971, 1, 0, 4.53, 65813
4262, 2587, 14, 33, 530392, 530392, 530401, 530401, 1, 0, 4.53, 65812
4262, 3146, 14, 28, 531776, 531776, 531807, 531807, 1, 0, 4.53, 65811
4262, 4204, 14, 45, 532348, 532348, 532341, 532341, 1, 0, 4.53, 65810
4262, 3014, 14, 27, 533570, 533570, 533589, 533589, 1, 0, 4.53, 65809
4262, 2458, 14, 28, 536421, 536421, 536428, 536428, 1, 0, 4.53, 65808
4262, 2376, 14, 30, 537612, 537612, 537652, 537652, 1, 0, 4.53, 65807
4262, 4086, 14, 54, 539674, 539674, 539661, 539661, 1, 0, 4.53, 65806
4262, 3923, 14, 30, 543176, 543176, 543171, 543171, 1, 0, 4.54, 65805
4262, 4086, 15, 54, 559674, 559674, 559683, 559683, 1, 0, 4.54, 65792
4262, 3923, 15, 30, 563176, 563176, 563212, 563212, 1, 0, 4.54, 65791
4262, 2433, 15, 36, 564016, 564016, 564002, 564002, 1, 0, 4.54, 65790
4262, 4365, 16, 33, 566808, 566808, 566812, 566812, 1, 0, 4.54, 65789
